#
# A fatal error has been detected by the Java Runtime Environment:
#
#  EXCEPTION_ACCESS_VIOLATION (0xc0000005) at pc=0x00007ffbcbe5f94d, pid=10488, tid=7444
#
# JRE version: OpenJDK Runtime Environment (11.0.13) (build 11.0.13+0-b1751.21-8125866)
# Java VM: OpenJDK 64-Bit Server VM (11.0.13+0-b1751.21-8125866, mixed mode, tiered, compressed oops, g1 gc, windows-amd64)
# Problematic frame:
# V  [jvm.dll+0x2bf94d]
#
# No core dump will be written. Minidumps are not enabled by default on client versions of Windows
#
# If you would like to submit a bug report, please visit:
#   https://bugreport.java.com/bugreport/crash.jsp
#

---------------  S U M M A R Y ------------

Command Line: --add-opens=java.base/java.util=ALL-UNNAMED --add-opens=java.base/java.lang=ALL-UNNAMED --add-opens=java.base/java.lang.invoke=ALL-UNNAMED --add-opens=java.base/java.util=ALL-UNNAMED --add-opens=java.prefs/java.util.prefs=ALL-UNNAMED --add-opens=java.prefs/java.util.prefs=ALL-UNNAMED --add-opens=java.base/java.nio.charset=ALL-UNNAMED --add-opens=java.base/java.net=ALL-UNNAMED --add-opens=java.base/java.util.concurrent.atomic=ALL-UNNAMED -Xmx2048m -Dfile.encoding=UTF-8 -Duser.country=IN -Duser.language=en -Duser.variant org.gradle.launcher.daemon.bootstrap.GradleDaemon 7.3.3

Host: Intel(R) Core(TM) i7-3632QM CPU @ 2.20GHz, 8 cores, 7G,  Windows 10 , 64 bit Build 19041 (10.0.19041.2788)
Time: Mon May  8 20:34:19 2023 India Standard Time elapsed time: 36.556398 seconds (0d 0h 0m 36s)

---------------  T H R E A D  ---------------

Current thread (0x00000128e0092800):  JavaThread "C2 CompilerThread0" daemon [_thread_in_native, id=7444, stack(0x0000001215b00000,0x0000001215c00000)]


Current CompileTask:
C2:  36556 16240   !   4       com.sun.tools.javac.jvm.ClassReader::classSigToType (498 bytes)

Stack: [0x0000001215b00000,0x0000001215c00000],  sp=0x0000001215bfae20,  free space=1003k
Native frames: (J=compiled Java code, j=interpreted, Vv=VM code, C=native code)
V  [jvm.dll+0x2bf94d]
V  [jvm.dll+0x2bfb53]
V  [jvm.dll+0x524238]
V  [jvm.dll+0x20b193]
V  [jvm.dll+0x204ca0]
V  [jvm.dll+0x2023c2]
V  [jvm.dll+0x188e01]
V  [jvm.dll+0x21106b]
V  [jvm.dll+0x20f8c1]
V  [jvm.dll+0x70de0f]
V  [jvm.dll+0x706a75]
V  [jvm.dll+0x60ed66]
C  [ucrtbase.dll+0x21bb2]
C  [KERNEL32.DLL+0x17604]
C  [ntdll.dll+0x526a1]


siginfo: EXCEPTION_ACCESS_VIOLATION (0xc0000005), reading address 0xffffffffffffffff


Register to memory mapping:

RIP=0x00007ffbcbe5f94d jvm.dll
RAX=0x00000128e5377bb8 points into unknown readable memory: 0x00000128e5377df0 | f0 7d 37 e5 28 01 00 00
RBX=0x00008128e5377df0 is an unknown value
RCX=0x00008128e5377df0 is an unknown value
RDX=0x00000128ea59bae0 points into unknown readable memory: 0x00000128e53778a8 | a8 78 37 e5 28 01 00 00
RSP=0x0000001215bfae20 is pointing into the stack for thread: 0x00000128e0092800
RBP=0x0000001215bfae90 is pointing into the stack for thread: 0x00000128e0092800
RSI=0x0000000000000355 is an unknown value
RDI=0x0 is NULL
R8 =0x0000000000000400 is an unknown value
R9 =0x000000000000011f is an unknown value
R10=0x00000128ed01e7c0 points into unknown readable memory: 0x0000000000000001 | 01 00 00 00 00 00 00 00
R11=0x00000128ed0217a0 points into unknown readable memory: 0x0000210104050800 | 00 08 05 04 01 21 00 00
R12=0x0000001215bfb400 is pointing into the stack for thread: 0x00000128e0092800
R13=0x00000128e53778a8 points into unknown readable memory: 0x00007ffbcc3aea28 | 28 ea 3a cc fb 7f 00 00
R14=0x0000001215bfaf08 is pointing into the stack for thread: 0x00000128e0092800
R15=0x00000128e1742050 points into unknown readable memory: 0xffffffff00000001 | 01 00 00 00 ff ff ff ff


Registers:
RAX=0x00000128e5377bb8, RBX=0x00008128e5377df0, RCX=0x00008128e5377df0, RDX=0x00000128ea59bae0
RSP=0x0000001215bfae20, RBP=0x0000001215bfae90, RSI=0x0000000000000355, RDI=0x0000000000000000
R8 =0x0000000000000400, R9 =0x000000000000011f, R10=0x00000128ed01e7c0, R11=0x00000128ed0217a0
R12=0x0000001215bfb400, R13=0x00000128e53778a8, R14=0x0000001215bfaf08, R15=0x00000128e1742050
RIP=0x00007ffbcbe5f94d, EFLAGS=0x0000000000010246

Top of Stack: (sp=0x0000001215bfae20)
0x0000001215bfae20:   00000128ea58b050 000000000000000e
0x0000001215bfae30:   0000000000000000 0000000000000000
0x0000001215bfae40:   00000128ea59bae8 000005b9000000eb
0x0000001215bfae50:   0000000000000000 0000012800000007
0x0000001215bfae60:   00000128ed01e7d0 0000000000007fd8
0x0000001215bfae70:   00000128e008bd00 00000128e9854610
0x0000001215bfae80:   00000128e9844cc0 0000001215bfb400
0x0000001215bfae90:   00000128e1742050 0000000000000000
0x0000001215bfaea0:   00000128ea58b050 00007ffbcbe5fb53
0x0000001215bfaeb0:   00000128ea58b050 00000128e003b558
0x0000001215bfaec0:   0000000000000000 00000128e1742050
0x0000001215bfaed0:   000000000000f940 00000128ea58b050
0x0000001215bfaee0:   00000128e008bd00 00000128e9844cc0
0x0000001215bfaef0:   00000128e9854610 0000000000244358
0x0000001215bfaf00:   00000128e9854610 00007ffbcc438fa8
0x0000001215bfaf10:   00000128e008bd00 00007ffb00000200 

Instructions: (pc=0x00007ffbcbe5f94d)
0x00007ffbcbe5f84d:   75 0e 8b d1 48 8d 4d b8 e8 e6 3c f2 ff 8b 4d b8
0x00007ffbcbe5f85d:   48 63 c1 ff c1 89 4d b8 48 8b c8 48 8b 45 d0 48
0x00007ffbcbe5f86d:   89 1c c8 8b 45 b8 85 c0 0f 84 76 01 00 00 48 8b
0x00007ffbcbe5f87d:   5d 20 4c 89 6c 24 58 4c 8d 7b 58 4c 89 7d b0 0f
0x00007ffbcbe5f88d:   1f 40 00 ff c8 89 45 b8 48 63 c8 48 8b 45 d0 4c
0x00007ffbcbe5f89d:   8b 2c c8 41 8b 4d 28 8b c1 c1 e8 05 41 3b 46 10
0x00007ffbcbe5f8ad:   72 0d 49 8b 06 8b d1 49 8b ce ff 50 18 eb 29 83
0x00007ffbcbe5f8bd:   e1 1f 41 b8 01 00 00 00 41 d3 e0 8b c8 49 8b 46
0x00007ffbcbe5f8cd:   18 48 8d 14 88 8b 0c 88 8b c1 41 0b c8 89 0a 41
0x00007ffbcbe5f8dd:   23 c0 0f 85 f9 00 00 00 4d 89 6f f8 49 8d 57 f8
0x00007ffbcbe5f8ed:   41 8b 45 28 8b 0c 87 48 8d 04 89 48 c1 e0 04 48
0x00007ffbcbe5f8fd:   03 c3 49 89 47 08 41 8b 45 28 89 34 87 33 c0 49
0x00007ffbcbe5f90d:   89 47 18 49 89 47 30 41 89 37 49 89 57 10 49 89
0x00007ffbcbe5f91d:   5f 20 41 c7 47 04 01 00 00 00 41 8b 7d 20 85 ff
0x00007ffbcbe5f92d:   0f 8e 9d 00 00 00 4c 8b 7d 38 66 0f 1f 84 00 00
0x00007ffbcbe5f93d:   00 00 00 49 8b 45 10 ff cf 48 8b 1c f8 48 8b cb
0x00007ffbcbe5f94d:   48 8b 03 ff 50 10 84 c0 74 69 8b 43 28 41 3b 44
0x00007ffbcbe5f95d:   24 28 73 5f 49 8b 4c 24 30 48 83 3c c1 00 74 53
0x00007ffbcbe5f96d:   8b c8 c1 e9 05 41 3b 4e 10 73 1b 4d 8b 46 18 ba
0x00007ffbcbe5f97d:   01 00 00 00 44 8b c9 8b c8 83 e1 1f d3 e2 43 8b
0x00007ffbcbe5f98d:   0c 88 23 ca 75 2d 41 89 34 87 8b 4d b8 3b 4d bc
0x00007ffbcbe5f99d:   75 0e 8b d1 48 8d 4d b8 e8 96 3b f2 ff 8b 4d b8
0x00007ffbcbe5f9ad:   48 63 c1 ff c1 89 4d b8 48 8b c8 48 8b 45 d0 48
0x00007ffbcbe5f9bd:   89 1c c8 85 ff 0f 8f 78 ff ff ff 4c 8b 7d b0 48
0x00007ffbcbe5f9cd:   8b 5d 20 48 8b 7d 38 ff c6 49 83 c7 50 4c 89 7d
0x00007ffbcbe5f9dd:   b0 8b 45 b8 85 c0 0f 85 a7 fe ff ff 4c 8b 6c 24
0x00007ffbcbe5f9ed:   58 45 33 ff 48 83 7d c0 01 4c 8b 74 24 50 4c 8b
0x00007ffbcbe5f9fd:   64 24 60 48 8b 7c 24 68 48 8b 9c 24 98 00 00 00
0x00007ffbcbe5fa0d:   75 16 48 8b 55 d0 44 89 7d b8 48 85 d2 74 09 48
0x00007ffbcbe5fa1d:   8d 4d b8 e8 4b 58 22 00 8b c6 48 83 c4 70 41 5f
0x00007ffbcbe5fa2d:   5e 5d c3 48 89 4c 24 08 53 55 56 57 41 54 41 55
0x00007ffbcbe5fa3d:   41 56 41 57 48 81 ec 88 00 00 00 8b 15 be 4b 7a 


Stack slot to memory mapping:
stack at sp + 0 slots: 0x00000128ea58b050 points into unknown readable memory: 0x0000000000000000 | 00 00 00 00 00 00 00 00
stack at sp + 1 slots: 0x000000000000000e is an unknown value
stack at sp + 2 slots: 0x0 is NULL
stack at sp + 3 slots: 0x0 is NULL
stack at sp + 4 slots: 0x00000128ea59bae8 points into unknown readable memory: 0x0000000100000355 | 55 03 00 00 01 00 00 00
stack at sp + 5 slots: 0x000005b9000000eb is an unknown value
stack at sp + 6 slots: 0x0 is NULL
stack at sp + 7 slots: 0x0000012800000007 is an unknown value


---------------  P R O C E S S  ---------------

Threads class SMR info:
_java_thread_list=0x00000128e183ab00, length=140, elements={
0x00000128c33bc800, 0x00000128df82c800, 0x00000128df82d800, 0x00000128e008b000,
0x00000128e008d000, 0x00000128e008f000, 0x00000128e0092800, 0x00000128e0093800,
0x00000128e0094800, 0x00000128e0218000, 0x00000128e2507800, 0x00000128e37f3000,
0x00000128e24e4800, 0x00000128e2027800, 0x00000128e27fd000, 0x00000128e273d000,
0x00000128e17b4000, 0x00000128e251a000, 0x00000128e28cd000, 0x00000128e3707800,
0x00000128e2874000, 0x00000128e2873000, 0x00000128e2872800, 0x00000128e286e000,
0x00000128e286f000, 0x00000128e2875000, 0x00000128e2870000, 0x00000128e2870800,
0x00000128e2871800, 0x00000128e5115000, 0x00000128e5111800, 0x00000128e5112800,
0x00000128e510f000, 0x00000128e5115800, 0x00000128e5110000, 0x00000128e5116800,
0x00000128e5111000, 0x00000128e511b800, 0x00000128e5119000, 0x00000128e511c000,
0x00000128e5118000, 0x00000128e511a800, 0x00000128e511a000, 0x00000128e511d000,
0x00000128e5117800, 0x00000128e511e000, 0x00000128e3c99000, 0x00000128e3c9c800,
0x00000128e3c9f800, 0x00000128e3c9f000, 0x00000128e3c9b000, 0x00000128e3c9d800,
0x00000128e3c9e000, 0x00000128e3c9b800, 0x00000128e3c9a000, 0x00000128e3ca5800,
0x00000128e3ca4000, 0x00000128e3ca3000, 0x00000128e3ca6800, 0x00000128e3ca0800,
0x00000128e3ca2000, 0x00000128e3ca1800, 0x00000128e3ca4800, 0x00000128e3ca7000,
0x00000128e3ca8000, 0x00000128e5903000, 0x00000128e5906800, 0x00000128e5904800,
0x00000128e5905800, 0x00000128e5907000, 0x00000128e5904000, 0x00000128e5909800,
0x00000128e590d000, 0x00000128e5908800, 0x00000128e590a800, 0x00000128e590d800,
0x00000128e5908000, 0x00000128e590e800, 0x00000128e5911000, 0x00000128e590f800,
0x00000128e590b000, 0x00000128e5911800, 0x00000128e5910000, 0x00000128e590c000,
0x00000128e5d03800, 0x00000128e5d00000, 0x00000128e5d04000, 0x00000128e5d05000,
0x00000128e5d01800, 0x00000128e5cff800, 0x00000128e5d02800, 0x00000128e5d06000,
0x00000128e5d06800, 0x00000128e5d01000, 0x00000128e5d0a000, 0x00000128e5d0d000,
0x00000128e5d0a800, 0x00000128e5d0b800, 0x00000128e5d07800, 0x00000128e5d0c800,
0x00000128e5d0e000, 0x00000128e5d08800, 0x00000128e5d09000, 0x00000128e7a48000,
0x00000128e7a47000, 0x00000128e7a4c000, 0x00000128e7a46000, 0x00000128e7a4a800,
0x00000128e7a48800, 0x00000128e7a4b000, 0x00000128e7a4c800, 0x00000128e7a49800,
0x00000128e7a4e800, 0x00000128e7a52800, 0x00000128e7a50000, 0x00000128e7a51000,
0x00000128e7a51800, 0x00000128e7a4f000, 0x00000128e7a53000, 0x00000128e7a4d800,
0x00000128e7a54000, 0x00000128e7a55000, 0x00000128e8aae800, 0x00000128e8ab5000,
0x00000128e8ab1800, 0x00000128e8aaf000, 0x00000128e8ab4000, 0x00000128e8ab2800,
0x00000128e8ab3000, 0x00000128e8ab5800, 0x00000128e8ab0000, 0x00000128e8ab6800,
0x00000128e8ab0800, 0x00000128e8aba800, 0x00000128e8ab7800, 0x00000128e8abb800,
0x00000128e8abd000, 0x00000128e8ab8000, 0x00000128e1655800, 0x00000128eba17000
}

Java Threads: ( => current thread )
  0x00000128c33bc800 JavaThread "main" [_thread_blocked, id=2152, stack(0x0000001214f00000,0x0000001215000000)]
  0x00000128df82c800 JavaThread "Reference Handler" daemon [_thread_blocked, id=8868, stack(0x0000001215600000,0x0000001215700000)]
  0x00000128df82d800 JavaThread "Finalizer" daemon [_thread_blocked, id=9120, stack(0x0000001215700000,0x0000001215800000)]
  0x00000128e008b000 JavaThread "Signal Dispatcher" daemon [_thread_blocked, id=1120, stack(0x0000001215800000,0x0000001215900000)]
  0x00000128e008d000 JavaThread "Attach Listener" daemon [_thread_blocked, id=9608, stack(0x0000001215900000,0x0000001215a00000)]
  0x00000128e008f000 JavaThread "Service Thread" daemon [_thread_blocked, id=7008, stack(0x0000001215a00000,0x0000001215b00000)]
=>0x00000128e0092800 JavaThread "C2 CompilerThread0" daemon [_thread_in_native, id=7444, stack(0x0000001215b00000,0x0000001215c00000)]
  0x00000128e0093800 JavaThread "C1 CompilerThread0" daemon [_thread_blocked, id=6928, stack(0x0000001215c00000,0x0000001215d00000)]
  0x00000128e0094800 JavaThread "Sweeper thread" daemon [_thread_blocked, id=8892, stack(0x0000001215d00000,0x0000001215e00000)]
  0x00000128e0218000 JavaThread "Common-Cleaner" daemon [_thread_blocked, id=10948, stack(0x0000001215e00000,0x0000001215f00000)]
  0x00000128e2507800 JavaThread "Daemon health stats" [_thread_blocked, id=6892, stack(0x0000001216400000,0x0000001216500000)]
  0x00000128e37f3000 JavaThread "Incoming local TCP Connector on port 51247" [_thread_in_native, id=7312, stack(0x0000001216500000,0x0000001216600000)]
  0x00000128e24e4800 JavaThread "Daemon periodic checks" [_thread_blocked, id=8252, stack(0x0000001216600000,0x0000001216700000)]
  0x00000128e2027800 JavaThread "Daemon" [_thread_blocked, id=10656, stack(0x0000001216700000,0x0000001216800000)]
  0x00000128e27fd000 JavaThread "Handler for socket connection from /127.0.0.1:51247 to /127.0.0.1:51248" [_thread_in_native, id=8108, stack(0x0000001216800000,0x0000001216900000)]
  0x00000128e273d000 JavaThread "Cancel handler" [_thread_blocked, id=3624, stack(0x0000001216900000,0x0000001216a00000)]
  0x00000128e17b4000 JavaThread "Daemon worker" [_thread_blocked, id=10020, stack(0x0000001216a00000,0x0000001216b00000)]
  0x00000128e251a000 JavaThread "Asynchronous log dispatcher for DefaultDaemonConnection: socket connection from /127.0.0.1:51247 to /127.0.0.1:51248" [_thread_blocked, id=11820, stack(0x0000001216b00000,0x0000001216c00000)]
  0x00000128e28cd000 JavaThread "Stdin handler" [_thread_blocked, id=1828, stack(0x0000001216c00000,0x0000001216d00000)]
  0x00000128e3707800 JavaThread "Daemon client event forwarder" [_thread_blocked, id=2928, stack(0x0000001216d00000,0x0000001216e00000)]
  0x00000128e2874000 JavaThread "Cache worker for journal cache (C:\Users\hp\.gradle\caches\journal-1)" [_thread_blocked, id=9472, stack(0x0000001217300000,0x0000001217400000)]
  0x00000128e2873000 JavaThread "File lock request listener" [_thread_in_native, id=2840, stack(0x0000001217400000,0x0000001217500000)]
  0x00000128e2872800 JavaThread "Cache worker for file hash cache (C:\Users\hp\.gradle\caches\7.3.3\fileHashes)" [_thread_blocked, id=2240, stack(0x0000001217500000,0x0000001217600000)]
  0x00000128e286e000 JavaThread "Cache worker for file hash cache (C:\Users\hp\Desktop\Projects\Vastu\vasturealestate\.gradle\7.3.3\fileHashes)" [_thread_blocked, id=7220, stack(0x0000001216100000,0x0000001216200000)]
  0x00000128e286f000 JavaThread "File watcher server" daemon [_thread_in_native, id=10820, stack(0x0000001217700000,0x0000001217800000)]
  0x00000128e2875000 JavaThread "File watcher consumer" daemon [_thread_blocked, id=6592, stack(0x0000001217800000,0x0000001217900000)]
  0x00000128e2870000 JavaThread "Cache worker for checksums cache (C:\Users\hp\Desktop\Projects\Vastu\vasturealestate\.gradle\7.3.3\checksums)" [_thread_blocked, id=11844, stack(0x0000001217900000,0x0000001217a00000)]
  0x00000128e2870800 JavaThread "Cache worker for cache directory md-supplier (C:\Users\hp\.gradle\caches\7.3.3\md-supplier)" [_thread_blocked, id=2244, stack(0x0000001217a00000,0x0000001217b00000)]
  0x00000128e2871800 JavaThread "Cache worker for cache directory md-rule (C:\Users\hp\.gradle\caches\7.3.3\md-rule)" [_thread_blocked, id=7128, stack(0x0000001217b00000,0x0000001217c00000)]
  0x00000128e5115000 JavaThread "Cache worker for execution history cache (C:\Users\hp\.gradle\caches\7.3.3\executionHistory)" [_thread_blocked, id=2592, stack(0x0000001217c00000,0x0000001217d00000)]
  0x00000128e5111800 JavaThread "jar transforms" [_thread_blocked, id=452, stack(0x0000001217e00000,0x0000001217f00000)]
  0x00000128e5112800 JavaThread "Cache worker for file content cache (C:\Users\hp\.gradle\caches\7.3.3\fileContent)" [_thread_blocked, id=5824, stack(0x0000001217f00000,0x0000001218000000)]
  0x00000128e510f000 JavaThread "jar transforms Thread 2" [_thread_blocked, id=6264, stack(0x0000001218000000,0x0000001218100000)]
  0x00000128e5115800 JavaThread "Cache worker for dependencies-accessors (C:\Users\hp\Desktop\Projects\Vastu\vasturealestate\.gradle\7.3.3\dependencies-accessors)" [_thread_blocked, id=6332, stack(0x0000001218100000,0x0000001218200000)]
  0x00000128e5110000 JavaThread "jar transforms Thread 3" [_thread_blocked, id=7832, stack(0x0000001218200000,0x0000001218300000)]
  0x00000128e5116800 JavaThread "Cache worker for Build Output Cleanup Cache (C:\Users\hp\Desktop\Projects\Vastu\vasturealestate\.gradle\buildOutputCleanup)" [_thread_blocked, id=10576, stack(0x0000001218300000,0x0000001218400000)]
  0x00000128e5111000 JavaThread "Unconstrained build operations" [_thread_blocked, id=1100, stack(0x0000001218400000,0x0000001218500000)]
  0x00000128e511b800 JavaThread "Unconstrained build operations Thread 2" [_thread_blocked, id=8456, stack(0x0000001218500000,0x0000001218600000)]
  0x00000128e5119000 JavaThread "Unconstrained build operations Thread 3" [_thread_blocked, id=3908, stack(0x0000001218600000,0x0000001218700000)]
  0x00000128e511c000 JavaThread "Unconstrained build operations Thread 4" [_thread_blocked, id=7292, stack(0x0000001218700000,0x0000001218800000)]
  0x00000128e5118000 JavaThread "Unconstrained build operations Thread 5" [_thread_blocked, id=4176, stack(0x0000001218800000,0x0000001218900000)]
  0x00000128e511a800 JavaThread "Unconstrained build operations Thread 6" [_thread_blocked, id=10892, stack(0x0000001218900000,0x0000001218a00000)]
  0x00000128e511a000 JavaThread "Unconstrained build operations Thread 7" [_thread_blocked, id=6288, stack(0x0000001218a00000,0x0000001218b00000)]
  0x00000128e511d000 JavaThread "Unconstrained build operations Thread 8" [_thread_blocked, id=7912, stack(0x0000001218b00000,0x0000001218c00000)]
  0x00000128e5117800 JavaThread "Unconstrained build operations Thread 9" [_thread_blocked, id=11240, stack(0x0000001218c00000,0x0000001218d00000)]
  0x00000128e511e000 JavaThread "Unconstrained build operations Thread 10" [_thread_blocked, id=4956, stack(0x0000001218d00000,0x0000001218e00000)]
  0x00000128e3c99000 JavaThread "Unconstrained build operations Thread 11" [_thread_blocked, id=7596, stack(0x0000001218e00000,0x0000001218f00000)]
  0x00000128e3c9c800 JavaThread "Unconstrained build operations Thread 12" [_thread_blocked, id=972, stack(0x0000001218f00000,0x0000001219000000)]
  0x00000128e3c9f800 JavaThread "Unconstrained build operations Thread 13" [_thread_blocked, id=5848, stack(0x0000001219000000,0x0000001219100000)]
  0x00000128e3c9f000 JavaThread "Unconstrained build operations Thread 14" [_thread_blocked, id=7960, stack(0x0000001219100000,0x0000001219200000)]
  0x00000128e3c9b000 JavaThread "Unconstrained build operations Thread 15" [_thread_blocked, id=7132, stack(0x0000001219200000,0x0000001219300000)]
  0x00000128e3c9d800 JavaThread "Unconstrained build operations Thread 16" [_thread_blocked, id=1332, stack(0x0000001219300000,0x0000001219400000)]
  0x00000128e3c9e000 JavaThread "Unconstrained build operations Thread 17" [_thread_blocked, id=2924, stack(0x0000001219400000,0x0000001219500000)]
  0x00000128e3c9b800 JavaThread "Unconstrained build operations Thread 18" [_thread_blocked, id=7976, stack(0x0000001219500000,0x0000001219600000)]
  0x00000128e3c9a000 JavaThread "Unconstrained build operations Thread 19" [_thread_blocked, id=6820, stack(0x0000001219600000,0x0000001219700000)]
  0x00000128e3ca5800 JavaThread "Unconstrained build operations Thread 20" [_thread_blocked, id=7704, stack(0x0000001219700000,0x0000001219800000)]
  0x00000128e3ca4000 JavaThread "Unconstrained build operations Thread 21" [_thread_blocked, id=11832, stack(0x0000001219800000,0x0000001219900000)]
  0x00000128e3ca3000 JavaThread "Unconstrained build operations Thread 22" [_thread_blocked, id=11076, stack(0x0000001219900000,0x0000001219a00000)]
  0x00000128e3ca6800 JavaThread "Unconstrained build operations Thread 23" [_thread_blocked, id=5748, stack(0x0000001219a00000,0x0000001219b00000)]
  0x00000128e3ca0800 JavaThread "Unconstrained build operations Thread 24" [_thread_blocked, id=10460, stack(0x0000001219b00000,0x0000001219c00000)]
  0x00000128e3ca2000 JavaThread "Unconstrained build operations Thread 25" [_thread_blocked, id=3736, stack(0x0000001219c00000,0x0000001219d00000)]
  0x00000128e3ca1800 JavaThread "Unconstrained build operations Thread 26" [_thread_blocked, id=12172, stack(0x0000001219d00000,0x0000001219e00000)]
  0x00000128e3ca4800 JavaThread "Unconstrained build operations Thread 27" [_thread_blocked, id=4688, stack(0x0000001219e00000,0x0000001219f00000)]
  0x00000128e3ca7000 JavaThread "Unconstrained build operations Thread 28" [_thread_blocked, id=11444, stack(0x0000001219f00000,0x000000121a000000)]
  0x00000128e3ca8000 JavaThread "Unconstrained build operations Thread 29" [_thread_blocked, id=11300, stack(0x000000121a000000,0x000000121a100000)]
  0x00000128e5903000 JavaThread "Unconstrained build operations Thread 30" [_thread_blocked, id=8172, stack(0x000000121a100000,0x000000121a200000)]
  0x00000128e5906800 JavaThread "Unconstrained build operations Thread 31" [_thread_blocked, id=7324, stack(0x000000121a200000,0x000000121a300000)]
  0x00000128e5904800 JavaThread "Unconstrained build operations Thread 32" [_thread_blocked, id=6196, stack(0x000000121a300000,0x000000121a400000)]
  0x00000128e5905800 JavaThread "Unconstrained build operations Thread 33" [_thread_blocked, id=7736, stack(0x000000121a400000,0x000000121a500000)]
  0x00000128e5907000 JavaThread "Unconstrained build operations Thread 34" [_thread_blocked, id=3836, stack(0x000000121a500000,0x000000121a600000)]
  0x00000128e5904000 JavaThread "Unconstrained build operations Thread 35" [_thread_blocked, id=8732, stack(0x000000121a600000,0x000000121a700000)]
  0x00000128e5909800 JavaThread "Unconstrained build operations Thread 36" [_thread_blocked, id=10732, stack(0x000000121a700000,0x000000121a800000)]
  0x00000128e590d000 JavaThread "Unconstrained build operations Thread 37" [_thread_blocked, id=8564, stack(0x000000121a800000,0x000000121a900000)]
  0x00000128e5908800 JavaThread "Unconstrained build operations Thread 38" [_thread_blocked, id=9500, stack(0x000000121a900000,0x000000121aa00000)]
  0x00000128e590a800 JavaThread "Unconstrained build operations Thread 39" [_thread_blocked, id=10036, stack(0x000000121aa00000,0x000000121ab00000)]
  0x00000128e590d800 JavaThread "Unconstrained build operations Thread 40" [_thread_blocked, id=12192, stack(0x000000121ab00000,0x000000121ac00000)]
  0x00000128e5908000 JavaThread "Unconstrained build operations Thread 41" [_thread_blocked, id=5516, stack(0x000000121ac00000,0x000000121ad00000)]
  0x00000128e590e800 JavaThread "Unconstrained build operations Thread 42" [_thread_blocked, id=8424, stack(0x000000121ad00000,0x000000121ae00000)]
  0x00000128e5911000 JavaThread "Unconstrained build operations Thread 43" [_thread_blocked, id=940, stack(0x000000121ae00000,0x000000121af00000)]
  0x00000128e590f800 JavaThread "Unconstrained build operations Thread 44" [_thread_blocked, id=10744, stack(0x000000121af00000,0x000000121b000000)]
  0x00000128e590b000 JavaThread "Unconstrained build operations Thread 45" [_thread_blocked, id=5504, stack(0x000000121b000000,0x000000121b100000)]
  0x00000128e5911800 JavaThread "Unconstrained build operations Thread 46" [_thread_blocked, id=9984, stack(0x000000121b100000,0x000000121b200000)]
  0x00000128e5910000 JavaThread "Unconstrained build operations Thread 47" [_thread_blocked, id=1128, stack(0x000000121b200000,0x000000121b300000)]
  0x00000128e590c000 JavaThread "Unconstrained build operations Thread 48" [_thread_blocked, id=6904, stack(0x000000121b300000,0x000000121b400000)]
  0x00000128e5d03800 JavaThread "Unconstrained build operations Thread 49" [_thread_blocked, id=3076, stack(0x000000121b400000,0x000000121b500000)]
  0x00000128e5d00000 JavaThread "Unconstrained build operations Thread 50" [_thread_blocked, id=6300, stack(0x000000121b500000,0x000000121b600000)]
  0x00000128e5d04000 JavaThread "Unconstrained build operations Thread 51" [_thread_blocked, id=4092, stack(0x000000121b600000,0x000000121b700000)]
  0x00000128e5d05000 JavaThread "Unconstrained build operations Thread 52" [_thread_blocked, id=1864, stack(0x000000121b700000,0x000000121b800000)]
  0x00000128e5d01800 JavaThread "Unconstrained build operations Thread 53" [_thread_blocked, id=5052, stack(0x000000121b800000,0x000000121b900000)]
  0x00000128e5cff800 JavaThread "Unconstrained build operations Thread 54" [_thread_blocked, id=10248, stack(0x000000121b900000,0x000000121ba00000)]
  0x00000128e5d02800 JavaThread "Unconstrained build operations Thread 55" [_thread_blocked, id=6688, stack(0x000000121ba00000,0x000000121bb00000)]
  0x00000128e5d06000 JavaThread "Unconstrained build operations Thread 56" [_thread_blocked, id=11488, stack(0x000000121bb00000,0x000000121bc00000)]
  0x00000128e5d06800 JavaThread "Unconstrained build operations Thread 57" [_thread_blocked, id=2488, stack(0x000000121bc00000,0x000000121bd00000)]
  0x00000128e5d01000 JavaThread "Unconstrained build operations Thread 58" [_thread_blocked, id=11720, stack(0x000000121bd00000,0x000000121be00000)]
  0x00000128e5d0a000 JavaThread "Unconstrained build operations Thread 59" [_thread_blocked, id=5224, stack(0x000000121be00000,0x000000121bf00000)]
  0x00000128e5d0d000 JavaThread "Unconstrained build operations Thread 60" [_thread_blocked, id=804, stack(0x000000121bf00000,0x000000121c000000)]
  0x00000128e5d0a800 JavaThread "Unconstrained build operations Thread 61" [_thread_blocked, id=6472, stack(0x000000121c000000,0x000000121c100000)]
  0x00000128e5d0b800 JavaThread "Unconstrained build operations Thread 62" [_thread_blocked, id=9600, stack(0x000000121c100000,0x000000121c200000)]
  0x00000128e5d07800 JavaThread "Unconstrained build operations Thread 63" [_thread_blocked, id=3084, stack(0x000000121c200000,0x000000121c300000)]
  0x00000128e5d0c800 JavaThread "Unconstrained build operations Thread 64" [_thread_blocked, id=10212, stack(0x000000121c300000,0x000000121c400000)]
  0x00000128e5d0e000 JavaThread "Unconstrained build operations Thread 65" [_thread_blocked, id=8288, stack(0x000000121c400000,0x000000121c500000)]
  0x00000128e5d08800 JavaThread "Unconstrained build operations Thread 66" [_thread_blocked, id=2868, stack(0x000000121c500000,0x000000121c600000)]
  0x00000128e5d09000 JavaThread "Unconstrained build operations Thread 67" [_thread_blocked, id=1900, stack(0x000000121c600000,0x000000121c700000)]
  0x00000128e7a48000 JavaThread "Unconstrained build operations Thread 68" [_thread_blocked, id=7688, stack(0x000000121c700000,0x000000121c800000)]
  0x00000128e7a47000 JavaThread "Unconstrained build operations Thread 69" [_thread_blocked, id=5868, stack(0x000000121c800000,0x000000121c900000)]
  0x00000128e7a4c000 JavaThread "Unconstrained build operations Thread 70" [_thread_blocked, id=5796, stack(0x000000121c900000,0x000000121ca00000)]
  0x00000128e7a46000 JavaThread "Unconstrained build operations Thread 71" [_thread_blocked, id=5592, stack(0x000000121ca00000,0x000000121cb00000)]
  0x00000128e7a4a800 JavaThread "Unconstrained build operations Thread 72" [_thread_blocked, id=4496, stack(0x000000121cb00000,0x000000121cc00000)]
  0x00000128e7a48800 JavaThread "Unconstrained build operations Thread 73" [_thread_blocked, id=9392, stack(0x000000121cc00000,0x000000121cd00000)]
  0x00000128e7a4b000 JavaThread "Unconstrained build operations Thread 74" [_thread_blocked, id=5940, stack(0x000000121cd00000,0x000000121ce00000)]
  0x00000128e7a4c800 JavaThread "Unconstrained build operations Thread 75" [_thread_blocked, id=8880, stack(0x000000121ce00000,0x000000121cf00000)]
  0x00000128e7a49800 JavaThread "Unconstrained build operations Thread 76" [_thread_blocked, id=7284, stack(0x000000121cf00000,0x000000121d000000)]
  0x00000128e7a4e800 JavaThread "Unconstrained build operations Thread 77" [_thread_blocked, id=10388, stack(0x000000121d000000,0x000000121d100000)]
  0x00000128e7a52800 JavaThread "Unconstrained build operations Thread 78" [_thread_blocked, id=10420, stack(0x000000121d100000,0x000000121d200000)]
  0x00000128e7a50000 JavaThread "Unconstrained build operations Thread 79" [_thread_blocked, id=8680, stack(0x000000121d200000,0x000000121d300000)]
  0x00000128e7a51000 JavaThread "Unconstrained build operations Thread 80" [_thread_blocked, id=7712, stack(0x000000121d300000,0x000000121d400000)]
  0x00000128e7a51800 JavaThread "jar transforms Thread 4" [_thread_blocked, id=3360, stack(0x000000121d400000,0x000000121d500000)]
  0x00000128e7a4f000 JavaThread "jar transforms Thread 5" [_thread_blocked, id=3864, stack(0x000000121d500000,0x000000121d600000)]
  0x00000128e7a53000 JavaThread "jar transforms Thread 6" [_thread_blocked, id=2384, stack(0x000000121d600000,0x000000121d700000)]
  0x00000128e7a4d800 JavaThread "jar transforms Thread 7" [_thread_blocked, id=10424, stack(0x000000121d700000,0x000000121d800000)]
  0x00000128e7a54000 JavaThread "jar transforms Thread 8" [_thread_blocked, id=4172, stack(0x000000121d800000,0x000000121d900000)]
  0x00000128e7a55000 JavaThread "Memory manager" [_thread_blocked, id=4780, stack(0x000000121d900000,0x000000121da00000)]
  0x00000128e8aae800 JavaThread "build event listener" [_thread_blocked, id=1412, stack(0x000000121da00000,0x000000121db00000)]
  0x00000128e8ab5000 JavaThread "build event listener" [_thread_blocked, id=10268, stack(0x000000121db00000,0x000000121dc00000)]
  0x00000128e8ab1800 JavaThread "Execution worker for ':'" [_thread_blocked, id=4948, stack(0x000000121dc00000,0x000000121dd00000)]
  0x00000128e8aaf000 JavaThread "Execution worker for ':' Thread 2" [_thread_blocked, id=8696, stack(0x000000121dd00000,0x000000121de00000)]
  0x00000128e8ab4000 JavaThread "Execution worker for ':' Thread 3" [_thread_blocked, id=7064, stack(0x000000121de00000,0x000000121df00000)]
  0x00000128e8ab2800 JavaThread "Execution worker for ':' Thread 4" [_thread_blocked, id=5456, stack(0x000000121df00000,0x000000121e000000)]
  0x00000128e8ab3000 JavaThread "Execution worker for ':' Thread 5" [_thread_blocked, id=7116, stack(0x000000121e000000,0x000000121e100000)]
  0x00000128e8ab5800 JavaThread "Execution worker for ':' Thread 6" [_thread_blocked, id=11848, stack(0x000000121e100000,0x000000121e200000)]
  0x00000128e8ab0000 JavaThread "Execution worker for ':' Thread 7" [_thread_blocked, id=8912, stack(0x000000121e200000,0x000000121e300000)]
  0x00000128e8ab6800 JavaThread "Cache worker for execution history cache (C:\Users\hp\Desktop\Projects\Vastu\vasturealestate\.gradle\7.3.3\executionHistory)" [_thread_blocked, id=5440, stack(0x000000121e300000,0x000000121e400000)]
  0x00000128e8ab0800 JavaThread "RMI Scheduler(0)" daemon [_thread_blocked, id=4892, stack(0x0000001217d00000,0x0000001217e00000)]
  0x00000128e8aba800 JavaThread "RMI GC Daemon" daemon [_thread_blocked, id=5048, stack(0x000000121e500000,0x000000121e600000)]
  0x00000128e8ab7800 JavaThread "RMI TCP Accept-0" daemon [_thread_in_native, id=1612, stack(0x000000121e600000,0x000000121e700000)]
  0x00000128e8abb800 JavaThread "RMI Reaper" [_thread_blocked, id=6940, stack(0x000000121e700000,0x000000121e800000)]
  0x00000128e8abd000 JavaThread "RMI TCP Connection(1)-127.0.0.1" daemon [_thread_in_native, id=3256, stack(0x000000121e800000,0x000000121e900000)]
  0x00000128e8ab8000 JavaThread "WorkerExecutor Queue" [_thread_in_Java, id=3816, stack(0x000000121eb00000,0x000000121ec00000)]
  0x00000128e1655800 JavaThread "C2 CompilerThread1" daemon [_thread_in_native, id=6484, stack(0x0000001216000000,0x0000001216100000)]
  0x00000128eba17000 JavaThread "C2 CompilerThread2" daemon [_thread_in_native, id=11348, stack(0x000000121e400000,0x000000121e500000)]

Other Threads:
  0x00000128df829800 VMThread "VM Thread" [stack: 0x0000001215500000,0x0000001215600000] [id=9840]
  0x00000128e0233000 WatcherThread [stack: 0x0000001215f00000,0x0000001216000000] [id=11704]
  0x00000128c33d6000 GCTaskThread "GC Thread#0" [stack: 0x0000001215000000,0x0000001215100000] [id=11604]
  0x00000128e1015000 GCTaskThread "GC Thread#1" [stack: 0x0000001216200000,0x0000001216300000] [id=1404]
  0x00000128e0889800 GCTaskThread "GC Thread#2" [stack: 0x0000001216300000,0x0000001216400000] [id=7044]
  0x00000128e1b11000 GCTaskThread "GC Thread#3" [stack: 0x0000001216e00000,0x0000001216f00000] [id=11184]
  0x00000128e2ed8800 GCTaskThread "GC Thread#4" [stack: 0x0000001216f00000,0x0000001217000000] [id=7908]
  0x00000128e370a800 GCTaskThread "GC Thread#5" [stack: 0x0000001217000000,0x0000001217100000] [id=7892]
  0x00000128e2d50800 GCTaskThread "GC Thread#6" [stack: 0x0000001217100000,0x0000001217200000] [id=9136]
  0x00000128e1c60000 GCTaskThread "GC Thread#7" [stack: 0x0000001217200000,0x0000001217300000] [id=6816]
  0x00000128c3407000 ConcurrentGCThread "G1 Main Marker" [stack: 0x0000001215100000,0x0000001215200000] [id=7472]
  0x00000128c3409800 ConcurrentGCThread "G1 Conc#0" [stack: 0x0000001215200000,0x0000001215300000] [id=4736]
  0x00000128e337c800 ConcurrentGCThread "G1 Conc#1" [stack: 0x0000001217600000,0x0000001217700000] [id=11884]
  0x00000128df674800 ConcurrentGCThread "G1 Refine#0" [stack: 0x0000001215300000,0x0000001215400000] [id=3916]
  0x00000128df675800 ConcurrentGCThread "G1 Young RemSet Sampling" [stack: 0x0000001215400000,0x0000001215500000] [id=10100]

Threads with active compile tasks:
C2 CompilerThread0  36681 16240   !   4       com.sun.tools.javac.jvm.ClassReader::classSigToType (498 bytes)
C1 CompilerThread0  36681 16410       3       com.sun.tools.javac.tree.TreeInfo::symbol (104 bytes)
C2 CompilerThread1  36681 16383       4       com.sun.tools.javac.jvm.ClassReader::readPool (520 bytes)
C2 CompilerThread2  36681 16343       4       java.lang.String::replace (149 bytes)

VM state:not at safepoint (normal execution)

VM Mutex/Monitor currently owned by a thread: None

Heap address: 0x0000000080000000, size: 2048 MB, Compressed Oops mode: 32-bit
Narrow klass base: 0x0000000000000000, Narrow klass shift: 3
Compressed class space size: 1073741824 Address: 0x0000000100000000

Heap:
 garbage-first heap   total 227328K, used 160267K [0x0000000080000000, 0x0000000100000000)
  region size 1024K, 7 young (7168K), 6 survivors (6144K)
 Metaspace       used 109456K, capacity 112806K, committed 113052K, reserved 1146880K
  class space    used 13799K, capacity 15042K, committed 15128K, reserved 1048576K
Heap Regions: E=young(eden), S=young(survivor), O=old, HS=humongous(starts), HC=humongous(continues), CS=collection set, F=free, A=archive, TAMS=top-at-mark-start (previous, next)
|   0|0x0000000080000000, 0x0000000080100000, 0x0000000080100000|100%| O|  |TAMS 0x0000000080100000, 0x0000000080100000| Untracked 
|   1|0x0000000080100000, 0x0000000080200000, 0x0000000080200000|100%| O|  |TAMS 0x0000000080200000, 0x0000000080200000| Untracked 
|   2|0x0000000080200000, 0x0000000080300000, 0x0000000080300000|100%| O|  |TAMS 0x0000000080300000, 0x0000000080300000| Untracked 
|   3|0x0000000080300000, 0x0000000080400000, 0x0000000080400000|100%|HS|  |TAMS 0x0000000080400000, 0x0000000080400000| Complete 
|   4|0x0000000080400000, 0x0000000080500000, 0x0000000080500000|100%|HC|  |TAMS 0x0000000080500000, 0x0000000080500000| Complete 
|   5|0x0000000080500000, 0x0000000080600000, 0x0000000080600000|100%|HC|  |TAMS 0x0000000080600000, 0x0000000080600000| Complete 
|   6|0x0000000080600000, 0x0000000080700000, 0x0000000080700000|100%| O|  |TAMS 0x0000000080700000, 0x0000000080700000| Untracked 
|   7|0x0000000080700000, 0x0000000080800000, 0x0000000080800000|100%| O|  |TAMS 0x0000000080800000, 0x0000000080800000| Untracked 
|   8|0x0000000080800000, 0x0000000080900000, 0x0000000080900000|100%| O|  |TAMS 0x0000000080900000, 0x0000000080900000| Untracked 
|   9|0x0000000080900000, 0x0000000080a00000, 0x0000000080a00000|100%| O|  |TAMS 0x0000000080a00000, 0x0000000080a00000| Untracked 
|  10|0x0000000080a00000, 0x0000000080b00000, 0x0000000080b00000|100%| O|  |TAMS 0x0000000080b00000, 0x0000000080b00000| Untracked 
|  11|0x0000000080b00000, 0x0000000080c00000, 0x0000000080c00000|100%| O|  |TAMS 0x0000000080c00000, 0x0000000080c00000| Untracked 
|  12|0x0000000080c00000, 0x0000000080d00000, 0x0000000080d00000|100%| O|  |TAMS 0x0000000080d00000, 0x0000000080d00000| Untracked 
|  13|0x0000000080d00000, 0x0000000080e00000, 0x0000000080e00000|100%| O|  |TAMS 0x0000000080e00000, 0x0000000080e00000| Untracked 
|  14|0x0000000080e00000, 0x0000000080f00000, 0x0000000080f00000|100%| O|  |TAMS 0x0000000080f00000, 0x0000000080f00000| Untracked 
|  15|0x0000000080f00000, 0x0000000081000000, 0x0000000081000000|100%| O|  |TAMS 0x0000000081000000, 0x0000000081000000| Untracked 
|  16|0x0000000081000000, 0x0000000081100000, 0x0000000081100000|100%| O|  |TAMS 0x0000000081100000, 0x0000000081100000| Untracked 
|  17|0x0000000081100000, 0x0000000081200000, 0x0000000081200000|100%|HS|  |TAMS 0x0000000081200000, 0x0000000081200000| Complete 
|  18|0x0000000081200000, 0x0000000081300000, 0x0000000081300000|100%| O|  |TAMS 0x0000000081300000, 0x0000000081300000| Untracked 
|  19|0x0000000081300000, 0x0000000081400000, 0x0000000081400000|100%| O|  |TAMS 0x0000000081400000, 0x0000000081400000| Untracked 
|  20|0x0000000081400000, 0x0000000081500000, 0x0000000081500000|100%| O|  |TAMS 0x0000000081500000, 0x0000000081500000| Untracked 
|  21|0x0000000081500000, 0x0000000081600000, 0x0000000081600000|100%| O|  |TAMS 0x0000000081600000, 0x0000000081600000| Untracked 
|  22|0x0000000081600000, 0x0000000081700000, 0x0000000081700000|100%| O|  |TAMS 0x0000000081700000, 0x0000000081700000| Untracked 
|  23|0x0000000081700000, 0x0000000081800000, 0x0000000081800000|100%| O|  |TAMS 0x0000000081800000, 0x0000000081800000| Untracked 
|  24|0x0000000081800000, 0x0000000081900000, 0x0000000081900000|100%| O|  |TAMS 0x0000000081900000, 0x0000000081900000| Untracked 
|  25|0x0000000081900000, 0x0000000081a00000, 0x0000000081a00000|100%| O|  |TAMS 0x0000000081a00000, 0x0000000081a00000| Untracked 
|  26|0x0000000081a00000, 0x0000000081b00000, 0x0000000081b00000|100%| O|  |TAMS 0x0000000081b00000, 0x0000000081b00000| Untracked 
|  27|0x0000000081b00000, 0x0000000081c00000, 0x0000000081c00000|100%| O|  |TAMS 0x0000000081c00000, 0x0000000081c00000| Untracked 
|  28|0x0000000081c00000, 0x0000000081d00000, 0x0000000081d00000|100%|HS|  |TAMS 0x0000000081d00000, 0x0000000081d00000| Complete 
|  29|0x0000000081d00000, 0x0000000081e00000, 0x0000000081e00000|100%|HS|  |TAMS 0x0000000081e00000, 0x0000000081e00000| Complete 
|  30|0x0000000081e00000, 0x0000000081f00000, 0x0000000081f00000|100%|HS|  |TAMS 0x0000000081f00000, 0x0000000081f00000| Complete 
|  31|0x0000000081f00000, 0x0000000082000000, 0x0000000082000000|100%|HC|  |TAMS 0x0000000082000000, 0x0000000082000000| Complete 
|  32|0x0000000082000000, 0x0000000082100000, 0x0000000082100000|100%|HC|  |TAMS 0x0000000082100000, 0x0000000082100000| Complete 
|  33|0x0000000082100000, 0x0000000082200000, 0x0000000082200000|100%|HS|  |TAMS 0x0000000082200000, 0x0000000082200000| Complete 
|  34|0x0000000082200000, 0x0000000082300000, 0x0000000082300000|100%|HC|  |TAMS 0x0000000082300000, 0x0000000082300000| Complete 
|  35|0x0000000082300000, 0x0000000082400000, 0x0000000082400000|100%| O|  |TAMS 0x0000000082400000, 0x0000000082400000| Untracked 
|  36|0x0000000082400000, 0x0000000082500000, 0x0000000082500000|100%| O|  |TAMS 0x0000000082500000, 0x0000000082500000| Untracked 
|  37|0x0000000082500000, 0x0000000082600000, 0x0000000082600000|100%| O|  |TAMS 0x0000000082600000, 0x0000000082600000| Untracked 
|  38|0x0000000082600000, 0x0000000082700000, 0x0000000082700000|100%| O|  |TAMS 0x0000000082700000, 0x0000000082700000| Untracked 
|  39|0x0000000082700000, 0x0000000082800000, 0x0000000082800000|100%| O|  |TAMS 0x0000000082800000, 0x0000000082800000| Untracked 
|  40|0x0000000082800000, 0x0000000082900000, 0x0000000082900000|100%| O|  |TAMS 0x0000000082900000, 0x0000000082900000| Untracked 
|  41|0x0000000082900000, 0x0000000082a00000, 0x0000000082a00000|100%| O|  |TAMS 0x0000000082a00000, 0x0000000082a00000| Untracked 
|  42|0x0000000082a00000, 0x0000000082b00000, 0x0000000082b00000|100%| O|  |TAMS 0x0000000082b00000, 0x0000000082b00000| Untracked 
|  43|0x0000000082b00000, 0x0000000082c00000, 0x0000000082c00000|100%| O|  |TAMS 0x0000000082c00000, 0x0000000082c00000| Untracked 
|  44|0x0000000082c00000, 0x0000000082d00000, 0x0000000082d00000|100%| O|  |TAMS 0x0000000082d00000, 0x0000000082d00000| Untracked 
|  45|0x0000000082d00000, 0x0000000082e00000, 0x0000000082e00000|100%| O|  |TAMS 0x0000000082e00000, 0x0000000082e00000| Untracked 
|  46|0x0000000082e00000, 0x0000000082f00000, 0x0000000082f00000|100%| O|  |TAMS 0x0000000082f00000, 0x0000000082f00000| Untracked 
|  47|0x0000000082f00000, 0x0000000083000000, 0x0000000083000000|100%| O|  |TAMS 0x0000000083000000, 0x0000000083000000| Untracked 
|  48|0x0000000083000000, 0x0000000083100000, 0x0000000083100000|100%| O|  |TAMS 0x0000000083100000, 0x0000000083100000| Untracked 
|  49|0x0000000083100000, 0x0000000083200000, 0x0000000083200000|100%| O|  |TAMS 0x0000000083200000, 0x0000000083200000| Untracked 
|  50|0x0000000083200000, 0x0000000083300000, 0x0000000083300000|100%| O|  |TAMS 0x0000000083300000, 0x0000000083300000| Untracked 
|  51|0x0000000083300000, 0x0000000083400000, 0x0000000083400000|100%| O|  |TAMS 0x0000000083400000, 0x0000000083400000| Untracked 
|  52|0x0000000083400000, 0x0000000083500000, 0x0000000083500000|100%| O|  |TAMS 0x0000000083500000, 0x0000000083500000| Untracked 
|  53|0x0000000083500000, 0x0000000083600000, 0x0000000083600000|100%| O|  |TAMS 0x0000000083600000, 0x0000000083600000| Untracked 
|  54|0x0000000083600000, 0x0000000083700000, 0x0000000083700000|100%| O|  |TAMS 0x0000000083700000, 0x0000000083700000| Untracked 
|  55|0x0000000083700000, 0x0000000083800000, 0x0000000083800000|100%| O|  |TAMS 0x0000000083800000, 0x0000000083800000| Untracked 
|  56|0x0000000083800000, 0x0000000083900000, 0x0000000083900000|100%| O|  |TAMS 0x0000000083900000, 0x0000000083900000| Untracked 
|  57|0x0000000083900000, 0x0000000083a00000, 0x0000000083a00000|100%| O|  |TAMS 0x0000000083a00000, 0x0000000083a00000| Untracked 
|  58|0x0000000083a00000, 0x0000000083b00000, 0x0000000083b00000|100%| O|  |TAMS 0x0000000083b00000, 0x0000000083b00000| Untracked 
|  59|0x0000000083b00000, 0x0000000083c00000, 0x0000000083c00000|100%| O|  |TAMS 0x0000000083c00000, 0x0000000083c00000| Untracked 
|  60|0x0000000083c00000, 0x0000000083d00000, 0x0000000083d00000|100%| O|  |TAMS 0x0000000083d00000, 0x0000000083d00000| Untracked 
|  61|0x0000000083d00000, 0x0000000083e00000, 0x0000000083e00000|100%| O|  |TAMS 0x0000000083e00000, 0x0000000083e00000| Untracked 
|  62|0x0000000083e00000, 0x0000000083f00000, 0x0000000083f00000|100%| O|  |TAMS 0x0000000083f00000, 0x0000000083f00000| Untracked 
|  63|0x0000000083f00000, 0x0000000084000000, 0x0000000084000000|100%| O|  |TAMS 0x0000000084000000, 0x0000000084000000| Untracked 
|  64|0x0000000084000000, 0x0000000084100000, 0x0000000084100000|100%| O|  |TAMS 0x0000000084100000, 0x0000000084100000| Untracked 
|  65|0x0000000084100000, 0x0000000084200000, 0x0000000084200000|100%| O|  |TAMS 0x0000000084200000, 0x0000000084200000| Untracked 
|  66|0x0000000084200000, 0x0000000084300000, 0x0000000084300000|100%| O|  |TAMS 0x0000000084300000, 0x0000000084300000| Untracked 
|  67|0x0000000084300000, 0x0000000084400000, 0x0000000084400000|100%| O|  |TAMS 0x0000000084400000, 0x0000000084400000| Untracked 
|  68|0x0000000084400000, 0x0000000084500000, 0x0000000084500000|100%| O|  |TAMS 0x0000000084500000, 0x0000000084500000| Untracked 
|  69|0x0000000084500000, 0x0000000084600000, 0x0000000084600000|100%| O|  |TAMS 0x0000000084600000, 0x0000000084600000| Untracked 
|  70|0x0000000084600000, 0x0000000084700000, 0x0000000084700000|100%| O|  |TAMS 0x0000000084700000, 0x0000000084700000| Untracked 
|  71|0x0000000084700000, 0x0000000084800000, 0x0000000084800000|100%| O|  |TAMS 0x0000000084800000, 0x0000000084800000| Untracked 
|  72|0x0000000084800000, 0x0000000084900000, 0x0000000084900000|100%| O|  |TAMS 0x0000000084900000, 0x0000000084900000| Untracked 
|  73|0x0000000084900000, 0x0000000084a00000, 0x0000000084a00000|100%| O|  |TAMS 0x0000000084a00000, 0x0000000084a00000| Untracked 
|  74|0x0000000084a00000, 0x0000000084b00000, 0x0000000084b00000|100%| O|  |TAMS 0x0000000084b00000, 0x0000000084b00000| Untracked 
|  75|0x0000000084b00000, 0x0000000084c00000, 0x0000000084c00000|100%| O|  |TAMS 0x0000000084c00000, 0x0000000084c00000| Untracked 
|  76|0x0000000084c00000, 0x0000000084d00000, 0x0000000084d00000|100%| O|  |TAMS 0x0000000084d00000, 0x0000000084d00000| Untracked 
|  77|0x0000000084d00000, 0x0000000084e00000, 0x0000000084e00000|100%| O|  |TAMS 0x0000000084e00000, 0x0000000084e00000| Untracked 
|  78|0x0000000084e00000, 0x0000000084f00000, 0x0000000084f00000|100%| O|  |TAMS 0x0000000084f00000, 0x0000000084f00000| Untracked 
|  79|0x0000000084f00000, 0x0000000085000000, 0x0000000085000000|100%| O|  |TAMS 0x0000000085000000, 0x0000000085000000| Untracked 
|  80|0x0000000085000000, 0x0000000085100000, 0x0000000085100000|100%| O|  |TAMS 0x0000000085100000, 0x0000000085100000| Untracked 
|  81|0x0000000085100000, 0x0000000085200000, 0x0000000085200000|100%| O|  |TAMS 0x0000000085200000, 0x0000000085200000| Untracked 
|  82|0x0000000085200000, 0x0000000085300000, 0x0000000085300000|100%| O|  |TAMS 0x0000000085300000, 0x0000000085300000| Untracked 
|  83|0x0000000085300000, 0x0000000085400000, 0x0000000085400000|100%| O|  |TAMS 0x0000000085400000, 0x0000000085400000| Untracked 
|  84|0x0000000085400000, 0x0000000085500000, 0x0000000085500000|100%| O|  |TAMS 0x0000000085500000, 0x0000000085500000| Untracked 
|  85|0x0000000085500000, 0x0000000085600000, 0x0000000085600000|100%| O|  |TAMS 0x0000000085600000, 0x0000000085600000| Untracked 
|  86|0x0000000085600000, 0x0000000085700000, 0x0000000085700000|100%| O|  |TAMS 0x0000000085700000, 0x0000000085700000| Untracked 
|  87|0x0000000085700000, 0x0000000085800000, 0x0000000085800000|100%| O|  |TAMS 0x0000000085800000, 0x0000000085800000| Untracked 
|  88|0x0000000085800000, 0x0000000085900000, 0x0000000085900000|100%| O|  |TAMS 0x0000000085900000, 0x0000000085900000| Untracked 
|  89|0x0000000085900000, 0x0000000085a00000, 0x0000000085a00000|100%| O|  |TAMS 0x0000000085a00000, 0x0000000085a00000| Untracked 
|  90|0x0000000085a00000, 0x0000000085b00000, 0x0000000085b00000|100%| O|  |TAMS 0x0000000085b00000, 0x0000000085b00000| Untracked 
|  91|0x0000000085b00000, 0x0000000085c00000, 0x0000000085c00000|100%| O|  |TAMS 0x0000000085c00000, 0x0000000085c00000| Untracked 
|  92|0x0000000085c00000, 0x0000000085d00000, 0x0000000085d00000|100%| O|  |TAMS 0x0000000085d00000, 0x0000000085d00000| Untracked 
|  93|0x0000000085d00000, 0x0000000085e00000, 0x0000000085e00000|100%| O|  |TAMS 0x0000000085e00000, 0x0000000085e00000| Untracked 
|  94|0x0000000085e00000, 0x0000000085f00000, 0x0000000085f00000|100%| O|  |TAMS 0x0000000085f00000, 0x0000000085f00000| Untracked 
|  95|0x0000000085f00000, 0x0000000086000000, 0x0000000086000000|100%| O|  |TAMS 0x0000000086000000, 0x0000000086000000| Untracked 
|  96|0x0000000086000000, 0x0000000086100000, 0x0000000086100000|100%| O|  |TAMS 0x0000000086100000, 0x0000000086100000| Untracked 
|  97|0x0000000086100000, 0x0000000086200000, 0x0000000086200000|100%| O|  |TAMS 0x0000000086200000, 0x0000000086200000| Untracked 
|  98|0x0000000086200000, 0x0000000086300000, 0x0000000086300000|100%| O|  |TAMS 0x0000000086300000, 0x0000000086300000| Untracked 
|  99|0x0000000086300000, 0x0000000086400000, 0x0000000086400000|100%| O|  |TAMS 0x0000000086400000, 0x0000000086400000| Untracked 
| 100|0x0000000086400000, 0x0000000086500000, 0x0000000086500000|100%| O|  |TAMS 0x0000000086500000, 0x0000000086500000| Untracked 
| 101|0x0000000086500000, 0x0000000086600000, 0x0000000086600000|100%| O|  |TAMS 0x0000000086600000, 0x0000000086600000| Untracked 
| 102|0x0000000086600000, 0x0000000086700000, 0x0000000086700000|100%| O|  |TAMS 0x0000000086700000, 0x0000000086700000| Untracked 
| 103|0x0000000086700000, 0x0000000086800000, 0x0000000086800000|100%| O|  |TAMS 0x0000000086800000, 0x0000000086800000| Untracked 
| 104|0x0000000086800000, 0x0000000086900000, 0x0000000086900000|100%| O|  |TAMS 0x0000000086900000, 0x0000000086900000| Untracked 
| 105|0x0000000086900000, 0x0000000086a00000, 0x0000000086a00000|100%| O|  |TAMS 0x0000000086a00000, 0x0000000086a00000| Untracked 
| 106|0x0000000086a00000, 0x0000000086b00000, 0x0000000086b00000|100%| O|  |TAMS 0x0000000086b00000, 0x0000000086b00000| Untracked 
| 107|0x0000000086b00000, 0x0000000086c00000, 0x0000000086c00000|100%| O|  |TAMS 0x0000000086c00000, 0x0000000086c00000| Untracked 
| 108|0x0000000086c00000, 0x0000000086d00000, 0x0000000086d00000|100%| O|  |TAMS 0x0000000086d00000, 0x0000000086d00000| Untracked 
| 109|0x0000000086d00000, 0x0000000086e00000, 0x0000000086e00000|100%| O|  |TAMS 0x0000000086e00000, 0x0000000086e00000| Untracked 
| 110|0x0000000086e00000, 0x0000000086f00000, 0x0000000086f00000|100%| O|  |TAMS 0x0000000086f00000, 0x0000000086f00000| Untracked 
| 111|0x0000000086f00000, 0x0000000087000000, 0x0000000087000000|100%| O|  |TAMS 0x0000000087000000, 0x0000000087000000| Untracked 
| 112|0x0000000087000000, 0x0000000087100000, 0x0000000087100000|100%| O|  |TAMS 0x0000000087100000, 0x0000000087100000| Untracked 
| 113|0x0000000087100000, 0x0000000087200000, 0x0000000087200000|100%| O|  |TAMS 0x0000000087200000, 0x0000000087200000| Untracked 
| 114|0x0000000087200000, 0x0000000087300000, 0x0000000087300000|100%| O|  |TAMS 0x0000000087300000, 0x0000000087300000| Untracked 
| 115|0x0000000087300000, 0x0000000087400000, 0x0000000087400000|100%| O|  |TAMS 0x0000000087400000, 0x0000000087400000| Untracked 
| 116|0x0000000087400000, 0x0000000087500000, 0x0000000087500000|100%| O|  |TAMS 0x0000000087500000, 0x0000000087500000| Untracked 
| 117|0x0000000087500000, 0x0000000087600000, 0x0000000087600000|100%| O|  |TAMS 0x0000000087600000, 0x0000000087600000| Untracked 
| 118|0x0000000087600000, 0x0000000087700000, 0x0000000087700000|100%| O|  |TAMS 0x0000000087700000, 0x0000000087700000| Untracked 
| 119|0x0000000087700000, 0x0000000087800000, 0x0000000087800000|100%| O|  |TAMS 0x0000000087800000, 0x0000000087800000| Untracked 
| 120|0x0000000087800000, 0x0000000087900000, 0x0000000087900000|100%| O|  |TAMS 0x0000000087900000, 0x0000000087900000| Untracked 
| 121|0x0000000087900000, 0x0000000087a00000, 0x0000000087a00000|100%| O|  |TAMS 0x0000000087a00000, 0x0000000087a00000| Untracked 
| 122|0x0000000087a00000, 0x0000000087b00000, 0x0000000087b00000|100%| O|  |TAMS 0x0000000087b00000, 0x0000000087b00000| Untracked 
| 123|0x0000000087b00000, 0x0000000087c00000, 0x0000000087c00000|100%| O|  |TAMS 0x0000000087c00000, 0x0000000087c00000| Untracked 
| 124|0x0000000087c00000, 0x0000000087d00000, 0x0000000087d00000|100%| O|  |TAMS 0x0000000087d00000, 0x0000000087d00000| Untracked 
| 125|0x0000000087d00000, 0x0000000087e00000, 0x0000000087e00000|100%| O|  |TAMS 0x0000000087e00000, 0x0000000087e00000| Untracked 
| 126|0x0000000087e00000, 0x0000000087f00000, 0x0000000087f00000|100%|HS|  |TAMS 0x0000000087f00000, 0x0000000087f00000| Complete 
| 127|0x0000000087f00000, 0x0000000088000000, 0x0000000088000000|100%|HC|  |TAMS 0x0000000088000000, 0x0000000088000000| Complete 
| 128|0x0000000088000000, 0x0000000088100000, 0x0000000088100000|100%|HC|  |TAMS 0x0000000088100000, 0x0000000088100000| Complete 
| 129|0x0000000088100000, 0x0000000088200000, 0x0000000088200000|100%| O|  |TAMS 0x0000000088200000, 0x0000000088200000| Untracked 
| 130|0x0000000088200000, 0x0000000088300000, 0x0000000088300000|100%| O|  |TAMS 0x0000000088300000, 0x0000000088300000| Untracked 
| 131|0x0000000088300000, 0x0000000088400000, 0x0000000088400000|100%| O|  |TAMS 0x0000000088400000, 0x0000000088400000| Untracked 
| 132|0x0000000088400000, 0x0000000088500000, 0x0000000088500000|100%| O|  |TAMS 0x0000000088500000, 0x0000000088500000| Untracked 
| 133|0x0000000088500000, 0x0000000088600000, 0x0000000088600000|100%| O|  |TAMS 0x0000000088600000, 0x0000000088600000| Untracked 
| 134|0x0000000088600000, 0x0000000088700000, 0x0000000088700000|100%| O|  |TAMS 0x0000000088700000, 0x0000000088700000| Untracked 
| 135|0x0000000088700000, 0x0000000088800000, 0x0000000088800000|100%| O|  |TAMS 0x0000000088800000, 0x0000000088800000| Untracked 
| 136|0x0000000088800000, 0x0000000088900000, 0x0000000088900000|100%| O|  |TAMS 0x0000000088900000, 0x0000000088900000| Untracked 
| 137|0x0000000088900000, 0x0000000088a00000, 0x0000000088a00000|100%|HS|  |TAMS 0x0000000088900000, 0x0000000088a00000| Complete 
| 138|0x0000000088a00000, 0x0000000088b00000, 0x0000000088b00000|100%|HC|  |TAMS 0x0000000088a00000, 0x0000000088b00000| Complete 
| 139|0x0000000088b00000, 0x0000000088c00000, 0x0000000088c00000|100%| O|  |TAMS 0x0000000088c00000, 0x0000000088c00000| Untracked 
| 140|0x0000000088c00000, 0x0000000088d00000, 0x0000000088d00000|100%| O|  |TAMS 0x0000000088d00000, 0x0000000088d00000| Untracked 
| 141|0x0000000088d00000, 0x0000000088e00000, 0x0000000088e00000|100%| O|  |TAMS 0x0000000088e00000, 0x0000000088e00000| Untracked 
| 142|0x0000000088e00000, 0x0000000088f00000, 0x0000000088f00000|100%| O|  |TAMS 0x0000000088e57e00, 0x0000000088f00000| Untracked 
| 143|0x0000000088f00000, 0x0000000089000000, 0x0000000089000000|100%| O|  |TAMS 0x0000000088f00000, 0x0000000089000000| Untracked 
| 144|0x0000000089000000, 0x0000000089100000, 0x0000000089100000|100%| O|  |TAMS 0x0000000089000000, 0x0000000089100000| Untracked 
| 145|0x0000000089100000, 0x0000000089200000, 0x0000000089200000|100%| O|  |TAMS 0x0000000089100000, 0x0000000089200000| Untracked 
| 146|0x0000000089200000, 0x0000000089300000, 0x0000000089300000|100%| O|  |TAMS 0x0000000089200000, 0x0000000089300000| Untracked 
| 147|0x0000000089300000, 0x0000000089400000, 0x0000000089400000|100%| O|  |TAMS 0x0000000089300000, 0x0000000089400000| Untracked 
| 148|0x0000000089400000, 0x0000000089500000, 0x0000000089500000|100%| O|  |TAMS 0x0000000089400000, 0x0000000089500000| Untracked 
| 149|0x0000000089500000, 0x0000000089582e00, 0x0000000089600000| 51%| O|  |TAMS 0x0000000089500000, 0x0000000089582e00| Untracked 
| 150|0x0000000089600000, 0x0000000089700000, 0x0000000089700000|100%|HS|  |TAMS 0x0000000089600000, 0x0000000089600000| Complete 
| 151|0x0000000089700000, 0x0000000089700000, 0x0000000089800000|  0%| F|  |TAMS 0x0000000089700000, 0x0000000089700000| Untracked 
| 152|0x0000000089800000, 0x0000000089800000, 0x0000000089900000|  0%| F|  |TAMS 0x0000000089800000, 0x0000000089800000| Untracked 
| 153|0x0000000089900000, 0x0000000089900000, 0x0000000089a00000|  0%| F|  |TAMS 0x0000000089900000, 0x0000000089900000| Untracked 
| 154|0x0000000089a00000, 0x0000000089a00000, 0x0000000089b00000|  0%| F|  |TAMS 0x0000000089a00000, 0x0000000089a00000| Untracked 
| 155|0x0000000089b00000, 0x0000000089b00000, 0x0000000089c00000|  0%| F|  |TAMS 0x0000000089b00000, 0x0000000089b00000| Untracked 
| 156|0x0000000089c00000, 0x0000000089c00000, 0x0000000089d00000|  0%| F|  |TAMS 0x0000000089c00000, 0x0000000089c00000| Untracked 
| 157|0x0000000089d00000, 0x0000000089d00000, 0x0000000089e00000|  0%| F|  |TAMS 0x0000000089d00000, 0x0000000089d00000| Untracked 
| 158|0x0000000089e00000, 0x0000000089e00000, 0x0000000089f00000|  0%| F|  |TAMS 0x0000000089e00000, 0x0000000089e00000| Untracked 
| 159|0x0000000089f00000, 0x0000000089f00000, 0x000000008a000000|  0%| F|  |TAMS 0x0000000089f00000, 0x0000000089f00000| Untracked 
| 160|0x000000008a000000, 0x000000008a000000, 0x000000008a100000|  0%| F|  |TAMS 0x000000008a000000, 0x000000008a000000| Untracked 
| 161|0x000000008a100000, 0x000000008a100000, 0x000000008a200000|  0%| F|  |TAMS 0x000000008a100000, 0x000000008a100000| Untracked 
| 162|0x000000008a200000, 0x000000008a200000, 0x000000008a300000|  0%| F|  |TAMS 0x000000008a200000, 0x000000008a200000| Untracked 
| 163|0x000000008a300000, 0x000000008a300000, 0x000000008a400000|  0%| F|  |TAMS 0x000000008a300000, 0x000000008a300000| Untracked 
| 164|0x000000008a400000, 0x000000008a400000, 0x000000008a500000|  0%| F|  |TAMS 0x000000008a400000, 0x000000008a400000| Untracked 
| 165|0x000000008a500000, 0x000000008a500000, 0x000000008a600000|  0%| F|  |TAMS 0x000000008a500000, 0x000000008a500000| Untracked 
| 166|0x000000008a600000, 0x000000008a600000, 0x000000008a700000|  0%| F|  |TAMS 0x000000008a600000, 0x000000008a600000| Untracked 
| 167|0x000000008a700000, 0x000000008a700000, 0x000000008a800000|  0%| F|  |TAMS 0x000000008a700000, 0x000000008a700000| Untracked 
| 168|0x000000008a800000, 0x000000008a800000, 0x000000008a900000|  0%| F|  |TAMS 0x000000008a800000, 0x000000008a800000| Untracked 
| 169|0x000000008a900000, 0x000000008a900000, 0x000000008aa00000|  0%| F|  |TAMS 0x000000008a900000, 0x000000008a900000| Untracked 
| 170|0x000000008aa00000, 0x000000008aa00000, 0x000000008ab00000|  0%| F|  |TAMS 0x000000008aa00000, 0x000000008aa00000| Untracked 
| 171|0x000000008ab00000, 0x000000008ab00000, 0x000000008ac00000|  0%| F|  |TAMS 0x000000008ab00000, 0x000000008ab00000| Untracked 
| 172|0x000000008ac00000, 0x000000008ac00000, 0x000000008ad00000|  0%| F|  |TAMS 0x000000008ac00000, 0x000000008ac00000| Untracked 
| 173|0x000000008ad00000, 0x000000008ad00000, 0x000000008ae00000|  0%| F|  |TAMS 0x000000008ad00000, 0x000000008ad00000| Untracked 
| 174|0x000000008ae00000, 0x000000008ae00000, 0x000000008af00000|  0%| F|  |TAMS 0x000000008ae00000, 0x000000008ae00000| Untracked 
| 175|0x000000008af00000, 0x000000008af00000, 0x000000008b000000|  0%| F|  |TAMS 0x000000008af00000, 0x000000008af00000| Untracked 
| 176|0x000000008b000000, 0x000000008b000000, 0x000000008b100000|  0%| F|  |TAMS 0x000000008b000000, 0x000000008b000000| Untracked 
| 177|0x000000008b100000, 0x000000008b100000, 0x000000008b200000|  0%| F|  |TAMS 0x000000008b100000, 0x000000008b100000| Untracked 
| 178|0x000000008b200000, 0x000000008b200000, 0x000000008b300000|  0%| F|  |TAMS 0x000000008b200000, 0x000000008b200000| Untracked 
| 179|0x000000008b300000, 0x000000008b300000, 0x000000008b400000|  0%| F|  |TAMS 0x000000008b300000, 0x000000008b300000| Untracked 
| 180|0x000000008b400000, 0x000000008b400000, 0x000000008b500000|  0%| F|  |TAMS 0x000000008b400000, 0x000000008b400000| Untracked 
| 181|0x000000008b500000, 0x000000008b500000, 0x000000008b600000|  0%| F|  |TAMS 0x000000008b500000, 0x000000008b500000| Untracked 
| 182|0x000000008b600000, 0x000000008b700000, 0x000000008b700000|100%| S|CS|TAMS 0x000000008b600000, 0x000000008b600000| Complete 
| 183|0x000000008b700000, 0x000000008b800000, 0x000000008b800000|100%| S|CS|TAMS 0x000000008b700000, 0x000000008b700000| Complete 
| 184|0x000000008b800000, 0x000000008b800000, 0x000000008b900000|  0%| F|  |TAMS 0x000000008b800000, 0x000000008b800000| Untracked 
| 185|0x000000008b900000, 0x000000008b900000, 0x000000008ba00000|  0%| F|  |TAMS 0x000000008b900000, 0x000000008b900000| Untracked 
| 186|0x000000008ba00000, 0x000000008ba00000, 0x000000008bb00000|  0%| F|  |TAMS 0x000000008ba00000, 0x000000008ba00000| Untracked 
| 187|0x000000008bb00000, 0x000000008bb00000, 0x000000008bc00000|  0%| F|  |TAMS 0x000000008bb00000, 0x000000008bb00000| Untracked 
| 188|0x000000008bc00000, 0x000000008bc00000, 0x000000008bd00000|  0%| F|  |TAMS 0x000000008bc00000, 0x000000008bc00000| Untracked 
| 189|0x000000008bd00000, 0x000000008bd00000, 0x000000008be00000|  0%| F|  |TAMS 0x000000008bd00000, 0x000000008bd00000| Untracked 
| 190|0x000000008be00000, 0x000000008be00000, 0x000000008bf00000|  0%| F|  |TAMS 0x000000008be00000, 0x000000008be00000| Untracked 
| 191|0x000000008bf00000, 0x000000008c000000, 0x000000008c000000|100%| S|CS|TAMS 0x000000008bf00000, 0x000000008bf00000| Complete 
| 192|0x000000008c000000, 0x000000008c100000, 0x000000008c100000|100%| S|CS|TAMS 0x000000008c000000, 0x000000008c000000| Complete 
| 193|0x000000008c100000, 0x000000008c200000, 0x000000008c200000|100%| S|CS|TAMS 0x000000008c100000, 0x000000008c100000| Complete 
| 194|0x000000008c200000, 0x000000008c300000, 0x000000008c300000|100%| S|CS|TAMS 0x000000008c200000, 0x000000008c200000| Complete 
| 195|0x000000008c300000, 0x000000008c300000, 0x000000008c400000|  0%| F|  |TAMS 0x000000008c300000, 0x000000008c300000| Untracked 
| 196|0x000000008c400000, 0x000000008c400000, 0x000000008c500000|  0%| F|  |TAMS 0x000000008c400000, 0x000000008c400000| Untracked 
| 197|0x000000008c500000, 0x000000008c500000, 0x000000008c600000|  0%| F|  |TAMS 0x000000008c500000, 0x000000008c500000| Untracked 
| 198|0x000000008c600000, 0x000000008c600000, 0x000000008c700000|  0%| F|  |TAMS 0x000000008c600000, 0x000000008c600000| Untracked 
| 199|0x000000008c700000, 0x000000008c700000, 0x000000008c800000|  0%| F|  |TAMS 0x000000008c700000, 0x000000008c700000| Untracked 
| 200|0x000000008c800000, 0x000000008c800000, 0x000000008c900000|  0%| F|  |TAMS 0x000000008c800000, 0x000000008c800000| Untracked 
| 201|0x000000008c900000, 0x000000008c900000, 0x000000008ca00000|  0%| F|  |TAMS 0x000000008c900000, 0x000000008c900000| Untracked 
| 202|0x000000008ca00000, 0x000000008ca00000, 0x000000008cb00000|  0%| F|  |TAMS 0x000000008ca00000, 0x000000008ca00000| Untracked 
| 203|0x000000008cb00000, 0x000000008cb00000, 0x000000008cc00000|  0%| F|  |TAMS 0x000000008cb00000, 0x000000008cb00000| Untracked 
| 204|0x000000008cc00000, 0x000000008cc00000, 0x000000008cd00000|  0%| F|  |TAMS 0x000000008cc00000, 0x000000008cc00000| Untracked 
| 205|0x000000008cd00000, 0x000000008cd00000, 0x000000008ce00000|  0%| F|  |TAMS 0x000000008cd00000, 0x000000008cd00000| Untracked 
| 206|0x000000008ce00000, 0x000000008ce00000, 0x000000008cf00000|  0%| F|  |TAMS 0x000000008ce00000, 0x000000008ce00000| Untracked 
| 207|0x000000008cf00000, 0x000000008cf00000, 0x000000008d000000|  0%| F|  |TAMS 0x000000008cf00000, 0x000000008cf00000| Untracked 
| 208|0x000000008d000000, 0x000000008d000000, 0x000000008d100000|  0%| F|  |TAMS 0x000000008d000000, 0x000000008d000000| Untracked 
| 209|0x000000008d100000, 0x000000008d100000, 0x000000008d200000|  0%| F|  |TAMS 0x000000008d100000, 0x000000008d100000| Untracked 
| 210|0x000000008d200000, 0x000000008d200000, 0x000000008d300000|  0%| F|  |TAMS 0x000000008d200000, 0x000000008d200000| Untracked 
| 211|0x000000008d300000, 0x000000008d300000, 0x000000008d400000|  0%| F|  |TAMS 0x000000008d300000, 0x000000008d300000| Untracked 
| 212|0x000000008d400000, 0x000000008d400000, 0x000000008d500000|  0%| F|  |TAMS 0x000000008d400000, 0x000000008d400000| Untracked 
| 213|0x000000008d500000, 0x000000008d500000, 0x000000008d600000|  0%| F|  |TAMS 0x000000008d500000, 0x000000008d500000| Untracked 
| 214|0x000000008d600000, 0x000000008d600000, 0x000000008d700000|  0%| F|  |TAMS 0x000000008d600000, 0x000000008d600000| Untracked 
| 215|0x000000008d700000, 0x000000008d700000, 0x000000008d800000|  0%| F|  |TAMS 0x000000008d700000, 0x000000008d700000| Untracked 
| 216|0x000000008d800000, 0x000000008d800000, 0x000000008d900000|  0%| F|  |TAMS 0x000000008d800000, 0x000000008d800000| Untracked 
| 217|0x000000008d900000, 0x000000008d900000, 0x000000008da00000|  0%| F|  |TAMS 0x000000008d900000, 0x000000008d900000| Untracked 
| 218|0x000000008da00000, 0x000000008da00000, 0x000000008db00000|  0%| F|  |TAMS 0x000000008da00000, 0x000000008da00000| Untracked 
| 219|0x000000008db00000, 0x000000008db00000, 0x000000008dc00000|  0%| F|  |TAMS 0x000000008db00000, 0x000000008db00000| Untracked 
| 220|0x000000008dc00000, 0x000000008dc60360, 0x000000008dd00000| 37%| E|  |TAMS 0x000000008dc00000, 0x000000008dc00000| Complete 
| 221|0x000000008dd00000, 0x000000008de00000, 0x000000008de00000|100%| E|CS|TAMS 0x000000008dd00000, 0x000000008dd00000| Complete 

Card table byte_map: [0x00000128d8520000,0x00000128d8920000] _byte_map_base: 0x00000128d8120000

Marking Bits (Prev, Next): (CMBitMap*) 0x00000128c33fe458, (CMBitMap*) 0x00000128c33fe490
 Prev Bits: [0x00000128d8d20000, 0x00000128dad20000)
 Next Bits: [0x00000128dad20000, 0x00000128dcd20000)

Polling page: 0x00000128c34a0000

Metaspace:

Usage:
  Non-class:     95.47 MB capacity,    93.42 MB ( 98%) used,     1.72 MB (  2%) free+waste,   337.31 KB ( <1%) overhead. 
      Class:     14.69 MB capacity,    13.48 MB ( 92%) used,     1.07 MB (  7%) free+waste,   149.13 KB ( <1%) overhead. 
       Both:    110.16 MB capacity,   106.90 MB ( 97%) used,     2.79 MB (  3%) free+waste,   486.44 KB ( <1%) overhead. 

Virtual space:
  Non-class space:       96.00 MB reserved,      95.63 MB (>99%) committed 
      Class space:        1.00 GB reserved,      14.77 MB (  1%) committed 
             Both:        1.09 GB reserved,     110.40 MB ( 10%) committed 

Chunk freelists:
   Non-Class:  32.00 KB
       Class:  0 bytes
        Both:  32.00 KB

MaxMetaspaceSize: 17179869184.00 GB
CompressedClassSpaceSize: 1.00 GB
Initial GC threshold: 20.80 MB
Current GC threshold: 183.17 MB
CDS: off

CodeHeap 'non-profiled nmethods': size=120000Kb used=11849Kb max_used=11849Kb free=108150Kb
 bounds [0x00000128d0180000, 0x00000128d0d20000, 0x00000128d76b0000]
CodeHeap 'profiled nmethods': size=120000Kb used=36067Kb max_used=36067Kb free=83932Kb
 bounds [0x00000128c8c50000, 0x00000128caf90000, 0x00000128d0180000]
CodeHeap 'non-nmethods': size=5760Kb used=2436Kb max_used=2499Kb free=3323Kb
 bounds [0x00000128c86b0000, 0x00000128c8930000, 0x00000128c8c50000]
 total_blobs=17213 nmethods=16244 adapters=879
 compilation: enabled
              stopped_count=0, restarted_count=0
 full_count=0

Compilation events (20 events):
Event: 36.529 Thread 0x00000128e1655800 16281       4       com.sun.tools.javac.util.List::setTail (7 bytes)
Event: 36.530 Thread 0x00000128e1655800 nmethod 16281 0x00000128d0d06810 code [0x00000128d0d069a0, 0x00000128d0d06ad8]
Event: 36.535 Thread 0x00000128e0093800 16291       3       com.sun.tools.javac.jvm.ClassReader$ParameterAnnotations::<init> (5 bytes)
Event: 36.535 Thread 0x00000128e0093800 nmethod 16291 0x00000128caf2ec10 code [0x00000128caf2edc0, 0x00000128caf2ef18]
Event: 36.535 Thread 0x00000128e0093800 16292       3       com.sun.tools.javac.jvm.ClassReader$ParameterAnnotations::add (28 bytes)
Event: 36.535 Thread 0x00000128e0093800 nmethod 16292 0x00000128caf2f010 code [0x00000128caf2f1e0, 0x00000128caf2f4a8]
Event: 36.536 Thread 0x00000128e0093800 16293       1       com.sun.tools.javac.comp.Resolve$ResolveError::exists (2 bytes)
Event: 36.536 Thread 0x00000128e0093800 nmethod 16293 0x00000128d0d06b90 code [0x00000128d0d06d40, 0x00000128d0d06df8]
Event: 36.537 Thread 0x00000128e0093800 16294       3       java.io.IOException::<init> (6 bytes)
Event: 36.537 Thread 0x00000128e0093800 nmethod 16294 0x00000128caf2f590 code [0x00000128caf2f760, 0x00000128caf2f8e8]
Event: 36.539 Thread 0x00000128e0093800 16295   !   3       sun.nio.fs.AbstractFileSystemProvider::exists (14 bytes)
Event: 36.539 Thread 0x00000128e0093800 nmethod 16295 0x00000128caf2f990 code [0x00000128caf2fb60, 0x00000128caf2fde8]
Event: 36.540 Thread 0x00000128e0093800 16296       3       com.sun.tools.javac.comp.InferenceContext::free (9 bytes)
Event: 36.541 Thread 0x00000128e0093800 nmethod 16296 0x00000128caf2ff10 code [0x00000128caf300c0, 0x00000128caf30288]
Event: 36.541 Thread 0x00000128e0093800 16297       3       com.sun.tools.javac.code.Type::containsAny (39 bytes)
Event: 36.541 Thread 0x00000128e0093800 nmethod 16297 0x00000128caf30390 code [0x00000128caf305c0, 0x00000128caf30e48]
Event: 36.547 Thread 0x00000128e0093800 16298       3       com.sun.tools.javac.jvm.ClassReader::readPool (520 bytes)
Event: 36.547 Thread 0x00000128e1655800 16299       4       com.sun.tools.javac.code.Symbol::<init> (45 bytes)
Event: 36.550 Thread 0x00000128e0093800 nmethod 16298 0x00000128caf31090 code [0x00000128caf316a0, 0x00000128caf351b8]
Event: 36.550 Thread 0x00000128e0093800 16301       3       com.sun.tools.javac.jvm.ClassReader::readParameterAnnotations (113 bytes)

GC Heap History (20 events):
Event: 21.213 GC heap before
{Heap before GC invocations=32 (full 0):
 garbage-first heap   total 227328K, used 177864K [0x0000000080000000, 0x0000000100000000)
  region size 1024K, 62 young (63488K), 5 survivors (5120K)
 Metaspace       used 97052K, capacity 99886K, committed 101020K, reserved 1136640K
  class space    used 12404K, capacity 13479K, committed 13848K, reserved 1048576K
}
Event: 21.227 GC heap after
{Heap after GC invocations=33 (full 0):
 garbage-first heap   total 227328K, used 125785K [0x0000000080000000, 0x0000000100000000)
  region size 1024K, 8 young (8192K), 8 survivors (8192K)
 Metaspace       used 97052K, capacity 99886K, committed 101020K, reserved 1136640K
  class space    used 12404K, capacity 13479K, committed 13848K, reserved 1048576K
}
Event: 22.263 GC heap before
{Heap before GC invocations=34 (full 0):
 garbage-first heap   total 227328K, used 181081K [0x0000000080000000, 0x0000000100000000)
  region size 1024K, 63 young (64512K), 8 survivors (8192K)
 Metaspace       used 97591K, capacity 100475K, committed 101276K, reserved 1136640K
  class space    used 12468K, capacity 13543K, committed 13848K, reserved 1048576K
}
Event: 22.275 GC heap after
{Heap after GC invocations=35 (full 0):
 garbage-first heap   total 227328K, used 129693K [0x0000000080000000, 0x0000000100000000)
  region size 1024K, 5 young (5120K), 5 survivors (5120K)
 Metaspace       used 97591K, capacity 100475K, committed 101276K, reserved 1136640K
  class space    used 12468K, capacity 13543K, committed 13848K, reserved 1048576K
}
Event: 31.687 GC heap before
{Heap before GC invocations=35 (full 0):
 garbage-first heap   total 227328K, used 183965K [0x0000000080000000, 0x0000000100000000)
  region size 1024K, 59 young (60416K), 5 survivors (5120K)
 Metaspace       used 100249K, capacity 103344K, committed 103708K, reserved 1138688K
  class space    used 12873K, capacity 14041K, committed 14232K, reserved 1048576K
}
Event: 31.693 GC heap after
{Heap after GC invocations=36 (full 0):
 garbage-first heap   total 227328K, used 130409K [0x0000000080000000, 0x0000000100000000)
  region size 1024K, 5 young (5120K), 5 survivors (5120K)
 Metaspace       used 100249K, capacity 103344K, committed 103708K, reserved 1138688K
  class space    used 12873K, capacity 14041K, committed 14232K, reserved 1048576K
}
Event: 32.052 GC heap before
{Heap before GC invocations=37 (full 0):
 garbage-first heap   total 227328K, used 151913K [0x0000000080000000, 0x0000000100000000)
  region size 1024K, 28 young (28672K), 5 survivors (5120K)
 Metaspace       used 100311K, capacity 103359K, committed 103708K, reserved 1138688K
  class space    used 12879K, capacity 14045K, committed 14232K, reserved 1048576K
}
Event: 32.060 GC heap after
{Heap after GC invocations=38 (full 0):
 garbage-first heap   total 227328K, used 131624K [0x0000000080000000, 0x0000000100000000)
  region size 1024K, 3 young (3072K), 3 survivors (3072K)
 Metaspace       used 100311K, capacity 103359K, committed 103708K, reserved 1138688K
  class space    used 12879K, capacity 14045K, committed 14232K, reserved 1048576K
}
Event: 32.498 GC heap before
{Heap before GC invocations=39 (full 0):
 garbage-first heap   total 227328K, used 159272K [0x0000000080000000, 0x0000000100000000)
  region size 1024K, 30 young (30720K), 3 survivors (3072K)
 Metaspace       used 100685K, capacity 103854K, committed 104220K, reserved 1138688K
  class space    used 12917K, capacity 14093K, committed 14232K, reserved 1048576K
}
Event: 32.506 GC heap after
{Heap after GC invocations=40 (full 0):
 garbage-first heap   total 227328K, used 131892K [0x0000000080000000, 0x0000000100000000)
  region size 1024K, 3 young (3072K), 3 survivors (3072K)
 Metaspace       used 100685K, capacity 103854K, committed 104220K, reserved 1138688K
  class space    used 12917K, capacity 14093K, committed 14232K, reserved 1048576K
}
Event: 33.125 GC heap before
{Heap before GC invocations=41 (full 0):
 garbage-first heap   total 227328K, used 168756K [0x0000000080000000, 0x0000000100000000)
  region size 1024K, 38 young (38912K), 3 survivors (3072K)
 Metaspace       used 102840K, capacity 106038K, committed 106396K, reserved 1140736K
  class space    used 13184K, capacity 14434K, committed 14616K, reserved 1048576K
}
Event: 33.135 GC heap after
{Heap after GC invocations=42 (full 0):
 garbage-first heap   total 227328K, used 139108K [0x0000000080000000, 0x0000000100000000)
  region size 1024K, 7 young (7168K), 7 survivors (7168K)
 Metaspace       used 102840K, capacity 106038K, committed 106396K, reserved 1140736K
  class space    used 13184K, capacity 14434K, committed 14616K, reserved 1048576K
}
Event: 33.588 GC heap before
{Heap before GC invocations=43 (full 0):
 garbage-first heap   total 227328K, used 186212K [0x0000000080000000, 0x0000000100000000)
  region size 1024K, 54 young (55296K), 7 survivors (7168K)
 Metaspace       used 103937K, capacity 107183K, committed 107420K, reserved 1142784K
  class space    used 13241K, capacity 14473K, committed 14616K, reserved 1048576K
}
Event: 33.601 GC heap after
{Heap after GC invocations=44 (full 0):
 garbage-first heap   total 227328K, used 140733K [0x0000000080000000, 0x0000000100000000)
  region size 1024K, 3 young (3072K), 3 survivors (3072K)
 Metaspace       used 103937K, capacity 107183K, committed 107420K, reserved 1142784K
  class space    used 13241K, capacity 14473K, committed 14616K, reserved 1048576K
}
Event: 34.222 GC heap before
{Heap before GC invocations=45 (full 0):
 garbage-first heap   total 227328K, used 189885K [0x0000000080000000, 0x0000000100000000)
  region size 1024K, 50 young (51200K), 3 survivors (3072K)
 Metaspace       used 107583K, capacity 110768K, committed 110876K, reserved 1144832K
  class space    used 13664K, capacity 14901K, committed 15000K, reserved 1048576K
}
Event: 34.229 GC heap after
{Heap after GC invocations=46 (full 0):
 garbage-first heap   total 227328K, used 143660K [0x0000000080000000, 0x0000000100000000)
  region size 1024K, 6 young (6144K), 6 survivors (6144K)
 Metaspace       used 107583K, capacity 110768K, committed 110876K, reserved 1144832K
  class space    used 13664K, capacity 14901K, committed 15000K, reserved 1048576K
}
Event: 34.334 GC heap before
{Heap before GC invocations=46 (full 0):
 garbage-first heap   total 227328K, used 160044K [0x0000000080000000, 0x0000000100000000)
  region size 1024K, 24 young (24576K), 6 survivors (6144K)
 Metaspace       used 107712K, capacity 110937K, committed 111132K, reserved 1144832K
  class space    used 13673K, capacity 14936K, committed 15000K, reserved 1048576K
}
Event: 34.341 GC heap after
{Heap after GC invocations=47 (full 0):
 garbage-first heap   total 227328K, used 144553K [0x0000000080000000, 0x0000000100000000)
  region size 1024K, 5 young (5120K), 5 survivors (5120K)
 Metaspace       used 107712K, capacity 110937K, committed 111132K, reserved 1144832K
  class space    used 13673K, capacity 14936K, committed 15000K, reserved 1048576K
}
Event: 36.140 GC heap before
{Heap before GC invocations=48 (full 0):
 garbage-first heap   total 227328K, used 171177K [0x0000000080000000, 0x0000000100000000)
  region size 1024K, 31 young (31744K), 5 survivors (5120K)
 Metaspace       used 108847K, capacity 112112K, committed 112156K, reserved 1146880K
  class space    used 13753K, capacity 14983K, committed 15000K, reserved 1048576K
}
Event: 36.149 GC heap after
{Heap after GC invocations=49 (full 0):
 garbage-first heap   total 227328K, used 150879K [0x0000000080000000, 0x0000000100000000)
  region size 1024K, 7 young (7168K), 7 survivors (7168K)
 Metaspace       used 108847K, capacity 112112K, committed 112156K, reserved 1146880K
  class space    used 13753K, capacity 14983K, committed 15000K, reserved 1048576K
}

Deoptimization events (20 events):
Event: 36.395 Thread 0x00000128e8ab8000 Uncommon trap: trap_request=0xffffffde fr.pc=0x00000128d027f370 relative=0x0000000000001050
Event: 36.395 Thread 0x00000128e8ab8000 Uncommon trap: reason=class_check action=maybe_recompile pc=0x00000128d027f370 method=java.util.zip.InflaterInputStream.read([BII)I @ 100 c2
Event: 36.395 Thread 0x00000128e8ab8000 DEOPT PACKING pc=0x00000128d027f370 sp=0x000000121ebfc720
Event: 36.395 Thread 0x00000128e8ab8000 DEOPT UNPACKING pc=0x00000128c86fa1af sp=0x000000121ebfc780 mode 2
Event: 36.410 Thread 0x00000128e8ab8000 Uncommon trap: trap_request=0xffffffde fr.pc=0x00000128d027f370 relative=0x0000000000001050
Event: 36.410 Thread 0x00000128e8ab8000 Uncommon trap: reason=class_check action=maybe_recompile pc=0x00000128d027f370 method=java.util.zip.InflaterInputStream.read([BII)I @ 100 c2
Event: 36.410 Thread 0x00000128e8ab8000 DEOPT PACKING pc=0x00000128d027f370 sp=0x000000121ebfc650
Event: 36.410 Thread 0x00000128e8ab8000 DEOPT UNPACKING pc=0x00000128c86fa1af sp=0x000000121ebfc690 mode 2
Event: 36.415 Thread 0x00000128e8ab8000 Uncommon trap: trap_request=0xffffffde fr.pc=0x00000128d027f370 relative=0x0000000000001050
Event: 36.415 Thread 0x00000128e8ab8000 Uncommon trap: reason=class_check action=maybe_recompile pc=0x00000128d027f370 method=java.util.zip.InflaterInputStream.read([BII)I @ 100 c2
Event: 36.415 Thread 0x00000128e8ab8000 DEOPT PACKING pc=0x00000128d027f370 sp=0x000000121ebfc430
Event: 36.415 Thread 0x00000128e8ab8000 DEOPT UNPACKING pc=0x00000128c86fa1af sp=0x000000121ebfc470 mode 2
Event: 36.438 Thread 0x00000128e8ab8000 Uncommon trap: trap_request=0xffffff4d fr.pc=0x00000128d0cf1fd8 relative=0x0000000000000bf8
Event: 36.438 Thread 0x00000128e8ab8000 Uncommon trap: reason=unstable_if action=reinterpret pc=0x00000128d0cf1fd8 method=com.sun.tools.javac.util.ArrayUtils.ensureCapacity([BI)[B @ 3 c2
Event: 36.438 Thread 0x00000128e8ab8000 DEOPT PACKING pc=0x00000128d0cf1fd8 sp=0x000000121ebfc2b0
Event: 36.438 Thread 0x00000128e8ab8000 DEOPT UNPACKING pc=0x00000128c86fa1af sp=0x000000121ebfc1d0 mode 2
Event: 36.546 Thread 0x00000128e8ab8000 Uncommon trap: trap_request=0xffffff4d fr.pc=0x00000128d0d05564 relative=0x0000000000000d84
Event: 36.546 Thread 0x00000128e8ab8000 Uncommon trap: reason=unstable_if action=reinterpret pc=0x00000128d0d05564 method=com.sun.tools.javac.jvm.ClassReader.readPool(I)Ljava/lang/Object; @ 36 c2
Event: 36.546 Thread 0x00000128e8ab8000 DEOPT PACKING pc=0x00000128d0d05564 sp=0x000000121ebfb600
Event: 36.546 Thread 0x00000128e8ab8000 DEOPT UNPACKING pc=0x00000128c86fa1af sp=0x000000121ebfb5e8 mode 2

Classes redefined (0 events):
No events

Internal exceptions (20 events):
Event: 36.515 Thread 0x00000128e8ab8000 Exception <a 'sun/nio/fs/WindowsException'{0x000000008c955b58}> (0x000000008c955b58) thrown at [./src/hotspot/share/prims/jni.cpp, line 616]
Event: 36.515 Thread 0x00000128e8ab8000 Exception <a 'sun/nio/fs/WindowsException'{0x000000008c955bd8}> (0x000000008c955bd8) thrown at [./src/hotspot/share/prims/jni.cpp, line 616]
Event: 36.523 Thread 0x00000128e8ab8000 Exception <a 'sun/nio/fs/WindowsException'{0x000000008c9b3ce0}> (0x000000008c9b3ce0) thrown at [./src/hotspot/share/prims/jni.cpp, line 616]
Event: 36.524 Thread 0x00000128e8ab8000 Exception <a 'sun/nio/fs/WindowsException'{0x000000008c9b3d60}> (0x000000008c9b3d60) thrown at [./src/hotspot/share/prims/jni.cpp, line 616]
Event: 36.524 Thread 0x00000128e8ab8000 Exception <a 'sun/nio/fs/WindowsException'{0x000000008c9b5820}> (0x000000008c9b5820) thrown at [./src/hotspot/share/prims/jni.cpp, line 616]
Event: 36.524 Thread 0x00000128e8ab8000 Exception <a 'sun/nio/fs/WindowsException'{0x000000008c9b58a0}> (0x000000008c9b58a0) thrown at [./src/hotspot/share/prims/jni.cpp, line 616]
Event: 36.524 Thread 0x00000128e8ab8000 Exception <a 'sun/nio/fs/WindowsException'{0x000000008c9b7330}> (0x000000008c9b7330) thrown at [./src/hotspot/share/prims/jni.cpp, line 616]
Event: 36.524 Thread 0x00000128e8ab8000 Exception <a 'sun/nio/fs/WindowsException'{0x000000008c9b73b0}> (0x000000008c9b73b0) thrown at [./src/hotspot/share/prims/jni.cpp, line 616]
Event: 36.536 Thread 0x00000128e8ab8000 Exception <a 'sun/nio/fs/WindowsException'{0x000000008c86a1e8}> (0x000000008c86a1e8) thrown at [./src/hotspot/share/prims/jni.cpp, line 616]
Event: 36.536 Thread 0x00000128e8ab8000 Exception <a 'sun/nio/fs/WindowsException'{0x000000008c86a268}> (0x000000008c86a268) thrown at [./src/hotspot/share/prims/jni.cpp, line 616]
Event: 36.536 Thread 0x00000128e8ab8000 Exception <a 'sun/nio/fs/WindowsException'{0x000000008c86bcc8}> (0x000000008c86bcc8) thrown at [./src/hotspot/share/prims/jni.cpp, line 616]
Event: 36.536 Thread 0x00000128e8ab8000 Exception <a 'sun/nio/fs/WindowsException'{0x000000008c86bd48}> (0x000000008c86bd48) thrown at [./src/hotspot/share/prims/jni.cpp, line 616]
Event: 36.537 Thread 0x00000128e8ab8000 Exception <a 'sun/nio/fs/WindowsException'{0x000000008c86d778}> (0x000000008c86d778) thrown at [./src/hotspot/share/prims/jni.cpp, line 616]
Event: 36.537 Thread 0x00000128e8ab8000 Exception <a 'sun/nio/fs/WindowsException'{0x000000008c86d7f8}> (0x000000008c86d7f8) thrown at [./src/hotspot/share/prims/jni.cpp, line 616]
Event: 36.539 Thread 0x00000128e8ab8000 Exception <a 'sun/nio/fs/WindowsException'{0x000000008c88e5d8}> (0x000000008c88e5d8) thrown at [./src/hotspot/share/prims/jni.cpp, line 616]
Event: 36.539 Thread 0x00000128e8ab8000 Exception <a 'sun/nio/fs/WindowsException'{0x000000008c88e658}> (0x000000008c88e658) thrown at [./src/hotspot/share/prims/jni.cpp, line 616]
Event: 36.539 Thread 0x00000128e8ab8000 Exception <a 'sun/nio/fs/WindowsException'{0x000000008c8900f0}> (0x000000008c8900f0) thrown at [./src/hotspot/share/prims/jni.cpp, line 616]
Event: 36.539 Thread 0x00000128e8ab8000 Exception <a 'sun/nio/fs/WindowsException'{0x000000008c890170}> (0x000000008c890170) thrown at [./src/hotspot/share/prims/jni.cpp, line 616]
Event: 36.539 Thread 0x00000128e8ab8000 Exception <a 'sun/nio/fs/WindowsException'{0x000000008c891bd8}> (0x000000008c891bd8) thrown at [./src/hotspot/share/prims/jni.cpp, line 616]
Event: 36.539 Thread 0x00000128e8ab8000 Exception <a 'sun/nio/fs/WindowsException'{0x000000008c891c58}> (0x000000008c891c58) thrown at [./src/hotspot/share/prims/jni.cpp, line 616]

Events (20 events):
Event: 36.349 loading class com/sun/tools/javac/code/Symbol done
Event: 36.349 loading class com/sun/tools/javac/code/Symbol
Event: 36.349 loading class com/sun/tools/javac/code/Symbol done
Event: 36.349 loading class com/sun/tools/javac/code/Scope$FilterImportScope
Event: 36.349 loading class com/sun/tools/javac/code/Scope$FilterImportScope done
Event: 36.424 Executing VM operation: CGC_Operation
Event: 36.424 Executing VM operation: CGC_Operation done
Event: 36.448 Thread 0x00000128eba17000 Thread added: 0x00000128eba17000
Event: 36.494 loading class com/sun/tools/javac/tree/JCTree
Event: 36.494 loading class com/sun/tools/javac/tree/JCTree done
Event: 36.494 loading class com/sun/tools/javac/comp/Annotate
Event: 36.494 loading class com/sun/tools/javac/comp/Annotate done
Event: 36.496 loading class com/sun/tools/javac/code/Symbol
Event: 36.496 loading class com/sun/tools/javac/code/Symbol done
Event: 36.496 loading class com/sun/tools/javac/comp/Annotate
Event: 36.496 loading class com/sun/tools/javac/comp/Annotate done
Event: 36.496 loading class com/sun/tools/javac/comp/Env
Event: 36.496 loading class com/sun/tools/javac/comp/Env done
Event: 36.496 loading class com/sun/tools/javac/comp/Annotate
Event: 36.496 loading class com/sun/tools/javac/comp/Annotate done


Dynamic libraries:
0x00007ff6b4680000 - 0x00007ff6b468a000 	C:\Program Files\Android\Android Studio\jre\bin\java.exe
0x00007ffc084f0000 - 0x00007ffc086e8000 	C:\Windows\SYSTEM32\ntdll.dll
0x00007ffc06c90000 - 0x00007ffc06d4f000 	C:\Windows\System32\KERNEL32.DLL
0x00007ffc05e20000 - 0x00007ffc060fa000 	C:\Windows\System32\KERNELBASE.dll
0x00007ffc06300000 - 0x00007ffc06400000 	C:\Windows\System32\ucrtbase.dll
0x00007ffc00a50000 - 0x00007ffc00a69000 	C:\Program Files\Android\Android Studio\jre\bin\jli.dll
0x00007ffbf6a90000 - 0x00007ffbf6aa7000 	C:\Program Files\Android\Android Studio\jre\bin\VCRUNTIME140.dll
0x00007ffc07b40000 - 0x00007ffc07cdd000 	C:\Windows\System32\USER32.dll
0x00007ffbf1680000 - 0x00007ffbf191a000 	C:\Windows\WinSxS\amd64_microsoft.windows.common-controls_6595b64144ccf1df_6.0.19041.1110_none_60b5254171f9507e\COMCTL32.dll
0x00007ffc05c00000 - 0x00007ffc05c22000 	C:\Windows\System32\win32u.dll
0x00007ffc06b80000 - 0x00007ffc06bab000 	C:\Windows\System32\GDI32.dll
0x00007ffc082a0000 - 0x00007ffc0833e000 	C:\Windows\System32\msvcrt.dll
0x00007ffc061a0000 - 0x00007ffc062b0000 	C:\Windows\System32\gdi32full.dll
0x00007ffc064b0000 - 0x00007ffc0654d000 	C:\Windows\System32\msvcp_win.dll
0x00007ffc07b10000 - 0x00007ffc07b40000 	C:\Windows\System32\IMM32.DLL
0x00007ffbb42d0000 - 0x00007ffbb436d000 	C:\Program Files\Android\Android Studio\jre\bin\msvcp140.dll
0x00007ffbcbba0000 - 0x00007ffbcc6a2000 	C:\Program Files\Android\Android Studio\jre\bin\server\jvm.dll
0x00007ffc079d0000 - 0x00007ffc07a7e000 	C:\Windows\System32\ADVAPI32.dll
0x00007ffc074a0000 - 0x00007ffc0753c000 	C:\Windows\System32\sechost.dll
0x00007ffc069f0000 - 0x00007ffc06b16000 	C:\Windows\System32\RPCRT4.dll
0x00007ffc07a80000 - 0x00007ffc07a88000 	C:\Windows\System32\PSAPI.DLL
0x00007ffbed510000 - 0x00007ffbed537000 	C:\Windows\SYSTEM32\WINMM.dll
0x00007ffbf6e80000 - 0x00007ffbf6e8a000 	C:\Windows\SYSTEM32\VERSION.dll
0x00007ffbed420000 - 0x00007ffbed429000 	C:\Windows\SYSTEM32\WSOCK32.dll
0x00007ffc07a90000 - 0x00007ffc07afb000 	C:\Windows\System32\WS2_32.dll
0x00007ffc03ac0000 - 0x00007ffc03ad2000 	C:\Windows\SYSTEM32\kernel.appcore.dll
0x00007ffbcdf90000 - 0x00007ffbcdfa1000 	C:\Program Files\Android\Android Studio\jre\bin\verify.dll
0x00007ffbf4fc0000 - 0x00007ffbf51a4000 	C:\Windows\SYSTEM32\DBGHELP.DLL
0x00007ffbf3ad0000 - 0x00007ffbf3b04000 	C:\Windows\SYSTEM32\dbgcore.DLL
0x00007ffc05d90000 - 0x00007ffc05e12000 	C:\Windows\System32\bcryptPrimitives.dll
0x00007ffbcdf60000 - 0x00007ffbcdf89000 	C:\Program Files\Android\Android Studio\jre\bin\java.dll
0x00007ffbe8b30000 - 0x00007ffbe8b3b000 	C:\Program Files\Android\Android Studio\jre\bin\jimage.dll
0x00007ffbcdf40000 - 0x00007ffbcdf58000 	C:\Program Files\Android\Android Studio\jre\bin\zip.dll
0x00007ffc06d50000 - 0x00007ffc07494000 	C:\Windows\System32\SHELL32.dll
0x00007ffc03cc0000 - 0x00007ffc04453000 	C:\Windows\SYSTEM32\windows.storage.dll
0x00007ffc06550000 - 0x00007ffc068a4000 	C:\Windows\System32\combase.dll
0x00007ffc05580000 - 0x00007ffc055ae000 	C:\Windows\SYSTEM32\Wldp.dll
0x00007ffc07540000 - 0x00007ffc075ed000 	C:\Windows\System32\SHCORE.dll
0x00007ffc08340000 - 0x00007ffc08395000 	C:\Windows\System32\shlwapi.dll
0x00007ffc05b40000 - 0x00007ffc05b5f000 	C:\Windows\SYSTEM32\profapi.dll
0x00007ffbcdf20000 - 0x00007ffbcdf3a000 	C:\Program Files\Android\Android Studio\jre\bin\net.dll
0x00007ffbfdc70000 - 0x00007ffbfdd7a000 	C:\Windows\SYSTEM32\WINHTTP.dll
0x00007ffc052e0000 - 0x00007ffc0534a000 	C:\Windows\system32\mswsock.dll
0x00007ffbcdf00000 - 0x00007ffbcdf14000 	C:\Program Files\Android\Android Studio\jre\bin\nio.dll
0x00007ffc00ad0000 - 0x00007ffc00af7000 	C:\Users\hp\.gradle\native\e1d6ef7f7dcc3fd88c89a11ec53ec762bb8ba0a96d01ffa2cd45eb1d1d8dd5c5\windows-amd64\native-platform.dll
0x00007ffbb3e50000 - 0x00007ffbb3f94000 	C:\Users\hp\.gradle\native\5664cfc778a61ccfe75a443a1ab52a65af34e5dc3c78e0209fed803814484fcb\windows-amd64\native-platform-file-events.dll
0x00007ffbe8000000 - 0x00007ffbe800a000 	C:\Program Files\Android\Android Studio\jre\bin\management.dll
0x00007ffbe7290000 - 0x00007ffbe729d000 	C:\Program Files\Android\Android Studio\jre\bin\management_ext.dll
0x00007ffc054d0000 - 0x00007ffc054e8000 	C:\Windows\SYSTEM32\CRYPTSP.dll
0x00007ffc04c00000 - 0x00007ffc04c34000 	C:\Windows\system32\rsaenh.dll
0x00007ffc06170000 - 0x00007ffc06197000 	C:\Windows\System32\bcrypt.dll
0x00007ffc05b00000 - 0x00007ffc05b2e000 	C:\Windows\SYSTEM32\USERENV.dll
0x00007ffc054f0000 - 0x00007ffc054fc000 	C:\Windows\SYSTEM32\CRYPTBASE.dll
0x00007ffc04fd0000 - 0x00007ffc0500c000 	C:\Windows\SYSTEM32\IPHLPAPI.DLL
0x00007ffc07b00000 - 0x00007ffc07b08000 	C:\Windows\System32\NSI.dll
0x00007ffbfe340000 - 0x00007ffbfe357000 	C:\Windows\SYSTEM32\dhcpcsvc6.DLL
0x00007ffbfe940000 - 0x00007ffbfe95d000 	C:\Windows\SYSTEM32\dhcpcsvc.DLL
0x00007ffc05010000 - 0x00007ffc050db000 	C:\Windows\SYSTEM32\DNSAPI.dll
0x00007ffbed2f0000 - 0x00007ffbed30e000 	C:\Users\hp\AppData\Local\Temp\native-platform12243854051480741432dir\native-platform.dll
0x00007ffc00ac0000 - 0x00007ffc00ac8000 	C:\Program Files\Android\Android Studio\jre\bin\rmi.dll
0x00007ffbee600000 - 0x00007ffbee617000 	C:\Windows\system32\napinsp.dll
0x00007ffbee5e0000 - 0x00007ffbee5fb000 	C:\Windows\system32\pnrpnsp.dll
0x00007ffbee4b0000 - 0x00007ffbee4c5000 	C:\Windows\system32\wshbth.dll
0x00007ffc01600000 - 0x00007ffc0161d000 	C:\Windows\system32\NLAapi.dll
0x00007ffbee440000 - 0x00007ffbee452000 	C:\Windows\System32\winrnr.dll
0x00007ffbfa390000 - 0x00007ffbfa39a000 	C:\Windows\System32\rasadhlp.dll
0x00007ffbfad90000 - 0x00007ffbfae10000 	C:\Windows\System32\fwpuclnt.dll

dbghelp: loaded successfully - version: 4.0.5 - missing functions: none
symbol engine: initialized successfully - sym options: 0x614 - pdb path: .;C:\Program Files\Android\Android Studio\jre\bin;C:\Windows\SYSTEM32;C:\Windows\WinSxS\amd64_microsoft.windows.common-controls_6595b64144ccf1df_6.0.19041.1110_none_60b5254171f9507e;C:\Program Files\Android\Android Studio\jre\bin\server;C:\Users\hp\.gradle\native\e1d6ef7f7dcc3fd88c89a11ec53ec762bb8ba0a96d01ffa2cd45eb1d1d8dd5c5\windows-amd64;C:\Users\hp\.gradle\native\5664cfc778a61ccfe75a443a1ab52a65af34e5dc3c78e0209fed803814484fcb\windows-amd64;C:\Users\hp\AppData\Local\Temp\native-platform12243854051480741432dir

VM Arguments:
jvm_args: --add-opens=java.base/java.util=ALL-UNNAMED --add-opens=java.base/java.lang=ALL-UNNAMED --add-opens=java.base/java.lang.invoke=ALL-UNNAMED --add-opens=java.base/java.util=ALL-UNNAMED --add-opens=java.prefs/java.util.prefs=ALL-UNNAMED --add-opens=java.prefs/java.util.prefs=ALL-UNNAMED --add-opens=java.base/java.nio.charset=ALL-UNNAMED --add-opens=java.base/java.net=ALL-UNNAMED --add-opens=java.base/java.util.concurrent.atomic=ALL-UNNAMED -Xmx2048m -Dfile.encoding=UTF-8 -Duser.country=IN -Duser.language=en -Duser.variant 
java_command: org.gradle.launcher.daemon.bootstrap.GradleDaemon 7.3.3
java_class_path (initial): C:\Users\hp\.gradle\wrapper\dists\gradle-7.3.3-bin\6a41zxkdtcxs8rphpq6y0069z\gradle-7.3.3\lib\gradle-launcher-7.3.3.jar
Launcher Type: SUN_STANDARD

[Global flags]
     intx CICompilerCount                          = 4                                         {product} {ergonomic}
     uint ConcGCThreads                            = 2                                         {product} {ergonomic}
     uint G1ConcRefinementThreads                  = 8                                         {product} {ergonomic}
   size_t G1HeapRegionSize                         = 1048576                                   {product} {ergonomic}
    uintx GCDrainStackTargetSize                   = 64                                        {product} {ergonomic}
   size_t InitialHeapSize                          = 134217728                                 {product} {ergonomic}
   size_t MarkStackSize                            = 4194304                                   {product} {ergonomic}
   size_t MaxHeapSize                              = 2147483648                                {product} {command line}
   size_t MaxNewSize                               = 1287651328                                {product} {ergonomic}
   size_t MinHeapDeltaBytes                        = 1048576                                   {product} {ergonomic}
    uintx NonNMethodCodeHeapSize                   = 5836300                                {pd product} {ergonomic}
    uintx NonProfiledCodeHeapSize                  = 122910970                              {pd product} {ergonomic}
    uintx ProfiledCodeHeapSize                     = 122910970                              {pd product} {ergonomic}
    uintx ReservedCodeCacheSize                    = 251658240                              {pd product} {ergonomic}
     bool SegmentedCodeCache                       = true                                      {product} {ergonomic}
     bool UseCompressedClassPointers               = true                                 {lp64_product} {ergonomic}
     bool UseCompressedOops                        = true                                 {lp64_product} {ergonomic}
     bool UseG1GC                                  = true                                      {product} {ergonomic}
     bool UseLargePagesIndividualAllocation        = false                                  {pd product} {ergonomic}

Logging:
Log output configuration:
 #0: stdout all=warning uptime,level,tags
 #1: stderr all=off uptime,level,tags

Environment Variables:
PATH=C:\Windows\system32;C:\Windows;C:\Windows\System32\Wbem;C:\Windows\System32\WindowsPowerShell\v1.0\;C:\Windows\System32\OpenSSH\;C:\Program Files (x86)\ATI Technologies\ATI.ACE\Core-Static;C:\Program Files\Git\cmd;C:\Program Files\MySQL\MySQL Shell 8.0\bin\;C:\Users\hp\AppData\Local\Microsoft\WindowsApps;;C:\Program Files\JetBrains\IntelliJ IDEA Community Edition 2022.3.1\bin;
USERNAME=hp
OS=Windows_NT
PROCESSOR_IDENTIFIER=Intel64 Family 6 Model 58 Stepping 9, GenuineIntel



---------------  S Y S T E M  ---------------

OS: Windows 10 , 64 bit Build 19041 (10.0.19041.2788)
OS uptime: 0 days 8:13 hours

CPU:total 8 (initial active 8) (4 cores per cpu, 2 threads per core) family 6 model 58 stepping 9 microcode 0x21, cmov, cx8, fxsr, mmx, sse, sse2, sse3, ssse3, sse4.1, sse4.2, popcnt, avx, aes, clmul, erms, ht, tsc, tscinvbit, tscinv

Memory: 4k page, system-wide physical 8067M (2532M free)
TotalPageFile size 11395M (AvailPageFile size 5498M)
current process WorkingSet (physical memory assigned to process): 553M, peak: 572M
current process commit charge ("private bytes"): 593M, peak: 612M

vm_info: OpenJDK 64-Bit Server VM (11.0.13+0-b1751.21-8125866) for windows-amd64 JRE (11.0.13+0-b1751.21-8125866), built on Feb  2 2022 03:00:22 by "builder" with MS VC++ 14.0 (VS2015)

END.
