#
# A fatal error has been detected by the Java Runtime Environment:
#
#  EXCEPTION_ACCESS_VIOLATION (0xc0000005) at pc=0x00000295b11bda58, pid=9864, tid=8544
#
# JRE version: OpenJDK Runtime Environment (11.0.13) (build 11.0.13+0-b1751.21-8125866)
# Java VM: OpenJDK 64-Bit Server VM (11.0.13+0-b1751.21-8125866, mixed mode, tiered, compressed oops, g1 gc, windows-amd64)
# Problematic frame:
# j  android.databinding.internal.org.antlr.v4.runtime.misc.Interval.adjacent(Landroid/databinding/internal/org/antlr/v4/runtime/misc/Interval;)Z+0
#
# No core dump will be written. Minidumps are not enabled by default on client versions of Windows
#
# If you would like to submit a bug report, please visit:
#   https://bugreport.java.com/bugreport/crash.jsp
#

---------------  S U M M A R Y ------------

Command Line: --add-opens=java.base/java.util=ALL-UNNAMED --add-opens=java.base/java.lang=ALL-UNNAMED --add-opens=java.base/java.lang.invoke=ALL-UNNAMED --add-opens=java.base/java.util=ALL-UNNAMED --add-opens=java.prefs/java.util.prefs=ALL-UNNAMED --add-opens=java.prefs/java.util.prefs=ALL-UNNAMED --add-opens=java.base/java.nio.charset=ALL-UNNAMED --add-opens=java.base/java.net=ALL-UNNAMED --add-opens=java.base/java.util.concurrent.atomic=ALL-UNNAMED -Xmx2048m -Dfile.encoding=UTF-8 -Duser.country=IN -Duser.language=en -Duser.variant org.gradle.launcher.daemon.bootstrap.GradleDaemon 7.3.3

Host: Intel(R) Core(TM) i7-3632QM CPU @ 2.20GHz, 8 cores, 7G,  Windows 10 , 64 bit Build 19041 (10.0.19041.2788)
Time: Fri Apr 28 17:14:11 2023 India Standard Time elapsed time: 143.013182 seconds (0d 0h 2m 23s)

---------------  T H R E A D  ---------------

Current thread (0x00000295cec92800):  JavaThread "Execution worker for ':'" [_thread_in_Java, id=8544, stack(0x000000fb75f00000,0x000000fb76000000)]

Stack: [0x000000fb75f00000,0x000000fb76000000],  sp=0x000000fb75ffa010,  free space=1000k
Native frames: (J=compiled Java code, j=interpreted, Vv=VM code, C=native code)
C  0x00000295b11bda58


siginfo: EXCEPTION_ACCESS_VIOLATION (0xc0000005), reading address 0x000002950000031b


Register to memory mapping:

RIP=0x00000295b11bda58 is at code_begin+2936 in an Interpreter codelet
exception handling  [0x00000295b11bcee0, 0x00000295b11bdce0]  3584 bytes
RAX=0x00000295cec92810 points into unknown readable memory: 0x00007fffe2f490a0 | a0 90 f4 e2 ff 7f 00 00
RBX=0x000000fb75ff9fb0 is pointing into the stack for thread: 0x00000295cec92800
RCX=0x0000000000000001 is an unknown value
RDX=0x00000295cec92810 points into unknown readable memory: 0x00007fffe2f490a0 | a0 90 f4 e2 ff 7f 00 00
RSP=0x000000fb75ffa010 is pointing into the stack for thread: 0x00000295cec92800
RBP=0x000000fb75ff9ff8 is pointing into the stack for thread: 0x00000295cec92800
RSI=0x0000000000000001 is an unknown value
RDI=0x0000000000674fd0 is an unknown value
R8 =0x0000000000000008 is an unknown value
R9 =0x000002950000031b is an unknown value
R10=0x0 is NULL
R11=0x000000fb75ff9fd8 is pointing into the stack for thread: 0x00000295cec92800
R12=0x0 is NULL
R13=0x00000295d9a476b0 is pointing into metadata
R14=0x00000295d9a476cf is pointing into metadata
R15=0x00000295cec92800 is a thread


Registers:
RAX=0x00000295cec92810, RBX=0x000000fb75ff9fb0, RCX=0x0000000000000001, RDX=0x00000295cec92810
RSP=0x000000fb75ffa010, RBP=0x000000fb75ff9ff8, RSI=0x0000000000000001, RDI=0x0000000000674fd0
R8 =0x0000000000000008, R9 =0x000002950000031b, R10=0x0000000000000000, R11=0x000000fb75ff9fd8
R12=0x0000000000000000, R13=0x00000295d9a476b0, R14=0x00000295d9a476cf, R15=0x00000295cec92800
RIP=0x00000295b11bda58, EFLAGS=0x0000000000010206

Top of Stack: (sp=0x000000fb75ffa010)
0x000000fb75ffa010:   000000008d63b598 000000fb75ffa018
0x000000fb75ffa020:   00000295d9a42ead 000000fb75ffa098
0x000000fb75ffa030:   00000295d9a45c30 0000000000000000
0x000000fb75ffa040:   000000008dad9ba0 00000295d9a42fb0
0x000000fb75ffa050:   000000fb75ffa008 000000fb75ffa090
0x000000fb75ffa060:   000000fb75ffa0e8 00000295b11ba4c3
0x000000fb75ffa070:   0000000000000000 0000000000000000
0x000000fb75ffa080:   000000008d7fefa8 000000008d63b5e8
0x000000fb75ffa090:   000000008d63b598 000000008d63b1c8
0x000000fb75ffa0a0:   000000fb75ffa0a0 00000295d9a42da6
0x000000fb75ffa0b0:   000000fb75ffa108 00000295d9a45c30
0x000000fb75ffa0c0:   0000000000000000 000000008dad9ba0
0x000000fb75ffa0d0:   00000295d9a42dd8 000000fb75ffa090
0x000000fb75ffa0e0:   000000fb75ffa0f8 000000fb75ffa158
0x000000fb75ffa0f0:   00000295b11ba4c3 000000000000000a
0x000000fb75ffa100:   000000000000000a 000000008d63b1c8 

Instructions: (pc=0x00000295b11bda58)
0x00000295b11bd958:   49 83 f8 05 0f 84 cf 00 00 00 4c 8b 00 4d 85 c0
0x00000295b11bd968:   0f 84 c3 00 00 00 f0 4d 0f b1 01 0f 84 b8 00 00
0x00000295b11bd978:   00 4c 89 4a 08 e8 05 00 00 00 e9 aa 00 00 00 48
0x00000295b11bd988:   8d 44 24 08 4c 89 6d c0 49 8b cf c5 f8 77 49 89
0x00000295b11bd998:   af 38 03 00 00 49 89 87 28 03 00 00 48 83 ec 20
0x00000295b11bd9a8:   f7 c4 0f 00 00 00 0f 84 1a 00 00 00 48 83 ec 08
0x00000295b11bd9b8:   49 ba 00 8f a6 e2 ff 7f 00 00 41 ff d2 48 83 c4
0x00000295b11bd9c8:   08 e9 0d 00 00 00 49 ba 00 8f a6 e2 ff 7f 00 00
0x00000295b11bd9d8:   41 ff d2 48 83 c4 20 49 ba 00 00 00 00 00 00 00
0x00000295b11bd9e8:   00 4d 89 97 28 03 00 00 49 ba 00 00 00 00 00 00
0x00000295b11bd9f8:   00 00 4d 89 97 38 03 00 00 49 ba 00 00 00 00 00
0x00000295b11bda08:   00 00 00 4d 89 97 30 03 00 00 c5 f8 77 49 81 7f
0x00000295b11bda18:   08 00 00 00 00 0f 84 05 00 00 00 e9 d8 34 ff ff
0x00000295b11bda28:   4c 8b 6d c0 4c 8b 75 c8 c3 4c 8b 6d c0 48 8b 55
0x00000295b11bda38:   b8 48 8d 5d b8 e9 c5 01 00 00 48 8b d2 4c 89 6d
0x00000295b11bda48:   c0 48 8d 02 4c 8b 4a 08 48 c7 42 08 00 00 00 00
0x00000295b11bda58:   4d 8b 01 49 83 e0 07 49 83 f8 05 0f 84 cf 00 00
0x00000295b11bda68:   00 4c 8b 00 4d 85 c0 0f 84 c3 00 00 00 f0 4d 0f
0x00000295b11bda78:   b1 01 0f 84 b8 00 00 00 4c 89 4a 08 e8 05 00 00
0x00000295b11bda88:   00 e9 aa 00 00 00 48 8d 44 24 08 4c 89 6d c0 49
0x00000295b11bda98:   8b cf c5 f8 77 49 89 af 38 03 00 00 49 89 87 28
0x00000295b11bdaa8:   03 00 00 48 83 ec 20 f7 c4 0f 00 00 00 0f 84 1a
0x00000295b11bdab8:   00 00 00 48 83 ec 08 49 ba 00 8f a6 e2 ff 7f 00
0x00000295b11bdac8:   00 41 ff d2 48 83 c4 08 e9 0d 00 00 00 49 ba 00
0x00000295b11bdad8:   8f a6 e2 ff 7f 00 00 41 ff d2 48 83 c4 20 49 ba
0x00000295b11bdae8:   00 00 00 00 00 00 00 00 4d 89 97 28 03 00 00 49
0x00000295b11bdaf8:   ba 00 00 00 00 00 00 00 00 4d 89 97 38 03 00 00
0x00000295b11bdb08:   49 ba 00 00 00 00 00 00 00 00 4d 89 97 30 03 00
0x00000295b11bdb18:   00 c5 f8 77 49 81 7f 08 00 00 00 00 0f 84 05 00
0x00000295b11bdb28:   00 00 e9 d1 33 ff ff 4c 8b 6d c0 4c 8b 75 c8 c3
0x00000295b11bdb38:   4c 8b 6d c0 e8 05 00 00 00 e9 aa 00 00 00 48 8d
0x00000295b11bdb48:   44 24 08 4c 89 6d c0 49 8b cf c5 f8 77 49 89 af 


Stack slot to memory mapping:
stack at sp + 0 slots: 0x000000008d63b598 is an oop: android.databinding.internal.org.antlr.v4.runtime.misc.Interval 
{0x000000008d63b598} - klass: 'android/databinding/internal/org/antlr/v4/runtime/misc/Interval'
stack at sp + 1 slots: 0x000000fb75ffa018 is pointing into the stack for thread: 0x00000295cec92800
stack at sp + 2 slots: 0x00000295d9a42ead is pointing into metadata
stack at sp + 3 slots: 0x000000fb75ffa098 is pointing into the stack for thread: 0x00000295cec92800
stack at sp + 4 slots: 0x00000295d9a45c30 is pointing into metadata
stack at sp + 5 slots: 0x0 is NULL
stack at sp + 6 slots: 0x000000008dad9ba0 is an oop: java.lang.Class 
{0x000000008dad9ba0} - klass: 'java/lang/Class'
stack at sp + 7 slots: {method} {0x00000295d9a42fb8} 'add' '(Landroid/databinding/internal/org/antlr/v4/runtime/misc/Interval;)V' in 'android/databinding/internal/org/antlr/v4/runtime/misc/IntervalSet'

exception handling  [0x00000295b11bcee0, 0x00000295b11bdce0]  3584 bytes

---------------  P R O C E S S  ---------------

Threads class SMR info:
_java_thread_list=0x00000295c8ef5720, length=144, elements={
0x00000295ad689000, 0x00000295c831e800, 0x00000295c8327800, 0x00000295c8b96800,
0x00000295c8b98800, 0x00000295c8b9a800, 0x00000295c8b9d800, 0x00000295c8b9e800,
0x00000295c8b9f800, 0x00000295c8d0d000, 0x00000295cb4b4800, 0x00000295c8e04000,
0x00000295c9156800, 0x00000295cc050000, 0x00000295cc051000, 0x00000295cc053000,
0x00000295cc052800, 0x00000295cc054000, 0x00000295cc2cb800, 0x00000295cc2cc800,
0x00000295cc2cf000, 0x00000295cc2d0000, 0x00000295cc2d0800, 0x00000295cc3b4800,
0x00000295cc3b6000, 0x00000295cc3b7000, 0x00000295cc3b1800, 0x00000295cc3b2000,
0x00000295d04b6000, 0x00000295d04bf000, 0x00000295d04c3000, 0x00000295d04c4000,
0x00000295d04c0800, 0x00000295ce573000, 0x00000295ce576000, 0x00000295ce577000,
0x00000295ce571000, 0x00000295ce573800, 0x00000295ce575800, 0x00000295cc3aa800,
0x00000295cc3ad000, 0x00000295cc3ac800, 0x00000295cc3ae000, 0x00000295cc3a9000,
0x00000295cc3a8800, 0x00000295cc3aa000, 0x00000295cc3af000, 0x00000295cc3af800,
0x00000295cc3b0800, 0x00000295cc3ab800, 0x00000295cc3b3000, 0x00000295cc3b3800,
0x00000295cc3b5800, 0x00000295d04b5000, 0x00000295d04bb800, 0x00000295d04ba000,
0x00000295d04bc800, 0x00000295d04bb000, 0x00000295d04b7000, 0x00000295d04bd800,
0x00000295d04b7800, 0x00000295d04be000, 0x00000295d04b8800, 0x00000295d04c2000,
0x00000295d04c0000, 0x00000295d04c1800, 0x00000295cc2ca000, 0x00000295cc2cb000,
0x00000295cc2ce000, 0x00000295cc2d1800, 0x00000295cc2d2800, 0x00000295cc2cd800,
0x00000295cc2d7000, 0x00000295cc2d8000, 0x00000295cc2d6800, 0x00000295cc2d3000,
0x00000295cc2d5800, 0x00000295cc2d4000, 0x00000295cc2d4800, 0x00000295ce56a000,
0x00000295ce56e000, 0x00000295ce569000, 0x00000295ce56f000, 0x00000295ce56f800,
0x00000295ce56d000, 0x00000295ce56a800, 0x00000295ce56b800, 0x00000295ce572000,
0x00000295ce56c800, 0x00000295ce574800, 0x00000295ce577800, 0x00000295cc04e800,
0x00000295cc055000, 0x00000295cc04f000, 0x00000295cc051800, 0x00000295d1a24000,
0x00000295d1a25000, 0x00000295d1a23800, 0x00000295d1a21000, 0x00000295d1a26000,
0x00000295d1a26800, 0x00000295d1a27800, 0x00000295d1a21800, 0x00000295d1a28800,
0x00000295d1a22800, 0x00000295d1a2c800, 0x00000295d1a2d000, 0x00000295d1a2e000,
0x00000295d1a2f000, 0x00000295d1a2a800, 0x00000295d1a2b800, 0x00000295d1a29000,
0x00000295d1a2f800, 0x00000295d1a2a000, 0x00000295cc933000, 0x00000295cc92e800,
0x00000295cc932000, 0x00000295cc930800, 0x00000295cc931000, 0x00000295cc92d000,
0x00000295cc933800, 0x00000295cc92e000, 0x00000295cc92f800, 0x00000295c97dc000,
0x00000295c97db800, 0x00000295c97dd000, 0x00000295c97d7800, 0x00000295c97d9800,
0x00000295c97de000, 0x00000295c97d8000, 0x00000295c97da800, 0x00000295c97d9000,
0x00000295cec90800, 0x00000295d1418000, 0x00000295d1574000, 0x00000295cec91800,
0x00000295cec92800, 0x00000295cec90000, 0x00000295cec99000, 0x00000295cec98000,
0x00000295cec93000, 0x00000295cec94000, 0x00000295cec99800, 0x00000295cec9a800
}

Java Threads: ( => current thread )
  0x00000295ad689000 JavaThread "main" [_thread_blocked, id=7988, stack(0x000000fb6d300000,0x000000fb6d400000)]
  0x00000295c831e800 JavaThread "Reference Handler" daemon [_thread_blocked, id=6504, stack(0x000000fb6da00000,0x000000fb6db00000)]
  0x00000295c8327800 JavaThread "Finalizer" daemon [_thread_blocked, id=6404, stack(0x000000fb6db00000,0x000000fb6dc00000)]
  0x00000295c8b96800 JavaThread "Signal Dispatcher" daemon [_thread_blocked, id=5376, stack(0x000000fb6dc00000,0x000000fb6dd00000)]
  0x00000295c8b98800 JavaThread "Attach Listener" daemon [_thread_blocked, id=1920, stack(0x000000fb6dd00000,0x000000fb6de00000)]
  0x00000295c8b9a800 JavaThread "Service Thread" daemon [_thread_blocked, id=2676, stack(0x000000fb6de00000,0x000000fb6df00000)]
  0x00000295c8b9d800 JavaThread "C2 CompilerThread0" daemon [_thread_in_native, id=8132, stack(0x000000fb6df00000,0x000000fb6e000000)]
  0x00000295c8b9e800 JavaThread "C1 CompilerThread0" daemon [_thread_blocked, id=9580, stack(0x000000fb6e000000,0x000000fb6e100000)]
  0x00000295c8b9f800 JavaThread "Sweeper thread" daemon [_thread_blocked, id=11580, stack(0x000000fb6e100000,0x000000fb6e200000)]
  0x00000295c8d0d000 JavaThread "Common-Cleaner" daemon [_thread_blocked, id=3156, stack(0x000000fb6e200000,0x000000fb6e300000)]
  0x00000295cb4b4800 JavaThread "Daemon health stats" [_thread_blocked, id=5516, stack(0x000000fb6e800000,0x000000fb6e900000)]
  0x00000295c8e04000 JavaThread "Incoming local TCP Connector on port 56223" [_thread_in_native, id=5020, stack(0x000000fb6e400000,0x000000fb6e500000)]
  0x00000295c9156800 JavaThread "Daemon periodic checks" [_thread_blocked, id=11808, stack(0x000000fb6ec00000,0x000000fb6ed00000)]
  0x00000295cc050000 JavaThread "Cache worker for journal cache (C:\Users\hp\.gradle\caches\journal-1)" [_thread_blocked, id=8564, stack(0x000000fb6f500000,0x000000fb6f600000)]
  0x00000295cc051000 JavaThread "File lock request listener" [_thread_in_native, id=11236, stack(0x000000fb6f600000,0x000000fb6f700000)]
  0x00000295cc053000 JavaThread "Cache worker for file hash cache (C:\Users\hp\.gradle\caches\7.3.3\fileHashes)" [_thread_blocked, id=1180, stack(0x000000fb6f700000,0x000000fb6f800000)]
  0x00000295cc052800 JavaThread "File watcher server" daemon [_thread_in_native, id=2520, stack(0x000000fb6fd00000,0x000000fb6fe00000)]
  0x00000295cc054000 JavaThread "File watcher consumer" daemon [_thread_blocked, id=8540, stack(0x000000fb6fe00000,0x000000fb6ff00000)]
  0x00000295cc2cb800 JavaThread "Cache worker for execution history cache (C:\Users\hp\.gradle\caches\7.3.3\executionHistory)" [_thread_blocked, id=5300, stack(0x000000fb70200000,0x000000fb70300000)]
  0x00000295cc2cc800 JavaThread "jar transforms" [_thread_blocked, id=5364, stack(0x000000fb70300000,0x000000fb70400000)]
  0x00000295cc2cf000 JavaThread "Cache worker for file content cache (C:\Users\hp\.gradle\caches\7.3.3\fileContent)" [_thread_blocked, id=7432, stack(0x000000fb70400000,0x000000fb70500000)]
  0x00000295cc2d0000 JavaThread "jar transforms Thread 2" [_thread_blocked, id=8232, stack(0x000000fb70500000,0x000000fb70600000)]
  0x00000295cc2d0800 JavaThread "jar transforms Thread 3" [_thread_blocked, id=9760, stack(0x000000fb70700000,0x000000fb70800000)]
  0x00000295cc3b4800 JavaThread "jar transforms Thread 4" [_thread_blocked, id=2776, stack(0x000000fb75900000,0x000000fb75a00000)]
  0x00000295cc3b6000 JavaThread "jar transforms Thread 5" [_thread_blocked, id=10164, stack(0x000000fb75a00000,0x000000fb75b00000)]
  0x00000295cc3b7000 JavaThread "jar transforms Thread 6" [_thread_blocked, id=5832, stack(0x000000fb75b00000,0x000000fb75c00000)]
  0x00000295cc3b1800 JavaThread "jar transforms Thread 7" [_thread_blocked, id=10852, stack(0x000000fb75c00000,0x000000fb75d00000)]
  0x00000295cc3b2000 JavaThread "jar transforms Thread 8" [_thread_blocked, id=11456, stack(0x000000fb75d00000,0x000000fb75e00000)]
  0x00000295d04b6000 JavaThread "Memory manager" [_thread_blocked, id=9224, stack(0x000000fb75e00000,0x000000fb75f00000)]
  0x00000295d04bf000 JavaThread "RMI Scheduler(0)" daemon [_thread_blocked, id=4852, stack(0x000000fb6f100000,0x000000fb6f200000)]
  0x00000295d04c3000 JavaThread "RMI GC Daemon" daemon [_thread_blocked, id=11108, stack(0x000000fb76a00000,0x000000fb76b00000)]
  0x00000295d04c4000 JavaThread "RMI TCP Accept-0" daemon [_thread_in_native, id=852, stack(0x000000fb76b00000,0x000000fb76c00000)]
  0x00000295d04c0800 JavaThread "RMI Reaper" [_thread_blocked, id=12156, stack(0x000000fb76c00000,0x000000fb76d00000)]
  0x00000295ce573000 JavaThread "ForkJoinPool.commonPool-worker-5" daemon [_thread_blocked, id=7916, stack(0x000000fb77b00000,0x000000fb77c00000)]
  0x00000295ce576000 JavaThread "ForkJoinPool.commonPool-worker-7" daemon [_thread_blocked, id=10728, stack(0x000000fb77c00000,0x000000fb77d00000)]
  0x00000295ce577000 JavaThread "ForkJoinPool.commonPool-worker-9" daemon [_thread_blocked, id=6568, stack(0x000000fb77d00000,0x000000fb77e00000)]
  0x00000295ce571000 JavaThread "ForkJoinPool.commonPool-worker-11" daemon [_thread_blocked, id=4804, stack(0x000000fb77e00000,0x000000fb77f00000)]
  0x00000295ce573800 JavaThread "ForkJoinPool.commonPool-worker-13" daemon [_thread_blocked, id=2468, stack(0x000000fb77f00000,0x000000fb78000000)]
  0x00000295ce575800 JavaThread "ForkJoinPool.commonPool-worker-15" daemon [_thread_blocked, id=4828, stack(0x000000fb78000000,0x000000fb78100000)]
  0x00000295cc3aa800 JavaThread "Daemon Thread 2" [_thread_blocked, id=9620, stack(0x000000fb6d000000,0x000000fb6d100000)]
  0x00000295cc3ad000 JavaThread "Handler for socket connection from /127.0.0.1:56223 to /127.0.0.1:56285" [_thread_in_native, id=5580, stack(0x000000fb6d100000,0x000000fb6d200000)]
  0x00000295cc3ac800 JavaThread "Cancel handler" [_thread_blocked, id=2144, stack(0x000000fb6d200000,0x000000fb6d300000)]
  0x00000295cc3ae000 JavaThread "Daemon worker Thread 2" [_thread_blocked, id=9100, stack(0x000000fb6ed00000,0x000000fb6ee00000)]
  0x00000295cc3a9000 JavaThread "Asynchronous log dispatcher for DefaultDaemonConnection: socket connection from /127.0.0.1:56223 to /127.0.0.1:56285" [_thread_blocked, id=4904, stack(0x000000fb6ee00000,0x000000fb6ef00000)]
  0x00000295cc3a8800 JavaThread "Stdin handler" [_thread_blocked, id=7776, stack(0x000000fb6ef00000,0x000000fb6f000000)]
  0x00000295cc3aa000 JavaThread "Daemon client event forwarder" [_thread_blocked, id=10044, stack(0x000000fb6f000000,0x000000fb6f100000)]
  0x00000295cc3af000 JavaThread "Cache worker for file hash cache (C:\Users\hp\Desktop\Projects\Vastu\vasturealestate\.gradle\7.3.3\fileHashes)" [_thread_blocked, id=1584, stack(0x000000fb6f200000,0x000000fb6f300000)]
  0x00000295cc3af800 JavaThread "Cache worker for checksums cache (C:\Users\hp\Desktop\Projects\Vastu\vasturealestate\.gradle\7.3.3\checksums)" [_thread_blocked, id=6788, stack(0x000000fb6fb00000,0x000000fb6fc00000)]
  0x00000295cc3b0800 JavaThread "Cache worker for cache directory md-supplier (C:\Users\hp\.gradle\caches\7.3.3\md-supplier)" [_thread_blocked, id=5104, stack(0x000000fb6fc00000,0x000000fb6fd00000)]
  0x00000295cc3ab800 JavaThread "Cache worker for cache directory md-rule (C:\Users\hp\.gradle\caches\7.3.3\md-rule)" [_thread_blocked, id=6124, stack(0x000000fb6ff00000,0x000000fb70000000)]
  0x00000295cc3b3000 JavaThread "Cache worker for dependencies-accessors (C:\Users\hp\Desktop\Projects\Vastu\vasturealestate\.gradle\7.3.3\dependencies-accessors)" [_thread_blocked, id=7684, stack(0x000000fb70000000,0x000000fb70100000)]
  0x00000295cc3b3800 JavaThread "Cache worker for Build Output Cleanup Cache (C:\Users\hp\Desktop\Projects\Vastu\vasturealestate\.gradle\buildOutputCleanup)" [_thread_blocked, id=9992, stack(0x000000fb70100000,0x000000fb70200000)]
  0x00000295cc3b5800 JavaThread "Unconstrained build operations" [_thread_blocked, id=11004, stack(0x000000fb70600000,0x000000fb70700000)]
  0x00000295d04b5000 JavaThread "Unconstrained build operations Thread 2" [_thread_blocked, id=10996, stack(0x000000fb70800000,0x000000fb70900000)]
  0x00000295d04bb800 JavaThread "Unconstrained build operations Thread 3" [_thread_blocked, id=6252, stack(0x000000fb70900000,0x000000fb70a00000)]
  0x00000295d04ba000 JavaThread "Unconstrained build operations Thread 4" [_thread_blocked, id=3684, stack(0x000000fb70a00000,0x000000fb70b00000)]
  0x00000295d04bc800 JavaThread "Unconstrained build operations Thread 5" [_thread_blocked, id=5428, stack(0x000000fb70b00000,0x000000fb70c00000)]
  0x00000295d04bb000 JavaThread "Unconstrained build operations Thread 6" [_thread_blocked, id=1736, stack(0x000000fb70c00000,0x000000fb70d00000)]
  0x00000295d04b7000 JavaThread "Unconstrained build operations Thread 7" [_thread_blocked, id=5564, stack(0x000000fb70d00000,0x000000fb70e00000)]
  0x00000295d04bd800 JavaThread "Unconstrained build operations Thread 8" [_thread_blocked, id=11588, stack(0x000000fb70e00000,0x000000fb70f00000)]
  0x00000295d04b7800 JavaThread "Unconstrained build operations Thread 9" [_thread_blocked, id=9960, stack(0x000000fb70f00000,0x000000fb71000000)]
  0x00000295d04be000 JavaThread "Unconstrained build operations Thread 10" [_thread_blocked, id=9692, stack(0x000000fb71000000,0x000000fb71100000)]
  0x00000295d04b8800 JavaThread "Unconstrained build operations Thread 11" [_thread_blocked, id=8172, stack(0x000000fb71100000,0x000000fb71200000)]
  0x00000295d04c2000 JavaThread "Unconstrained build operations Thread 12" [_thread_blocked, id=9556, stack(0x000000fb71200000,0x000000fb71300000)]
  0x00000295d04c0000 JavaThread "Unconstrained build operations Thread 13" [_thread_blocked, id=9116, stack(0x000000fb71300000,0x000000fb71400000)]
  0x00000295d04c1800 JavaThread "Unconstrained build operations Thread 14" [_thread_blocked, id=12264, stack(0x000000fb71400000,0x000000fb71500000)]
  0x00000295cc2ca000 JavaThread "Unconstrained build operations Thread 15" [_thread_blocked, id=9280, stack(0x000000fb71500000,0x000000fb71600000)]
  0x00000295cc2cb000 JavaThread "Unconstrained build operations Thread 16" [_thread_blocked, id=11140, stack(0x000000fb71600000,0x000000fb71700000)]
  0x00000295cc2ce000 JavaThread "Unconstrained build operations Thread 17" [_thread_blocked, id=11556, stack(0x000000fb71700000,0x000000fb71800000)]
  0x00000295cc2d1800 JavaThread "Unconstrained build operations Thread 18" [_thread_blocked, id=5740, stack(0x000000fb71800000,0x000000fb71900000)]
  0x00000295cc2d2800 JavaThread "Unconstrained build operations Thread 19" [_thread_blocked, id=7204, stack(0x000000fb71900000,0x000000fb71a00000)]
  0x00000295cc2cd800 JavaThread "Unconstrained build operations Thread 20" [_thread_blocked, id=1424, stack(0x000000fb71a00000,0x000000fb71b00000)]
  0x00000295cc2d7000 JavaThread "Unconstrained build operations Thread 21" [_thread_blocked, id=6048, stack(0x000000fb71b00000,0x000000fb71c00000)]
  0x00000295cc2d8000 JavaThread "Unconstrained build operations Thread 22" [_thread_blocked, id=2284, stack(0x000000fb71c00000,0x000000fb71d00000)]
  0x00000295cc2d6800 JavaThread "Unconstrained build operations Thread 23" [_thread_blocked, id=7236, stack(0x000000fb71d00000,0x000000fb71e00000)]
  0x00000295cc2d3000 JavaThread "Unconstrained build operations Thread 24" [_thread_blocked, id=9940, stack(0x000000fb71e00000,0x000000fb71f00000)]
  0x00000295cc2d5800 JavaThread "Unconstrained build operations Thread 25" [_thread_blocked, id=7576, stack(0x000000fb71f00000,0x000000fb72000000)]
  0x00000295cc2d4000 JavaThread "Unconstrained build operations Thread 26" [_thread_blocked, id=7016, stack(0x000000fb72000000,0x000000fb72100000)]
  0x00000295cc2d4800 JavaThread "Unconstrained build operations Thread 27" [_thread_blocked, id=7244, stack(0x000000fb72100000,0x000000fb72200000)]
  0x00000295ce56a000 JavaThread "Unconstrained build operations Thread 28" [_thread_blocked, id=2400, stack(0x000000fb72200000,0x000000fb72300000)]
  0x00000295ce56e000 JavaThread "Unconstrained build operations Thread 29" [_thread_blocked, id=8776, stack(0x000000fb72300000,0x000000fb72400000)]
  0x00000295ce569000 JavaThread "Unconstrained build operations Thread 30" [_thread_blocked, id=9380, stack(0x000000fb72400000,0x000000fb72500000)]
  0x00000295ce56f000 JavaThread "Unconstrained build operations Thread 31" [_thread_blocked, id=9716, stack(0x000000fb72500000,0x000000fb72600000)]
  0x00000295ce56f800 JavaThread "Unconstrained build operations Thread 32" [_thread_blocked, id=8484, stack(0x000000fb72600000,0x000000fb72700000)]
  0x00000295ce56d000 JavaThread "Unconstrained build operations Thread 33" [_thread_blocked, id=11860, stack(0x000000fb72700000,0x000000fb72800000)]
  0x00000295ce56a800 JavaThread "Unconstrained build operations Thread 34" [_thread_blocked, id=9080, stack(0x000000fb72800000,0x000000fb72900000)]
  0x00000295ce56b800 JavaThread "Unconstrained build operations Thread 35" [_thread_blocked, id=728, stack(0x000000fb72900000,0x000000fb72a00000)]
  0x00000295ce572000 JavaThread "Unconstrained build operations Thread 36" [_thread_blocked, id=1844, stack(0x000000fb72a00000,0x000000fb72b00000)]
  0x00000295ce56c800 JavaThread "Unconstrained build operations Thread 37" [_thread_blocked, id=4168, stack(0x000000fb72b00000,0x000000fb72c00000)]
  0x00000295ce574800 JavaThread "Unconstrained build operations Thread 38" [_thread_blocked, id=5512, stack(0x000000fb72c00000,0x000000fb72d00000)]
  0x00000295ce577800 JavaThread "Unconstrained build operations Thread 39" [_thread_blocked, id=3776, stack(0x000000fb72d00000,0x000000fb72e00000)]
  0x00000295cc04e800 JavaThread "Unconstrained build operations Thread 40" [_thread_blocked, id=11708, stack(0x000000fb72e00000,0x000000fb72f00000)]
  0x00000295cc055000 JavaThread "Unconstrained build operations Thread 41" [_thread_blocked, id=7844, stack(0x000000fb72f00000,0x000000fb73000000)]
  0x00000295cc04f000 JavaThread "Unconstrained build operations Thread 42" [_thread_blocked, id=2492, stack(0x000000fb73000000,0x000000fb73100000)]
  0x00000295cc051800 JavaThread "Unconstrained build operations Thread 43" [_thread_blocked, id=2100, stack(0x000000fb73100000,0x000000fb73200000)]
  0x00000295d1a24000 JavaThread "Unconstrained build operations Thread 44" [_thread_blocked, id=10428, stack(0x000000fb73200000,0x000000fb73300000)]
  0x00000295d1a25000 JavaThread "Unconstrained build operations Thread 45" [_thread_blocked, id=8548, stack(0x000000fb73300000,0x000000fb73400000)]
  0x00000295d1a23800 JavaThread "Unconstrained build operations Thread 46" [_thread_blocked, id=8352, stack(0x000000fb73400000,0x000000fb73500000)]
  0x00000295d1a21000 JavaThread "Unconstrained build operations Thread 47" [_thread_blocked, id=5528, stack(0x000000fb73500000,0x000000fb73600000)]
  0x00000295d1a26000 JavaThread "Unconstrained build operations Thread 48" [_thread_blocked, id=8100, stack(0x000000fb73600000,0x000000fb73700000)]
  0x00000295d1a26800 JavaThread "Unconstrained build operations Thread 49" [_thread_blocked, id=11952, stack(0x000000fb73700000,0x000000fb73800000)]
  0x00000295d1a27800 JavaThread "Unconstrained build operations Thread 50" [_thread_blocked, id=3152, stack(0x000000fb73800000,0x000000fb73900000)]
  0x00000295d1a21800 JavaThread "Unconstrained build operations Thread 51" [_thread_blocked, id=10904, stack(0x000000fb73900000,0x000000fb73a00000)]
  0x00000295d1a28800 JavaThread "Unconstrained build operations Thread 52" [_thread_blocked, id=5584, stack(0x000000fb73a00000,0x000000fb73b00000)]
  0x00000295d1a22800 JavaThread "Unconstrained build operations Thread 53" [_thread_blocked, id=11344, stack(0x000000fb73b00000,0x000000fb73c00000)]
  0x00000295d1a2c800 JavaThread "Unconstrained build operations Thread 54" [_thread_blocked, id=10864, stack(0x000000fb73c00000,0x000000fb73d00000)]
  0x00000295d1a2d000 JavaThread "Unconstrained build operations Thread 55" [_thread_blocked, id=12212, stack(0x000000fb73d00000,0x000000fb73e00000)]
  0x00000295d1a2e000 JavaThread "Unconstrained build operations Thread 56" [_thread_blocked, id=7800, stack(0x000000fb73e00000,0x000000fb73f00000)]
  0x00000295d1a2f000 JavaThread "Unconstrained build operations Thread 57" [_thread_blocked, id=11444, stack(0x000000fb73f00000,0x000000fb74000000)]
  0x00000295d1a2a800 JavaThread "Unconstrained build operations Thread 58" [_thread_blocked, id=7044, stack(0x000000fb74000000,0x000000fb74100000)]
  0x00000295d1a2b800 JavaThread "Unconstrained build operations Thread 59" [_thread_blocked, id=11880, stack(0x000000fb74100000,0x000000fb74200000)]
  0x00000295d1a29000 JavaThread "Unconstrained build operations Thread 60" [_thread_blocked, id=5648, stack(0x000000fb74200000,0x000000fb74300000)]
  0x00000295d1a2f800 JavaThread "Unconstrained build operations Thread 61" [_thread_blocked, id=4224, stack(0x000000fb74300000,0x000000fb74400000)]
  0x00000295d1a2a000 JavaThread "Unconstrained build operations Thread 62" [_thread_blocked, id=7796, stack(0x000000fb74400000,0x000000fb74500000)]
  0x00000295cc933000 JavaThread "Unconstrained build operations Thread 63" [_thread_blocked, id=2648, stack(0x000000fb74500000,0x000000fb74600000)]
  0x00000295cc92e800 JavaThread "Unconstrained build operations Thread 64" [_thread_blocked, id=1340, stack(0x000000fb74600000,0x000000fb74700000)]
  0x00000295cc932000 JavaThread "Unconstrained build operations Thread 65" [_thread_blocked, id=10160, stack(0x000000fb74700000,0x000000fb74800000)]
  0x00000295cc930800 JavaThread "Unconstrained build operations Thread 66" [_thread_blocked, id=7264, stack(0x000000fb74800000,0x000000fb74900000)]
  0x00000295cc931000 JavaThread "Unconstrained build operations Thread 67" [_thread_blocked, id=12092, stack(0x000000fb74900000,0x000000fb74a00000)]
  0x00000295cc92d000 JavaThread "Unconstrained build operations Thread 68" [_thread_blocked, id=1648, stack(0x000000fb74a00000,0x000000fb74b00000)]
  0x00000295cc933800 JavaThread "Unconstrained build operations Thread 69" [_thread_blocked, id=2808, stack(0x000000fb74b00000,0x000000fb74c00000)]
  0x00000295cc92e000 JavaThread "Unconstrained build operations Thread 70" [_thread_blocked, id=1068, stack(0x000000fb74c00000,0x000000fb74d00000)]
  0x00000295cc92f800 JavaThread "Unconstrained build operations Thread 71" [_thread_blocked, id=10984, stack(0x000000fb74d00000,0x000000fb74e00000)]
  0x00000295c97dc000 JavaThread "Unconstrained build operations Thread 72" [_thread_blocked, id=6408, stack(0x000000fb74e00000,0x000000fb74f00000)]
  0x00000295c97db800 JavaThread "Unconstrained build operations Thread 73" [_thread_blocked, id=4132, stack(0x000000fb74f00000,0x000000fb75000000)]
  0x00000295c97dd000 JavaThread "Unconstrained build operations Thread 74" [_thread_blocked, id=1884, stack(0x000000fb75000000,0x000000fb75100000)]
  0x00000295c97d7800 JavaThread "Unconstrained build operations Thread 75" [_thread_blocked, id=1388, stack(0x000000fb75100000,0x000000fb75200000)]
  0x00000295c97d9800 JavaThread "Unconstrained build operations Thread 76" [_thread_blocked, id=2844, stack(0x000000fb75200000,0x000000fb75300000)]
  0x00000295c97de000 JavaThread "Unconstrained build operations Thread 77" [_thread_blocked, id=2508, stack(0x000000fb75300000,0x000000fb75400000)]
  0x00000295c97d8000 JavaThread "Unconstrained build operations Thread 78" [_thread_blocked, id=7876, stack(0x000000fb75400000,0x000000fb75500000)]
  0x00000295c97da800 JavaThread "Unconstrained build operations Thread 79" [_thread_blocked, id=9372, stack(0x000000fb75500000,0x000000fb75600000)]
  0x00000295c97d9000 JavaThread "Unconstrained build operations Thread 80" [_thread_blocked, id=8404, stack(0x000000fb75600000,0x000000fb75700000)]
  0x00000295cec90800 JavaThread "build event listener" [_thread_blocked, id=3340, stack(0x000000fb75700000,0x000000fb75800000)]
  0x00000295d1418000 JavaThread "C2 CompilerThread1" daemon [_thread_blocked, id=4396, stack(0x000000fb6f300000,0x000000fb6f400000)]
  0x00000295d1574000 JavaThread "C2 CompilerThread2" daemon [_thread_blocked, id=8508, stack(0x000000fb6f400000,0x000000fb6f500000)]
  0x00000295cec91800 JavaThread "build event listener" [_thread_blocked, id=7536, stack(0x000000fb75800000,0x000000fb75900000)]
=>0x00000295cec92800 JavaThread "Execution worker for ':'" [_thread_in_Java, id=8544, stack(0x000000fb75f00000,0x000000fb76000000)]
  0x00000295cec90000 JavaThread "Execution worker for ':' Thread 2" [_thread_blocked, id=1928, stack(0x000000fb76000000,0x000000fb76100000)]
  0x00000295cec99000 JavaThread "Execution worker for ':' Thread 3" [_thread_blocked, id=11408, stack(0x000000fb76100000,0x000000fb76200000)]
  0x00000295cec98000 JavaThread "Execution worker for ':' Thread 4" [_thread_blocked, id=2440, stack(0x000000fb76200000,0x000000fb76300000)]
  0x00000295cec93000 JavaThread "Execution worker for ':' Thread 5" [_thread_blocked, id=11384, stack(0x000000fb76300000,0x000000fb76400000)]
  0x00000295cec94000 JavaThread "Execution worker for ':' Thread 6" [_thread_blocked, id=11464, stack(0x000000fb76400000,0x000000fb76500000)]
  0x00000295cec99800 JavaThread "Execution worker for ':' Thread 7" [_thread_blocked, id=11732, stack(0x000000fb76500000,0x000000fb76600000)]
  0x00000295cec9a800 JavaThread "Cache worker for execution history cache (C:\Users\hp\Desktop\Projects\Vastu\vasturealestate\.gradle\7.3.3\executionHistory)" [_thread_blocked, id=7132, stack(0x000000fb76600000,0x000000fb76700000)]

Other Threads:
  0x00000295c8b36800 VMThread "VM Thread" [stack: 0x000000fb6d900000,0x000000fb6da00000] [id=11144]
  0x00000295c8d28000 WatcherThread [stack: 0x000000fb6e300000,0x000000fb6e400000] [id=7228]
  0x00000295ad6a3800 GCTaskThread "GC Thread#0" [stack: 0x000000fb6d400000,0x000000fb6d500000] [id=7500]
  0x00000295c9b8c000 GCTaskThread "GC Thread#1" [stack: 0x000000fb6e600000,0x000000fb6e700000] [id=6416]
  0x00000295c9613000 GCTaskThread "GC Thread#2" [stack: 0x000000fb6e700000,0x000000fb6e800000] [id=536]
  0x00000295c946a000 GCTaskThread "GC Thread#3" [stack: 0x000000fb6e500000,0x000000fb6e600000] [id=10020]
  0x00000295caed7800 GCTaskThread "GC Thread#4" [stack: 0x000000fb6e900000,0x000000fb6ea00000] [id=7372]
  0x00000295cbd5e000 GCTaskThread "GC Thread#5" [stack: 0x000000fb6ea00000,0x000000fb6eb00000] [id=9020]
  0x00000295caf46800 GCTaskThread "GC Thread#6" [stack: 0x000000fb6f800000,0x000000fb6f900000] [id=10708]
  0x00000295cb953000 GCTaskThread "GC Thread#7" [stack: 0x000000fb6f900000,0x000000fb6fa00000] [id=4660]
  0x00000295ad6d5800 ConcurrentGCThread "G1 Main Marker" [stack: 0x000000fb6d500000,0x000000fb6d600000] [id=6380]
  0x00000295ad6d8000 ConcurrentGCThread "G1 Conc#0" [stack: 0x000000fb6d600000,0x000000fb6d700000] [id=12116]
  0x00000295ca3a7800 ConcurrentGCThread "G1 Conc#1" [stack: 0x000000fb6fa00000,0x000000fb6fb00000] [id=2596]
  0x00000295c816d800 ConcurrentGCThread "G1 Refine#0" [stack: 0x000000fb6d700000,0x000000fb6d800000] [id=812]
  0x00000295cb55b000 ConcurrentGCThread "G1 Refine#1" [stack: 0x000000fb6eb00000,0x000000fb6ec00000] [id=8972]
  0x00000295c816e800 ConcurrentGCThread "G1 Young RemSet Sampling" [stack: 0x000000fb6d800000,0x000000fb6d900000] [id=11804]

Threads with active compile tasks:
C2 CompilerThread0 143082 19670 % !   4       com.android.ide.common.resources.DataMerger::mergeData @ 247 (611 bytes)

VM state:not at safepoint (normal execution)

VM Mutex/Monitor currently owned by a thread: None

Heap address: 0x0000000080000000, size: 2048 MB, Compressed Oops mode: 32-bit
Narrow klass base: 0x0000000000000000, Narrow klass shift: 3
Compressed class space size: 1073741824 Address: 0x0000000100000000

Heap:
 garbage-first heap   total 227328K, used 164422K [0x0000000080000000, 0x0000000100000000)
  region size 1024K, 8 young (8192K), 1 survivors (1024K)
 Metaspace       used 121847K, capacity 126188K, committed 126364K, reserved 1159168K
  class space    used 15749K, capacity 17398K, committed 17432K, reserved 1048576K
Heap Regions: E=young(eden), S=young(survivor), O=old, HS=humongous(starts), HC=humongous(continues), CS=collection set, F=free, A=archive, TAMS=top-at-mark-start (previous, next)
|   0|0x0000000080000000, 0x0000000080100000, 0x0000000080100000|100%| O|  |TAMS 0x0000000080100000, 0x0000000080000000| Untracked 
|   1|0x0000000080100000, 0x0000000080200000, 0x0000000080200000|100%| O|  |TAMS 0x0000000080200000, 0x0000000080100000| Untracked 
|   2|0x0000000080200000, 0x0000000080300000, 0x0000000080300000|100%| O|  |TAMS 0x0000000080300000, 0x0000000080200000| Untracked 
|   3|0x0000000080300000, 0x0000000080400000, 0x0000000080400000|100%|HS|  |TAMS 0x0000000080400000, 0x0000000080300000| Complete 
|   4|0x0000000080400000, 0x0000000080500000, 0x0000000080500000|100%|HC|  |TAMS 0x0000000080500000, 0x0000000080400000| Complete 
|   5|0x0000000080500000, 0x0000000080600000, 0x0000000080600000|100%|HC|  |TAMS 0x0000000080600000, 0x0000000080500000| Complete 
|   6|0x0000000080600000, 0x0000000080700000, 0x0000000080700000|100%| O|  |TAMS 0x0000000080700000, 0x0000000080600000| Untracked 
|   7|0x0000000080700000, 0x0000000080800000, 0x0000000080800000|100%| O|  |TAMS 0x0000000080800000, 0x0000000080700000| Untracked 
|   8|0x0000000080800000, 0x0000000080900000, 0x0000000080900000|100%| O|  |TAMS 0x0000000080900000, 0x0000000080800000| Untracked 
|   9|0x0000000080900000, 0x0000000080a00000, 0x0000000080a00000|100%| O|  |TAMS 0x0000000080a00000, 0x0000000080900000| Untracked 
|  10|0x0000000080a00000, 0x0000000080b00000, 0x0000000080b00000|100%| O|  |TAMS 0x0000000080b00000, 0x0000000080a00000| Untracked 
|  11|0x0000000080b00000, 0x0000000080c00000, 0x0000000080c00000|100%| O|  |TAMS 0x0000000080c00000, 0x0000000080b00000| Untracked 
|  12|0x0000000080c00000, 0x0000000080d00000, 0x0000000080d00000|100%| O|  |TAMS 0x0000000080d00000, 0x0000000080c00000| Untracked 
|  13|0x0000000080d00000, 0x0000000080e00000, 0x0000000080e00000|100%| O|  |TAMS 0x0000000080e00000, 0x0000000080d00000| Untracked 
|  14|0x0000000080e00000, 0x0000000080f00000, 0x0000000080f00000|100%| O|  |TAMS 0x0000000080f00000, 0x0000000080e00000| Untracked 
|  15|0x0000000080f00000, 0x0000000081000000, 0x0000000081000000|100%| O|  |TAMS 0x0000000081000000, 0x0000000080f00000| Untracked 
|  16|0x0000000081000000, 0x0000000081100000, 0x0000000081100000|100%|HS|  |TAMS 0x0000000081100000, 0x0000000081000000| Complete 
|  17|0x0000000081100000, 0x0000000081200000, 0x0000000081200000|100%| O|  |TAMS 0x0000000081200000, 0x0000000081100000| Untracked 
|  18|0x0000000081200000, 0x0000000081300000, 0x0000000081300000|100%| O|  |TAMS 0x0000000081300000, 0x0000000081200000| Untracked 
|  19|0x0000000081300000, 0x0000000081400000, 0x0000000081400000|100%| O|  |TAMS 0x0000000081400000, 0x0000000081300000| Untracked 
|  20|0x0000000081400000, 0x0000000081500000, 0x0000000081500000|100%| O|  |TAMS 0x0000000081500000, 0x0000000081400000| Untracked 
|  21|0x0000000081500000, 0x0000000081600000, 0x0000000081600000|100%| O|  |TAMS 0x0000000081600000, 0x0000000081500000| Untracked 
|  22|0x0000000081600000, 0x0000000081700000, 0x0000000081700000|100%| O|  |TAMS 0x0000000081700000, 0x0000000081600000| Untracked 
|  23|0x0000000081700000, 0x0000000081800000, 0x0000000081800000|100%| O|  |TAMS 0x0000000081800000, 0x0000000081700000| Untracked 
|  24|0x0000000081800000, 0x0000000081900000, 0x0000000081900000|100%| O|  |TAMS 0x0000000081900000, 0x0000000081800000| Untracked 
|  25|0x0000000081900000, 0x0000000081a00000, 0x0000000081a00000|100%| O|  |TAMS 0x0000000081a00000, 0x0000000081900000| Untracked 
|  26|0x0000000081a00000, 0x0000000081b00000, 0x0000000081b00000|100%| O|  |TAMS 0x0000000081b00000, 0x0000000081a00000| Untracked 
|  27|0x0000000081b00000, 0x0000000081c00000, 0x0000000081c00000|100%| O|  |TAMS 0x0000000081c00000, 0x0000000081b00000| Untracked 
|  28|0x0000000081c00000, 0x0000000081d00000, 0x0000000081d00000|100%|HS|  |TAMS 0x0000000081d00000, 0x0000000081c00000| Complete 
|  29|0x0000000081d00000, 0x0000000081e00000, 0x0000000081e00000|100%|HS|  |TAMS 0x0000000081e00000, 0x0000000081d00000| Complete 
|  30|0x0000000081e00000, 0x0000000081f00000, 0x0000000081f00000|100%|HS|  |TAMS 0x0000000081f00000, 0x0000000081e00000| Complete 
|  31|0x0000000081f00000, 0x0000000082000000, 0x0000000082000000|100%|HC|  |TAMS 0x0000000082000000, 0x0000000081f00000| Complete 
|  32|0x0000000082000000, 0x0000000082100000, 0x0000000082100000|100%|HC|  |TAMS 0x0000000082100000, 0x0000000082000000| Complete 
|  33|0x0000000082100000, 0x0000000082200000, 0x0000000082200000|100%|HS|  |TAMS 0x0000000082200000, 0x0000000082100000| Complete 
|  34|0x0000000082200000, 0x0000000082300000, 0x0000000082300000|100%|HC|  |TAMS 0x0000000082300000, 0x0000000082200000| Complete 
|  35|0x0000000082300000, 0x0000000082400000, 0x0000000082400000|100%| O|  |TAMS 0x0000000082300000, 0x0000000082300000| Untracked 
|  36|0x0000000082400000, 0x0000000082500000, 0x0000000082500000|100%| O|  |TAMS 0x0000000082500000, 0x0000000082400000| Untracked 
|  37|0x0000000082500000, 0x0000000082600000, 0x0000000082600000|100%| O|  |TAMS 0x0000000082600000, 0x0000000082500000| Untracked 
|  38|0x0000000082600000, 0x0000000082700000, 0x0000000082700000|100%| O|  |TAMS 0x0000000082700000, 0x0000000082600000| Untracked 
|  39|0x0000000082700000, 0x0000000082800000, 0x0000000082800000|100%| O|  |TAMS 0x0000000082800000, 0x0000000082700000| Untracked 
|  40|0x0000000082800000, 0x0000000082900000, 0x0000000082900000|100%| O|  |TAMS 0x0000000082900000, 0x0000000082800000| Untracked 
|  41|0x0000000082900000, 0x0000000082a00000, 0x0000000082a00000|100%| O|  |TAMS 0x0000000082a00000, 0x0000000082900000| Untracked 
|  42|0x0000000082a00000, 0x0000000082b00000, 0x0000000082b00000|100%| O|  |TAMS 0x0000000082b00000, 0x0000000082a00000| Untracked 
|  43|0x0000000082b00000, 0x0000000082c00000, 0x0000000082c00000|100%| O|  |TAMS 0x0000000082c00000, 0x0000000082b00000| Untracked 
|  44|0x0000000082c00000, 0x0000000082d00000, 0x0000000082d00000|100%| O|  |TAMS 0x0000000082d00000, 0x0000000082c00000| Untracked 
|  45|0x0000000082d00000, 0x0000000082e00000, 0x0000000082e00000|100%| O|  |TAMS 0x0000000082e00000, 0x0000000082d00000| Untracked 
|  46|0x0000000082e00000, 0x0000000082f00000, 0x0000000082f00000|100%| O|  |TAMS 0x0000000082f00000, 0x0000000082e00000| Untracked 
|  47|0x0000000082f00000, 0x0000000083000000, 0x0000000083000000|100%| O|  |TAMS 0x0000000083000000, 0x0000000082f00000| Untracked 
|  48|0x0000000083000000, 0x0000000083100000, 0x0000000083100000|100%| O|  |TAMS 0x0000000083100000, 0x0000000083000000| Untracked 
|  49|0x0000000083100000, 0x0000000083200000, 0x0000000083200000|100%| O|  |TAMS 0x0000000083200000, 0x0000000083100000| Untracked 
|  50|0x0000000083200000, 0x0000000083300000, 0x0000000083300000|100%| O|  |TAMS 0x0000000083300000, 0x0000000083200000| Untracked 
|  51|0x0000000083300000, 0x0000000083400000, 0x0000000083400000|100%| O|  |TAMS 0x0000000083400000, 0x0000000083300000| Untracked 
|  52|0x0000000083400000, 0x0000000083500000, 0x0000000083500000|100%| O|  |TAMS 0x0000000083500000, 0x0000000083400000| Untracked 
|  53|0x0000000083500000, 0x0000000083600000, 0x0000000083600000|100%| O|  |TAMS 0x0000000083600000, 0x0000000083500000| Untracked 
|  54|0x0000000083600000, 0x0000000083700000, 0x0000000083700000|100%| O|  |TAMS 0x0000000083700000, 0x0000000083600000| Untracked 
|  55|0x0000000083700000, 0x0000000083800000, 0x0000000083800000|100%| O|  |TAMS 0x0000000083800000, 0x0000000083700000| Untracked 
|  56|0x0000000083800000, 0x0000000083900000, 0x0000000083900000|100%| O|  |TAMS 0x0000000083900000, 0x0000000083800000| Untracked 
|  57|0x0000000083900000, 0x0000000083a00000, 0x0000000083a00000|100%| O|  |TAMS 0x0000000083a00000, 0x0000000083900000| Untracked 
|  58|0x0000000083a00000, 0x0000000083b00000, 0x0000000083b00000|100%| O|  |TAMS 0x0000000083b00000, 0x0000000083a00000| Untracked 
|  59|0x0000000083b00000, 0x0000000083c00000, 0x0000000083c00000|100%| O|  |TAMS 0x0000000083b00000, 0x0000000083b00000| Untracked 
|  60|0x0000000083c00000, 0x0000000083d00000, 0x0000000083d00000|100%| O|  |TAMS 0x0000000083d00000, 0x0000000083c00000| Untracked 
|  61|0x0000000083d00000, 0x0000000083e00000, 0x0000000083e00000|100%| O|  |TAMS 0x0000000083e00000, 0x0000000083d00000| Untracked 
|  62|0x0000000083e00000, 0x0000000083f00000, 0x0000000083f00000|100%| O|  |TAMS 0x0000000083f00000, 0x0000000083e00000| Untracked 
|  63|0x0000000083f00000, 0x0000000084000000, 0x0000000084000000|100%| O|  |TAMS 0x0000000084000000, 0x0000000083f00000| Untracked 
|  64|0x0000000084000000, 0x0000000084100000, 0x0000000084100000|100%| O|  |TAMS 0x0000000084100000, 0x0000000084000000| Untracked 
|  65|0x0000000084100000, 0x0000000084200000, 0x0000000084200000|100%| O|  |TAMS 0x0000000084200000, 0x0000000084100000| Untracked 
|  66|0x0000000084200000, 0x0000000084300000, 0x0000000084300000|100%| O|  |TAMS 0x0000000084200000, 0x0000000084200000| Untracked 
|  67|0x0000000084300000, 0x0000000084400000, 0x0000000084400000|100%| O|  |TAMS 0x0000000084400000, 0x0000000084300000| Untracked 
|  68|0x0000000084400000, 0x0000000084500000, 0x0000000084500000|100%| O|  |TAMS 0x0000000084500000, 0x0000000084400000| Untracked 
|  69|0x0000000084500000, 0x0000000084600000, 0x0000000084600000|100%| O|  |TAMS 0x0000000084500000, 0x0000000084500000| Untracked 
|  70|0x0000000084600000, 0x0000000084700000, 0x0000000084700000|100%| O|  |TAMS 0x0000000084700000, 0x0000000084600000| Untracked 
|  71|0x0000000084700000, 0x0000000084800000, 0x0000000084800000|100%| O|  |TAMS 0x0000000084700000, 0x0000000084700000| Untracked 
|  72|0x0000000084800000, 0x0000000084900000, 0x0000000084900000|100%| O|  |TAMS 0x0000000084900000, 0x0000000084800000| Untracked 
|  73|0x0000000084900000, 0x0000000084a00000, 0x0000000084a00000|100%| O|  |TAMS 0x0000000084a00000, 0x0000000084900000| Untracked 
|  74|0x0000000084a00000, 0x0000000084b00000, 0x0000000084b00000|100%| O|  |TAMS 0x0000000084b00000, 0x0000000084a00000| Untracked 
|  75|0x0000000084b00000, 0x0000000084c00000, 0x0000000084c00000|100%| O|  |TAMS 0x0000000084c00000, 0x0000000084b00000| Untracked 
|  76|0x0000000084c00000, 0x0000000084d00000, 0x0000000084d00000|100%| O|  |TAMS 0x0000000084d00000, 0x0000000084c00000| Untracked 
|  77|0x0000000084d00000, 0x0000000084e00000, 0x0000000084e00000|100%| O|  |TAMS 0x0000000084e00000, 0x0000000084d00000| Untracked 
|  78|0x0000000084e00000, 0x0000000084f00000, 0x0000000084f00000|100%| O|  |TAMS 0x0000000084f00000, 0x0000000084e00000| Untracked 
|  79|0x0000000084f00000, 0x0000000085000000, 0x0000000085000000|100%| O|  |TAMS 0x0000000084f00000, 0x0000000084f00000| Untracked 
|  80|0x0000000085000000, 0x0000000085100000, 0x0000000085100000|100%| O|  |TAMS 0x0000000085000000, 0x0000000085000000| Untracked 
|  81|0x0000000085100000, 0x0000000085200000, 0x0000000085200000|100%| O|  |TAMS 0x0000000085200000, 0x0000000085100000| Untracked 
|  82|0x0000000085200000, 0x0000000085200000, 0x0000000085300000|  0%| F|  |TAMS 0x0000000085200000, 0x0000000085200000| Untracked 
|  83|0x0000000085300000, 0x0000000085400000, 0x0000000085400000|100%| O|  |TAMS 0x0000000085400000, 0x0000000085300000| Untracked 
|  84|0x0000000085400000, 0x0000000085500000, 0x0000000085500000|100%| O|  |TAMS 0x000000008546e000, 0x0000000085400000| Untracked 
|  85|0x0000000085500000, 0x0000000085600000, 0x0000000085600000|100%| O|  |TAMS 0x0000000085500000, 0x0000000085500000| Untracked 
|  86|0x0000000085600000, 0x0000000085700000, 0x0000000085700000|100%| O|  |TAMS 0x0000000085600000, 0x0000000085600000| Untracked 
|  87|0x0000000085700000, 0x0000000085800000, 0x0000000085800000|100%| O|  |TAMS 0x0000000085700000, 0x0000000085700000| Untracked 
|  88|0x0000000085800000, 0x0000000085900000, 0x0000000085900000|100%| O|  |TAMS 0x0000000085800000, 0x0000000085800000| Untracked 
|  89|0x0000000085900000, 0x0000000085a00000, 0x0000000085a00000|100%| O|  |TAMS 0x0000000085900000, 0x0000000085900000| Untracked 
|  90|0x0000000085a00000, 0x0000000085b00000, 0x0000000085b00000|100%| O|  |TAMS 0x0000000085a00000, 0x0000000085a00000| Untracked 
|  91|0x0000000085b00000, 0x0000000085c00000, 0x0000000085c00000|100%| O|  |TAMS 0x0000000085b00000, 0x0000000085b00000| Untracked 
|  92|0x0000000085c00000, 0x0000000085d00000, 0x0000000085d00000|100%| O|  |TAMS 0x0000000085c00000, 0x0000000085c00000| Untracked 
|  93|0x0000000085d00000, 0x0000000085e00000, 0x0000000085e00000|100%| O|  |TAMS 0x0000000085d00000, 0x0000000085d00000| Untracked 
|  94|0x0000000085e00000, 0x0000000085f00000, 0x0000000085f00000|100%| O|  |TAMS 0x0000000085e00000, 0x0000000085e00000| Untracked 
|  95|0x0000000085f00000, 0x0000000086000000, 0x0000000086000000|100%| O|  |TAMS 0x0000000085f00000, 0x0000000085f00000| Untracked 
|  96|0x0000000086000000, 0x0000000086100000, 0x0000000086100000|100%| O|  |TAMS 0x0000000086000000, 0x0000000086000000| Untracked 
|  97|0x0000000086100000, 0x0000000086200000, 0x0000000086200000|100%| O|  |TAMS 0x0000000086100000, 0x0000000086100000| Untracked 
|  98|0x0000000086200000, 0x0000000086300000, 0x0000000086300000|100%| O|  |TAMS 0x0000000086200000, 0x0000000086200000| Untracked 
|  99|0x0000000086300000, 0x0000000086400000, 0x0000000086400000|100%| O|  |TAMS 0x0000000086400000, 0x0000000086300000| Untracked 
| 100|0x0000000086400000, 0x0000000086500000, 0x0000000086500000|100%| O|  |TAMS 0x0000000086500000, 0x0000000086400000| Untracked 
| 101|0x0000000086500000, 0x0000000086600000, 0x0000000086600000|100%| O|  |TAMS 0x0000000086600000, 0x0000000086500000| Untracked 
| 102|0x0000000086600000, 0x0000000086700000, 0x0000000086700000|100%| O|  |TAMS 0x0000000086600000, 0x0000000086600000| Untracked 
| 103|0x0000000086700000, 0x0000000086800000, 0x0000000086800000|100%| O|  |TAMS 0x0000000086800000, 0x0000000086700000| Untracked 
| 104|0x0000000086800000, 0x0000000086900000, 0x0000000086900000|100%| O|  |TAMS 0x0000000086900000, 0x0000000086800000| Untracked 
| 105|0x0000000086900000, 0x0000000086a00000, 0x0000000086a00000|100%| O|  |TAMS 0x0000000086900000, 0x0000000086900000| Untracked 
| 106|0x0000000086a00000, 0x0000000086b00000, 0x0000000086b00000|100%| O|  |TAMS 0x0000000086b00000, 0x0000000086a00000| Untracked 
| 107|0x0000000086b00000, 0x0000000086c00000, 0x0000000086c00000|100%| O|  |TAMS 0x0000000086c00000, 0x0000000086b00000| Untracked 
| 108|0x0000000086c00000, 0x0000000086d00000, 0x0000000086d00000|100%| O|  |TAMS 0x0000000086d00000, 0x0000000086c00000| Untracked 
| 109|0x0000000086d00000, 0x0000000086d00000, 0x0000000086e00000|  0%| F|  |TAMS 0x0000000086d00000, 0x0000000086d00000| Untracked 
| 110|0x0000000086e00000, 0x0000000086f00000, 0x0000000086f00000|100%| O|  |TAMS 0x0000000086f00000, 0x0000000086e00000| Untracked 
| 111|0x0000000086f00000, 0x0000000087000000, 0x0000000087000000|100%| O|  |TAMS 0x0000000087000000, 0x0000000086f00000| Untracked 
| 112|0x0000000087000000, 0x0000000087100000, 0x0000000087100000|100%| O|  |TAMS 0x0000000087100000, 0x0000000087000000| Untracked 
| 113|0x0000000087100000, 0x0000000087200000, 0x0000000087200000|100%| O|  |TAMS 0x0000000087100000, 0x0000000087100000| Untracked 
| 114|0x0000000087200000, 0x0000000087300000, 0x0000000087300000|100%| O|  |TAMS 0x0000000087300000, 0x0000000087200000| Untracked 
| 115|0x0000000087300000, 0x0000000087400000, 0x0000000087400000|100%| O|  |TAMS 0x0000000087400000, 0x0000000087300000| Untracked 
| 116|0x0000000087400000, 0x0000000087500000, 0x0000000087500000|100%| O|  |TAMS 0x0000000087500000, 0x0000000087400000| Untracked 
| 117|0x0000000087500000, 0x0000000087591800, 0x0000000087600000| 56%| O|  |TAMS 0x0000000087500000, 0x0000000087500000| Untracked 
| 118|0x0000000087600000, 0x0000000087600000, 0x0000000087700000|  0%| F|  |TAMS 0x0000000087600000, 0x0000000087600000| Untracked 
| 119|0x0000000087700000, 0x0000000087700000, 0x0000000087800000|  0%| F|  |TAMS 0x0000000087700000, 0x0000000087700000| Untracked 
| 120|0x0000000087800000, 0x0000000087800000, 0x0000000087900000|  0%| F|  |TAMS 0x0000000087800000, 0x0000000087800000| Untracked 
| 121|0x0000000087900000, 0x0000000087a00000, 0x0000000087a00000|100%| O|  |TAMS 0x0000000087a00000, 0x0000000087900000| Untracked 
| 122|0x0000000087a00000, 0x0000000087b00000, 0x0000000087b00000|100%| O|  |TAMS 0x0000000087b00000, 0x0000000087a00000| Untracked 
| 123|0x0000000087b00000, 0x0000000087c00000, 0x0000000087c00000|100%| O|  |TAMS 0x0000000087c00000, 0x0000000087b00000| Untracked 
| 124|0x0000000087c00000, 0x0000000087d00000, 0x0000000087d00000|100%| O|  |TAMS 0x0000000087d00000, 0x0000000087c00000| Untracked 
| 125|0x0000000087d00000, 0x0000000087d00000, 0x0000000087e00000|  0%| F|  |TAMS 0x0000000087d00000, 0x0000000087d00000| Untracked 
| 126|0x0000000087e00000, 0x0000000087f00000, 0x0000000087f00000|100%| O|  |TAMS 0x0000000087f00000, 0x0000000087e00000| Untracked 
| 127|0x0000000087f00000, 0x0000000087f00000, 0x0000000088000000|  0%| F|  |TAMS 0x0000000087f00000, 0x0000000087f00000| Untracked 
| 128|0x0000000088000000, 0x0000000088000000, 0x0000000088100000|  0%| F|  |TAMS 0x0000000088000000, 0x0000000088000000| Untracked 
| 129|0x0000000088100000, 0x0000000088200000, 0x0000000088200000|100%| O|  |TAMS 0x0000000088200000, 0x0000000088100000| Untracked 
| 130|0x0000000088200000, 0x0000000088300000, 0x0000000088300000|100%| O|  |TAMS 0x0000000088300000, 0x0000000088200000| Untracked 
| 131|0x0000000088300000, 0x0000000088300000, 0x0000000088400000|  0%| F|  |TAMS 0x0000000088300000, 0x0000000088300000| Untracked 
| 132|0x0000000088400000, 0x0000000088500000, 0x0000000088500000|100%| O|  |TAMS 0x0000000088500000, 0x0000000088400000| Untracked 
| 133|0x0000000088500000, 0x0000000088600000, 0x0000000088600000|100%| O|  |TAMS 0x0000000088600000, 0x0000000088500000| Untracked 
| 134|0x0000000088600000, 0x0000000088700000, 0x0000000088700000|100%| O|  |TAMS 0x0000000088700000, 0x0000000088600000| Untracked 
| 135|0x0000000088700000, 0x0000000088800000, 0x0000000088800000|100%| O|  |TAMS 0x0000000088800000, 0x0000000088700000| Untracked 
| 136|0x0000000088800000, 0x0000000088900000, 0x0000000088900000|100%| O|  |TAMS 0x0000000088900000, 0x0000000088800000| Untracked 
| 137|0x0000000088900000, 0x0000000088a00000, 0x0000000088a00000|100%| O|  |TAMS 0x0000000088a00000, 0x0000000088900000| Untracked 
| 138|0x0000000088a00000, 0x0000000088b00000, 0x0000000088b00000|100%| O|  |TAMS 0x0000000088b00000, 0x0000000088a00000| Untracked 
| 139|0x0000000088b00000, 0x0000000088c00000, 0x0000000088c00000|100%| O|  |TAMS 0x0000000088c00000, 0x0000000088b00000| Untracked 
| 140|0x0000000088c00000, 0x0000000088c00000, 0x0000000088d00000|  0%| F|  |TAMS 0x0000000088c00000, 0x0000000088c00000| Untracked 
| 141|0x0000000088d00000, 0x0000000088e00000, 0x0000000088e00000|100%| O|  |TAMS 0x0000000088e00000, 0x0000000088d00000| Untracked 
| 142|0x0000000088e00000, 0x0000000088f00000, 0x0000000088f00000|100%| O|  |TAMS 0x0000000088f00000, 0x0000000088e00000| Untracked 
| 143|0x0000000088f00000, 0x0000000089000000, 0x0000000089000000|100%| O|  |TAMS 0x0000000089000000, 0x0000000088f00000| Untracked 
| 144|0x0000000089000000, 0x0000000089100000, 0x0000000089100000|100%| O|  |TAMS 0x0000000089100000, 0x0000000089000000| Untracked 
| 145|0x0000000089100000, 0x0000000089200000, 0x0000000089200000|100%| O|  |TAMS 0x0000000089200000, 0x0000000089100000| Untracked 
| 146|0x0000000089200000, 0x0000000089300000, 0x0000000089300000|100%| O|  |TAMS 0x0000000089300000, 0x0000000089200000| Untracked 
| 147|0x0000000089300000, 0x0000000089400000, 0x0000000089400000|100%| O|  |TAMS 0x0000000089400000, 0x0000000089300000| Untracked 
| 148|0x0000000089400000, 0x0000000089500000, 0x0000000089500000|100%| O|  |TAMS 0x0000000089500000, 0x0000000089400000| Untracked 
| 149|0x0000000089500000, 0x0000000089600000, 0x0000000089600000|100%| O|  |TAMS 0x0000000089600000, 0x0000000089500000| Untracked 
| 150|0x0000000089600000, 0x0000000089600000, 0x0000000089700000|  0%| F|  |TAMS 0x0000000089600000, 0x0000000089600000| Untracked 
| 151|0x0000000089700000, 0x0000000089800000, 0x0000000089800000|100%| O|  |TAMS 0x0000000089800000, 0x0000000089700000| Untracked 
| 152|0x0000000089800000, 0x0000000089900000, 0x0000000089900000|100%| O|  |TAMS 0x0000000089900000, 0x0000000089800000| Untracked 
| 153|0x0000000089900000, 0x0000000089a00000, 0x0000000089a00000|100%| O|  |TAMS 0x0000000089a00000, 0x0000000089900000| Untracked 
| 154|0x0000000089a00000, 0x0000000089b00000, 0x0000000089b00000|100%| O|  |TAMS 0x0000000089b00000, 0x0000000089a00000| Untracked 
| 155|0x0000000089b00000, 0x0000000089c00000, 0x0000000089c00000|100%| O|  |TAMS 0x0000000089c00000, 0x0000000089b00000| Untracked 
| 156|0x0000000089c00000, 0x0000000089d00000, 0x0000000089d00000|100%| O|  |TAMS 0x0000000089d00000, 0x0000000089c00000| Untracked 
| 157|0x0000000089d00000, 0x0000000089e00000, 0x0000000089e00000|100%| O|  |TAMS 0x0000000089e00000, 0x0000000089d00000| Untracked 
| 158|0x0000000089e00000, 0x0000000089f00000, 0x0000000089f00000|100%| O|  |TAMS 0x0000000089f00000, 0x0000000089e00000| Untracked 
| 159|0x0000000089f00000, 0x000000008a000000, 0x000000008a000000|100%| O|  |TAMS 0x000000008a000000, 0x0000000089f00000| Untracked 
| 160|0x000000008a000000, 0x000000008a100000, 0x000000008a100000|100%| O|  |TAMS 0x000000008a100000, 0x000000008a000000| Untracked 
| 161|0x000000008a100000, 0x000000008a200000, 0x000000008a200000|100%| O|  |TAMS 0x000000008a200000, 0x000000008a100000| Untracked 
| 162|0x000000008a200000, 0x000000008a300000, 0x000000008a300000|100%| O|  |TAMS 0x000000008a300000, 0x000000008a200000| Untracked 
| 163|0x000000008a300000, 0x000000008a400000, 0x000000008a400000|100%| O|  |TAMS 0x000000008a400000, 0x000000008a300000| Untracked 
| 164|0x000000008a400000, 0x000000008a500000, 0x000000008a500000|100%| O|  |TAMS 0x000000008a500000, 0x000000008a400000| Untracked 
| 165|0x000000008a500000, 0x000000008a500000, 0x000000008a600000|  0%| F|  |TAMS 0x000000008a500000, 0x000000008a500000| Untracked 
| 166|0x000000008a600000, 0x000000008a600000, 0x000000008a700000|  0%| F|  |TAMS 0x000000008a600000, 0x000000008a600000| Untracked 
| 167|0x000000008a700000, 0x000000008a700000, 0x000000008a800000|  0%| F|  |TAMS 0x000000008a700000, 0x000000008a700000| Untracked 
| 168|0x000000008a800000, 0x000000008a800000, 0x000000008a900000|  0%| F|  |TAMS 0x000000008a800000, 0x000000008a800000| Untracked 
| 169|0x000000008a900000, 0x000000008a900000, 0x000000008aa00000|  0%| F|  |TAMS 0x000000008a900000, 0x000000008a900000| Untracked 
| 170|0x000000008aa00000, 0x000000008aa00000, 0x000000008ab00000|  0%| F|  |TAMS 0x000000008aa00000, 0x000000008aa00000| Untracked 
| 171|0x000000008ab00000, 0x000000008ab00000, 0x000000008ac00000|  0%| F|  |TAMS 0x000000008ab00000, 0x000000008ab00000| Untracked 
| 172|0x000000008ac00000, 0x000000008ac00000, 0x000000008ad00000|  0%| F|  |TAMS 0x000000008ac00000, 0x000000008ac00000| Untracked 
| 173|0x000000008ad00000, 0x000000008ad00000, 0x000000008ae00000|  0%| F|  |TAMS 0x000000008ad00000, 0x000000008ad00000| Untracked 
| 174|0x000000008ae00000, 0x000000008ae00000, 0x000000008af00000|  0%| F|  |TAMS 0x000000008ae00000, 0x000000008ae00000| Untracked 
| 175|0x000000008af00000, 0x000000008af00000, 0x000000008b000000|  0%| F|  |TAMS 0x000000008af00000, 0x000000008af00000| Untracked 
| 176|0x000000008b000000, 0x000000008b000000, 0x000000008b100000|  0%| F|  |TAMS 0x000000008b000000, 0x000000008b000000| Untracked 
| 177|0x000000008b100000, 0x000000008b100000, 0x000000008b200000|  0%| F|  |TAMS 0x000000008b100000, 0x000000008b100000| Untracked 
| 178|0x000000008b200000, 0x000000008b200000, 0x000000008b300000|  0%| F|  |TAMS 0x000000008b200000, 0x000000008b200000| Untracked 
| 179|0x000000008b300000, 0x000000008b300000, 0x000000008b400000|  0%| F|  |TAMS 0x000000008b300000, 0x000000008b300000| Untracked 
| 180|0x000000008b400000, 0x000000008b400000, 0x000000008b500000|  0%| F|  |TAMS 0x000000008b400000, 0x000000008b400000| Untracked 
| 181|0x000000008b500000, 0x000000008b500000, 0x000000008b600000|  0%| F|  |TAMS 0x000000008b500000, 0x000000008b500000| Untracked 
| 182|0x000000008b600000, 0x000000008b600000, 0x000000008b700000|  0%| F|  |TAMS 0x000000008b600000, 0x000000008b600000| Untracked 
| 183|0x000000008b700000, 0x000000008b700000, 0x000000008b800000|  0%| F|  |TAMS 0x000000008b700000, 0x000000008b700000| Untracked 
| 184|0x000000008b800000, 0x000000008b800000, 0x000000008b900000|  0%| F|  |TAMS 0x000000008b800000, 0x000000008b800000| Untracked 
| 185|0x000000008b900000, 0x000000008b900000, 0x000000008ba00000|  0%| F|  |TAMS 0x000000008b900000, 0x000000008b900000| Untracked 
| 186|0x000000008ba00000, 0x000000008ba00000, 0x000000008bb00000|  0%| F|  |TAMS 0x000000008ba00000, 0x000000008ba00000| Untracked 
| 187|0x000000008bb00000, 0x000000008bb00000, 0x000000008bc00000|  0%| F|  |TAMS 0x000000008bb00000, 0x000000008bb00000| Untracked 
| 188|0x000000008bc00000, 0x000000008bc00000, 0x000000008bd00000|  0%| F|  |TAMS 0x000000008bc00000, 0x000000008bc00000| Untracked 
| 189|0x000000008bd00000, 0x000000008bd00000, 0x000000008be00000|  0%| F|  |TAMS 0x000000008bd00000, 0x000000008bd00000| Untracked 
| 190|0x000000008be00000, 0x000000008be00000, 0x000000008bf00000|  0%| F|  |TAMS 0x000000008be00000, 0x000000008be00000| Untracked 
| 191|0x000000008bf00000, 0x000000008bf00000, 0x000000008c000000|  0%| F|  |TAMS 0x000000008bf00000, 0x000000008bf00000| Untracked 
| 192|0x000000008c000000, 0x000000008c000000, 0x000000008c100000|  0%| F|  |TAMS 0x000000008c000000, 0x000000008c000000| Untracked 
| 193|0x000000008c100000, 0x000000008c100000, 0x000000008c200000|  0%| F|  |TAMS 0x000000008c100000, 0x000000008c100000| Untracked 
| 194|0x000000008c200000, 0x000000008c200000, 0x000000008c300000|  0%| F|  |TAMS 0x000000008c200000, 0x000000008c200000| Untracked 
| 195|0x000000008c300000, 0x000000008c300000, 0x000000008c400000|  0%| F|  |TAMS 0x000000008c300000, 0x000000008c300000| Untracked 
| 196|0x000000008c400000, 0x000000008c400000, 0x000000008c500000|  0%| F|  |TAMS 0x000000008c400000, 0x000000008c400000| Untracked 
| 197|0x000000008c500000, 0x000000008c500000, 0x000000008c600000|  0%| F|  |TAMS 0x000000008c500000, 0x000000008c500000| Untracked 
| 198|0x000000008c600000, 0x000000008c600000, 0x000000008c700000|  0%| F|  |TAMS 0x000000008c600000, 0x000000008c600000| Untracked 
| 199|0x000000008c700000, 0x000000008c700000, 0x000000008c800000|  0%| F|  |TAMS 0x000000008c700000, 0x000000008c700000| Untracked 
| 200|0x000000008c800000, 0x000000008c800000, 0x000000008c900000|  0%| F|  |TAMS 0x000000008c800000, 0x000000008c800000| Untracked 
| 201|0x000000008c900000, 0x000000008c900000, 0x000000008ca00000|  0%| F|  |TAMS 0x000000008c900000, 0x000000008c900000| Untracked 
| 202|0x000000008ca00000, 0x000000008ca00000, 0x000000008cb00000|  0%| F|  |TAMS 0x000000008ca00000, 0x000000008ca00000| Untracked 
| 203|0x000000008cb00000, 0x000000008cb00000, 0x000000008cc00000|  0%| F|  |TAMS 0x000000008cb00000, 0x000000008cb00000| Untracked 
| 204|0x000000008cc00000, 0x000000008cc00000, 0x000000008cd00000|  0%| F|  |TAMS 0x000000008cc00000, 0x000000008cc00000| Untracked 
| 205|0x000000008cd00000, 0x000000008cd00000, 0x000000008ce00000|  0%| F|  |TAMS 0x000000008cd00000, 0x000000008cd00000| Untracked 
| 206|0x000000008ce00000, 0x000000008ce00000, 0x000000008cf00000|  0%| F|  |TAMS 0x000000008ce00000, 0x000000008ce00000| Untracked 
| 207|0x000000008cf00000, 0x000000008cf00000, 0x000000008d000000|  0%| F|  |TAMS 0x000000008cf00000, 0x000000008cf00000| Untracked 
| 208|0x000000008d000000, 0x000000008d000000, 0x000000008d100000|  0%| F|  |TAMS 0x000000008d000000, 0x000000008d000000| Untracked 
| 209|0x000000008d100000, 0x000000008d100000, 0x000000008d200000|  0%| F|  |TAMS 0x000000008d100000, 0x000000008d100000| Untracked 
| 210|0x000000008d200000, 0x000000008d200000, 0x000000008d300000|  0%| F|  |TAMS 0x000000008d200000, 0x000000008d200000| Untracked 
| 211|0x000000008d300000, 0x000000008d300000, 0x000000008d400000|  0%| F|  |TAMS 0x000000008d300000, 0x000000008d300000| Untracked 
| 212|0x000000008d400000, 0x000000008d400000, 0x000000008d500000|  0%| F|  |TAMS 0x000000008d400000, 0x000000008d400000| Untracked 
| 213|0x000000008d500000, 0x000000008d500000, 0x000000008d600000|  0%| F|  |TAMS 0x000000008d500000, 0x000000008d500000| Untracked 
| 214|0x000000008d600000, 0x000000008d65b020, 0x000000008d700000| 35%| E|  |TAMS 0x000000008d600000, 0x000000008d600000| Complete 
| 215|0x000000008d700000, 0x000000008d800000, 0x000000008d800000|100%| E|CS|TAMS 0x000000008d700000, 0x000000008d700000| Complete 
| 216|0x000000008d800000, 0x000000008d900000, 0x000000008d900000|100%| S|CS|TAMS 0x000000008d800000, 0x000000008d800000| Complete 
| 217|0x000000008d900000, 0x000000008da00000, 0x000000008da00000|100%| E|CS|TAMS 0x000000008d900000, 0x000000008d900000| Complete 
| 218|0x000000008da00000, 0x000000008db00000, 0x000000008db00000|100%| E|CS|TAMS 0x000000008da00000, 0x000000008da00000| Complete 
| 219|0x000000008db00000, 0x000000008dc00000, 0x000000008dc00000|100%| E|CS|TAMS 0x000000008db00000, 0x000000008db00000| Complete 
| 220|0x000000008dc00000, 0x000000008dd00000, 0x000000008dd00000|100%| E|CS|TAMS 0x000000008dc00000, 0x000000008dc00000| Complete 
| 221|0x000000008dd00000, 0x000000008de00000, 0x000000008de00000|100%| E|CS|TAMS 0x000000008dd00000, 0x000000008dd00000| Complete 

Card table byte_map: [0x00000295c1010000,0x00000295c1410000] _byte_map_base: 0x00000295c0c10000

Marking Bits (Prev, Next): (CMBitMap*) 0x00000295ad6cca78, (CMBitMap*) 0x00000295ad6ccab0
 Prev Bits: [0x00000295c1810000, 0x00000295c3810000)
 Next Bits: [0x00000295c3810000, 0x00000295c5810000)

Polling page: 0x00000295abe10000

Metaspace:

Usage:
  Non-class:    106.24 MB capacity,   103.61 MB ( 98%) used,     2.18 MB (  2%) free+waste,   458.31 KB ( <1%) overhead. 
      Class:     16.99 MB capacity,    15.38 MB ( 91%) used,     1.41 MB (  8%) free+waste,   209.56 KB (  1%) overhead. 
       Both:    123.23 MB capacity,   118.99 MB ( 97%) used,     3.59 MB (  3%) free+waste,   667.88 KB ( <1%) overhead. 

Virtual space:
  Non-class space:      108.00 MB reserved,     106.38 MB ( 98%) committed 
      Class space:        1.00 GB reserved,      17.02 MB (  2%) committed 
             Both:        1.11 GB reserved,     123.40 MB ( 11%) committed 

Chunk freelists:
   Non-Class:  14.00 KB
       Class:  10.00 KB
        Both:  24.00 KB

MaxMetaspaceSize: 17179869184.00 GB
CompressedClassSpaceSize: 1.00 GB
Initial GC threshold: 20.80 MB
Current GC threshold: 200.88 MB
CDS: off

CodeHeap 'non-profiled nmethods': size=120000Kb used=13374Kb max_used=13374Kb free=106625Kb
 bounds [0x00000295b8c80000, 0x00000295b9990000, 0x00000295c01b0000]
CodeHeap 'profiled nmethods': size=120000Kb used=40886Kb max_used=40886Kb free=79113Kb
 bounds [0x00000295b1750000, 0x00000295b3f40000, 0x00000295b8c80000]
CodeHeap 'non-nmethods': size=5760Kb used=2469Kb max_used=2527Kb free=3291Kb
 bounds [0x00000295b11b0000, 0x00000295b1430000, 0x00000295b1750000]
 total_blobs=19693 nmethods=18687 adapters=917
 compilation: enabled
              stopped_count=0, restarted_count=0
 full_count=0

Compilation events (20 events):
Event: 143.004 Thread 0x00000295c8b9e800 19751       3       android.databinding.internal.org.antlr.v4.runtime.misc.MurmurHash::initialize (5 bytes)
Event: 143.004 Thread 0x00000295c8b9e800 nmethod 19751 0x00000295b3f3cc10 code [0x00000295b3f3cdc0, 0x00000295b3f3cef8]
Event: 143.004 Thread 0x00000295c8b9e800 19752       3       android.databinding.internal.org.antlr.v4.runtime.atn.SemanticContext$Predicate::hashCode (47 bytes)
Event: 143.004 Thread 0x00000295c8b9e800 nmethod 19752 0x00000295b3f3cf90 code [0x00000295b3f3d180, 0x00000295b3f3d478]
Event: 143.006 Thread 0x00000295c8b9e800 19753       3       android.databinding.internal.org.antlr.v4.runtime.atn.LexerATNConfig::hashCode (80 bytes)
Event: 143.007 Thread 0x00000295d1574000 19756       4       android.databinding.internal.org.antlr.v4.runtime.misc.MurmurHash::initialize (2 bytes)
Event: 143.007 Thread 0x00000295d1418000 19757       4       android.databinding.internal.org.antlr.v4.runtime.misc.MurmurHash::finish (39 bytes)
Event: 143.007 Thread 0x00000295c8b9e800 nmethod 19753 0x00000295b3f3d590 code [0x00000295b3f3d7e0, 0x00000295b3f3de38]
Event: 143.008 Thread 0x00000295c8b9e800 19755       3       android.databinding.internal.org.antlr.v4.runtime.atn.LexerATNSimulator::getReachableTarget (19 bytes)
Event: 143.008 Thread 0x00000295c8b9e800 nmethod 19755 0x00000295b3f3e090 code [0x00000295b3f3e260, 0x00000295b3f3e488]
Event: 143.008 Thread 0x00000295c8b9e800 19754       1       android.databinding.internal.org.antlr.v4.runtime.atn.SingletonPredictionContext::size (2 bytes)
Event: 143.008 Thread 0x00000295d1574000 nmethod 19756 0x00000295b998ea90 code [0x00000295b998ec20, 0x00000295b998ec58]
Event: 143.008 Thread 0x00000295c8b9e800 nmethod 19754 0x00000295b998ed90 code [0x00000295b998ef40, 0x00000295b998eff8]
Event: 143.008 Thread 0x00000295c8b9e800 19758       3       android.databinding.internal.org.antlr.v4.runtime.ANTLRInputStream::LA (57 bytes)
Event: 143.008 Thread 0x00000295d1418000 nmethod 19757 0x00000295b998f090 code [0x00000295b998f220, 0x00000295b998f298]
Event: 143.009 Thread 0x00000295c8b9e800 nmethod 19758 0x00000295b3f3e590 code [0x00000295b3f3e740, 0x00000295b3f3e998]
Event: 143.009 Thread 0x00000295c8b9e800 19759       1       android.databinding.internal.org.antlr.v4.runtime.ANTLRInputStream::index (5 bytes)
Event: 143.009 Thread 0x00000295c8b9e800 nmethod 19759 0x00000295b998f390 code [0x00000295b998f540, 0x00000295b998f5f8]
Event: 143.009 Thread 0x00000295c8b9e800 19760       1       android.databinding.internal.org.antlr.v4.runtime.Recognizer::getInterpreter (5 bytes)
Event: 143.009 Thread 0x00000295c8b9e800 nmethod 19760 0x00000295b998f690 code [0x00000295b998f840, 0x00000295b998f8f8]

GC Heap History (20 events):
Event: 45.133 GC heap before
{Heap before GC invocations=39 (full 0):
 garbage-first heap   total 227328K, used 193037K [0x0000000080000000, 0x0000000100000000)
  region size 1024K, 61 young (62464K), 6 survivors (6144K)
 Metaspace       used 113255K, capacity 117094K, committed 117276K, reserved 1150976K
  class space    used 14637K, capacity 16137K, committed 16280K, reserved 1048576K
}
Event: 45.145 GC heap after
{Heap after GC invocations=40 (full 0):
 garbage-first heap   total 227328K, used 140003K [0x0000000080000000, 0x0000000100000000)
  region size 1024K, 5 young (5120K), 5 survivors (5120K)
 Metaspace       used 113255K, capacity 117094K, committed 117276K, reserved 1150976K
  class space    used 14637K, capacity 16137K, committed 16280K, reserved 1048576K
}
Event: 46.253 GC heap before
{Heap before GC invocations=41 (full 0):
 garbage-first heap   total 227328K, used 192227K [0x0000000080000000, 0x0000000100000000)
  region size 1024K, 58 young (59392K), 5 survivors (5120K)
 Metaspace       used 116540K, capacity 120540K, committed 120860K, reserved 1153024K
  class space    used 15138K, capacity 16698K, committed 16792K, reserved 1048576K
}
Event: 46.266 GC heap after
{Heap after GC invocations=42 (full 0):
 garbage-first heap   total 227328K, used 144091K [0x0000000080000000, 0x0000000100000000)
  region size 1024K, 7 young (7168K), 7 survivors (7168K)
 Metaspace       used 116540K, capacity 120540K, committed 120860K, reserved 1153024K
  class space    used 15138K, capacity 16698K, committed 16792K, reserved 1048576K
}
Event: 136.545 GC heap before
{Heap before GC invocations=43 (full 0):
 garbage-first heap   total 227328K, used 211675K [0x0000000080000000, 0x0000000100000000)
  region size 1024K, 55 young (56320K), 7 survivors (7168K)
 Metaspace       used 117716K, capacity 121740K, committed 122012K, reserved 1155072K
  class space    used 15281K, capacity 16819K, committed 16920K, reserved 1048576K
}
Event: 136.579 GC heap after
{Heap after GC invocations=44 (full 0):
 garbage-first heap   total 227328K, used 148157K [0x0000000080000000, 0x0000000100000000)
  region size 1024K, 5 young (5120K), 5 survivors (5120K)
 Metaspace       used 117716K, capacity 121740K, committed 122012K, reserved 1155072K
  class space    used 15281K, capacity 16819K, committed 16920K, reserved 1048576K
}
Event: 137.771 GC heap before
{Heap before GC invocations=44 (full 0):
 garbage-first heap   total 227328K, used 194237K [0x0000000080000000, 0x0000000100000000)
  region size 1024K, 50 young (51200K), 5 survivors (5120K)
 Metaspace       used 118057K, capacity 122093K, committed 122268K, reserved 1155072K
  class space    used 15297K, capacity 16848K, committed 16920K, reserved 1048576K
}
Event: 137.880 GC heap after
{Heap after GC invocations=45 (full 0):
 garbage-first heap   total 227328K, used 156672K [0x0000000080000000, 0x0000000100000000)
  region size 1024K, 7 young (7168K), 7 survivors (7168K)
 Metaspace       used 118057K, capacity 122093K, committed 122268K, reserved 1155072K
  class space    used 15297K, capacity 16848K, committed 16920K, reserved 1048576K
}
Event: 139.878 GC heap before
{Heap before GC invocations=46 (full 0):
 garbage-first heap   total 227328K, used 192512K [0x0000000080000000, 0x0000000100000000)
  region size 1024K, 42 young (43008K), 7 survivors (7168K)
 Metaspace       used 118362K, capacity 122518K, committed 122780K, reserved 1155072K
  class space    used 15305K, capacity 16865K, committed 16920K, reserved 1048576K
}
Event: 139.921 GC heap after
{Heap after GC invocations=47 (full 0):
 garbage-first heap   total 227328K, used 166021K [0x0000000080000000, 0x0000000100000000)
  region size 1024K, 6 young (6144K), 6 survivors (6144K)
 Metaspace       used 118362K, capacity 122518K, committed 122780K, reserved 1155072K
  class space    used 15305K, capacity 16865K, committed 16920K, reserved 1048576K
}
Event: 139.992 GC heap before
{Heap before GC invocations=47 (full 0):
 garbage-first heap   total 227328K, used 170117K [0x0000000080000000, 0x0000000100000000)
  region size 1024K, 11 young (11264K), 6 survivors (6144K)
 Metaspace       used 118389K, capacity 122542K, committed 122780K, reserved 1155072K
  class space    used 15309K, capacity 16873K, committed 16920K, reserved 1048576K
}
Event: 140.041 GC heap after
{Heap after GC invocations=48 (full 0):
 garbage-first heap   total 227328K, used 147909K [0x0000000080000000, 0x0000000100000000)
  region size 1024K, 2 young (2048K), 2 survivors (2048K)
 Metaspace       used 118389K, capacity 122542K, committed 122780K, reserved 1155072K
  class space    used 15309K, capacity 16873K, committed 16920K, reserved 1048576K
}
Event: 140.319 GC heap before
{Heap before GC invocations=48 (full 0):
 garbage-first heap   total 227328K, used 157125K [0x0000000080000000, 0x0000000100000000)
  region size 1024K, 11 young (11264K), 2 survivors (2048K)
 Metaspace       used 118509K, capacity 122695K, committed 122908K, reserved 1155072K
  class space    used 15337K, capacity 16924K, committed 17048K, reserved 1048576K
}
Event: 140.364 GC heap after
{Heap after GC invocations=49 (full 0):
 garbage-first heap   total 227328K, used 138680K [0x0000000080000000, 0x0000000100000000)
  region size 1024K, 2 young (2048K), 2 survivors (2048K)
 Metaspace       used 118509K, capacity 122695K, committed 122908K, reserved 1155072K
  class space    used 15337K, capacity 16924K, committed 17048K, reserved 1048576K
}
Event: 141.616 GC heap before
{Heap before GC invocations=49 (full 0):
 garbage-first heap   total 227328K, used 172472K [0x0000000080000000, 0x0000000100000000)
  region size 1024K, 36 young (36864K), 2 survivors (2048K)
 Metaspace       used 118977K, capacity 123270K, committed 123420K, reserved 1155072K
  class space    used 15390K, capacity 17018K, committed 17048K, reserved 1048576K
}
Event: 141.641 GC heap after
{Heap after GC invocations=50 (full 0):
 garbage-first heap   total 227328K, used 141803K [0x0000000080000000, 0x0000000100000000)
  region size 1024K, 6 young (6144K), 6 survivors (6144K)
 Metaspace       used 118977K, capacity 123270K, committed 123420K, reserved 1155072K
  class space    used 15390K, capacity 17018K, committed 17048K, reserved 1048576K
}
Event: 142.650 GC heap before
{Heap before GC invocations=51 (full 0):
 garbage-first heap   total 227328K, used 180715K [0x0000000080000000, 0x0000000100000000)
  region size 1024K, 43 young (44032K), 6 survivors (6144K)
 Metaspace       used 120109K, capacity 124380K, committed 124572K, reserved 1157120K
  class space    used 15513K, capacity 17136K, committed 17176K, reserved 1048576K
}
Event: 142.675 GC heap after
{Heap after GC invocations=52 (full 0):
 garbage-first heap   total 227328K, used 159951K [0x0000000080000000, 0x0000000100000000)
  region size 1024K, 6 young (6144K), 6 survivors (6144K)
 Metaspace       used 120109K, capacity 124380K, committed 124572K, reserved 1157120K
  class space    used 15513K, capacity 17136K, committed 17176K, reserved 1048576K
}
Event: 142.783 GC heap before
{Heap before GC invocations=52 (full 0):
 garbage-first heap   total 227328K, used 165071K [0x0000000080000000, 0x0000000100000000)
  region size 1024K, 11 young (11264K), 6 survivors (6144K)
 Metaspace       used 120183K, capacity 124444K, committed 124572K, reserved 1157120K
  class space    used 15518K, capacity 17136K, committed 17176K, reserved 1048576K
}
Event: 142.797 GC heap after
{Heap after GC invocations=53 (full 0):
 garbage-first heap   total 227328K, used 158278K [0x0000000080000000, 0x0000000100000000)
  region size 1024K, 1 young (1024K), 1 survivors (1024K)
 Metaspace       used 120183K, capacity 124444K, committed 124572K, reserved 1157120K
  class space    used 15518K, capacity 17136K, committed 17176K, reserved 1048576K
}

Deoptimization events (20 events):
Event: 142.800 Thread 0x00000295cec92800 Uncommon trap: trap_request=0xffffff4d fr.pc=0x00000295b9072d08 relative=0x0000000000001428
Event: 142.800 Thread 0x00000295cec92800 Uncommon trap: reason=unstable_if action=reinterpret pc=0x00000295b9072d08 method=com.google.gson.stream.JsonReader.nextQuotedValue(C)Ljava/lang/String; @ 96 c2
Event: 142.800 Thread 0x00000295cec92800 DEOPT PACKING pc=0x00000295b9072d08 sp=0x000000fb75ffa260
Event: 142.800 Thread 0x00000295cec92800 DEOPT UNPACKING pc=0x00000295b11fa1af sp=0x000000fb75ffa268 mode 2
Event: 142.852 Thread 0x00000295cec92800 Uncommon trap: trap_request=0xffffff4d fr.pc=0x00000295b995bc4c relative=0x00000000000000ac
Event: 142.852 Thread 0x00000295cec92800 Uncommon trap: reason=unstable_if action=reinterpret pc=0x00000295b995bc4c method=org.apache.xerces.impl.XMLEntityScanner.scanChar()I @ 14 c2
Event: 142.852 Thread 0x00000295cec92800 DEOPT PACKING pc=0x00000295b995bc4c sp=0x000000fb75ffa580
Event: 142.852 Thread 0x00000295cec92800 DEOPT UNPACKING pc=0x00000295b11fa1af sp=0x000000fb75ffa508 mode 2
Event: 142.852 Thread 0x00000295cec92800 Uncommon trap: trap_request=0xffffff4d fr.pc=0x00000295b99461a0 relative=0x00000000000002a0
Event: 142.852 Thread 0x00000295cec92800 Uncommon trap: reason=unstable_if action=reinterpret pc=0x00000295b99461a0 method=org.apache.xerces.impl.XMLEntityScanner.skipSpaces()Z @ 70 c2
Event: 142.852 Thread 0x00000295cec92800 DEOPT PACKING pc=0x00000295b99461a0 sp=0x000000fb75ffa520
Event: 142.852 Thread 0x00000295cec92800 DEOPT UNPACKING pc=0x00000295b11fa1af sp=0x000000fb75ffa4b0 mode 2
Event: 142.852 Thread 0x00000295cec92800 Uncommon trap: trap_request=0xffffff4d fr.pc=0x00000295b994f0f4 relative=0x0000000000002194
Event: 142.852 Thread 0x00000295cec92800 Uncommon trap: reason=unstable_if action=reinterpret pc=0x00000295b994f0f4 method=org.apache.xerces.parsers.AbstractDOMParser.startElement(Lorg/apache/xerces/xni/QName;Lorg/apache/xerces/xni/XMLAttributes;Lorg/apache/xerces/xni/Augmentations;)V @ 626 c2
Event: 142.852 Thread 0x00000295cec92800 DEOPT PACKING pc=0x00000295b994f0f4 sp=0x000000fb75ffa240
Event: 142.852 Thread 0x00000295cec92800 DEOPT UNPACKING pc=0x00000295b11fa1af sp=0x000000fb75ffa1e8 mode 2
Event: 142.852 Thread 0x00000295cec92800 Uncommon trap: trap_request=0xffffff4d fr.pc=0x00000295b992d458 relative=0x0000000000000958
Event: 142.852 Thread 0x00000295cec92800 Uncommon trap: reason=unstable_if action=reinterpret pc=0x00000295b992d458 method=org.apache.xerces.impl.XMLEntityScanner.scanContent(Lorg/apache/xerces/xni/XMLString;)I @ 134 c2
Event: 142.852 Thread 0x00000295cec92800 DEOPT PACKING pc=0x00000295b992d458 sp=0x000000fb75ffa2f0
Event: 142.852 Thread 0x00000295cec92800 DEOPT UNPACKING pc=0x00000295b11fa1af sp=0x000000fb75ffa288 mode 2

Classes redefined (0 events):
No events

Internal exceptions (20 events):
Event: 46.425 Thread 0x00000295ce56f800 Implicit null exception at 0x00000295b8e2e26b to 0x00000295b8e2e28c
Event: 46.580 Thread 0x00000295cb6ba800 Exception <a 'sun/nio/fs/WindowsException'{0x000000008dadf500}> (0x000000008dadf500) thrown at [./src/hotspot/share/prims/jni.cpp, line 616]
Event: 46.580 Thread 0x00000295cb6ba800 Exception <a 'sun/nio/fs/WindowsException'{0x000000008dadf678}> (0x000000008dadf678) thrown at [./src/hotspot/share/prims/jni.cpp, line 616]
Event: 46.580 Thread 0x00000295cb6ba800 Exception <a 'sun/nio/fs/WindowsException'{0x000000008dae10a0}> (0x000000008dae10a0) thrown at [./src/hotspot/share/prims/jni.cpp, line 616]
Event: 46.707 Thread 0x00000295cb6ba800 Exception <a 'java/lang/NoSuchMethodError'{0x000000008d71d2c0}: 'java.lang.Object java.lang.invoke.DirectMethodHandle$Holder.invokeSpecial(java.lang.Object, java.lang.Object, java.lang.Object, java.lang.Object, int, java.lang.Object, java.lang.Object)'> (0x000000008d71d2c0) thrown at [./src/hotspot/share/interpreter/linkResolver.cpp, line 773]
Event: 46.834 Thread 0x00000295cb6ba800 Implicit null exception at 0x00000295b94054a7 to 0x00000295b9406450
Event: 46.883 Thread 0x00000295cb6ba800 Implicit null exception at 0x00000295b91c25e7 to 0x00000295b91c299c
Event: 52.162 Thread 0x00000295c9156800 Implicit null exception at 0x00000295b8cb67f7 to 0x00000295b8cb6cc0
Event: 52.163 Thread 0x00000295c9156800 Implicit null exception at 0x00000295b90c0ff4 to 0x00000295b90c15a4
Event: 135.592 Thread 0x00000295cc3ae000 Implicit null exception at 0x00000295b91cd22f to 0x00000295b91cd27c
Event: 135.592 Thread 0x00000295cc3ae000 Implicit null exception at 0x00000295b97e86d1 to 0x00000295b97e8bd4
Event: 136.370 Thread 0x00000295cc3ae000 Exception <a 'sun/nio/fs/WindowsException'{0x000000008b5b97f8}> (0x000000008b5b97f8) thrown at [./src/hotspot/share/prims/jni.cpp, line 616]
Event: 136.458 Thread 0x00000295cc3ae000 Implicit null exception at 0x00000295b929cee1 to 0x00000295b929cfe8
Event: 139.754 Thread 0x00000295cc3ae000 Exception <a 'sun/nio/fs/WindowsException'{0x000000008bc12cf8}> (0x000000008bc12cf8) thrown at [./src/hotspot/share/prims/jni.cpp, line 616]
Event: 139.769 Thread 0x00000295cc3ae000 Exception <a 'sun/nio/fs/WindowsException'{0x000000008bcb5a00}> (0x000000008bcb5a00) thrown at [./src/hotspot/share/prims/jni.cpp, line 616]
Event: 139.771 Thread 0x00000295cc3ae000 Exception <a 'sun/nio/fs/WindowsException'{0x000000008bcb6d70}> (0x000000008bcb6d70) thrown at [./src/hotspot/share/prims/jni.cpp, line 616]
Event: 139.771 Thread 0x00000295cc3ae000 Exception <a 'sun/nio/fs/WindowsException'{0x000000008bcb8130}> (0x000000008bcb8130) thrown at [./src/hotspot/share/prims/jni.cpp, line 616]
Event: 139.771 Thread 0x00000295cc3ae000 Exception <a 'sun/nio/fs/WindowsException'{0x000000008bcb94f0}> (0x000000008bcb94f0) thrown at [./src/hotspot/share/prims/jni.cpp, line 616]
Event: 142.115 Thread 0x00000295cec92800 Implicit null exception at 0x00000295b8fc9c84 to 0x00000295b8fc9e7c
Event: 143.009 Thread 0x00000295cec92800 Exception <a 'java/lang/IllegalMonitorStateException'{0x000000008d63b608}> (0x000000008d63b608) thrown at [./src/hotspot/share/interpreter/interpreterRuntime.cpp, line 795]

Events (20 events):
Event: 142.996 loading class android/databinding/internal/org/antlr/v4/runtime/atn/LexerIndexedCustomAction
Event: 142.996 loading class android/databinding/internal/org/antlr/v4/runtime/atn/LexerIndexedCustomAction done
Event: 142.997 loading class android/databinding/internal/org/antlr/v4/runtime/CommonToken
Event: 142.997 loading class android/databinding/internal/org/antlr/v4/runtime/CommonToken done
Event: 142.997 loading class android/databinding/internal/org/antlr/v4/runtime/WritableToken
Event: 142.997 loading class android/databinding/internal/org/antlr/v4/runtime/WritableToken done
Event: 142.999 loading class android/databinding/internal/org/antlr/v4/runtime/tree/TerminalNodeImpl
Event: 142.999 loading class android/databinding/internal/org/antlr/v4/runtime/tree/TerminalNodeImpl done
Event: 143.000 loading class android/databinding/internal/org/antlr/v4/runtime/atn/LL1Analyzer
Event: 143.000 loading class android/databinding/internal/org/antlr/v4/runtime/atn/LL1Analyzer done
Event: 143.003 loading class android/databinding/internal/org/antlr/v4/runtime/misc/DoubleKeyMap
Event: 143.003 loading class android/databinding/internal/org/antlr/v4/runtime/misc/DoubleKeyMap done
Event: 143.003 loading class android/databinding/internal/org/antlr/v4/runtime/atn/PredictionMode$AltAndContextMap
Event: 143.003 loading class android/databinding/internal/org/antlr/v4/runtime/atn/PredictionMode$AltAndContextMap done
Event: 143.003 loading class android/databinding/internal/org/antlr/v4/runtime/misc/FlexibleHashMap
Event: 143.003 loading class android/databinding/internal/org/antlr/v4/runtime/misc/FlexibleHashMap done
Event: 143.005 loading class android/databinding/internal/org/antlr/v4/runtime/atn/PredictionMode$AltAndContextConfigEqualityComparator
Event: 143.005 loading class android/databinding/internal/org/antlr/v4/runtime/atn/PredictionMode$AltAndContextConfigEqualityComparator done
Event: 143.005 loading class android/databinding/internal/org/antlr/v4/runtime/misc/FlexibleHashMap$Entry
Event: 143.005 loading class android/databinding/internal/org/antlr/v4/runtime/misc/FlexibleHashMap$Entry done


Dynamic libraries:
0x00007ff6bf2c0000 - 0x00007ff6bf2ca000 	C:\Program Files\Android\Android Studio\jre\bin\java.exe
0x00007ff844810000 - 0x00007ff844a08000 	C:\Windows\SYSTEM32\ntdll.dll
0x00007ff844500000 - 0x00007ff8445bf000 	C:\Windows\System32\KERNEL32.DLL
0x00007ff8422d0000 - 0x00007ff8425aa000 	C:\Windows\System32\KERNELBASE.dll
0x00007ff842080000 - 0x00007ff842180000 	C:\Windows\System32\ucrtbase.dll
0x00007ff836e80000 - 0x00007ff836e99000 	C:\Program Files\Android\Android Studio\jre\bin\jli.dll
0x00007ff836e60000 - 0x00007ff836e77000 	C:\Program Files\Android\Android Studio\jre\bin\VCRUNTIME140.dll
0x00007ff843e00000 - 0x00007ff843f9d000 	C:\Windows\System32\USER32.dll
0x00007ff842200000 - 0x00007ff842222000 	C:\Windows\System32\win32u.dll
0x00007ff8412b0000 - 0x00007ff84154a000 	C:\Windows\WinSxS\amd64_microsoft.windows.common-controls_6595b64144ccf1df_6.0.19041.1110_none_60b5254171f9507e\COMCTL32.dll
0x00007ff842cf0000 - 0x00007ff842d1b000 	C:\Windows\System32\GDI32.dll
0x00007ff842660000 - 0x00007ff842770000 	C:\Windows\System32\gdi32full.dll
0x00007ff843c90000 - 0x00007ff843d2e000 	C:\Windows\System32\msvcrt.dll
0x00007ff842230000 - 0x00007ff8422cd000 	C:\Windows\System32\msvcp_win.dll
0x00007ff842c10000 - 0x00007ff842c40000 	C:\Windows\System32\IMM32.DLL
0x00007ff836dc0000 - 0x00007ff836e5d000 	C:\Program Files\Android\Android Studio\jre\bin\msvcp140.dll
0x00007fffe26f0000 - 0x00007fffe31f2000 	C:\Program Files\Android\Android Studio\jre\bin\server\jvm.dll
0x00007ff842c40000 - 0x00007ff842cee000 	C:\Windows\System32\ADVAPI32.dll
0x00007ff843370000 - 0x00007ff84340c000 	C:\Windows\System32\sechost.dll
0x00007ff8429c0000 - 0x00007ff842ae6000 	C:\Windows\System32\RPCRT4.dll
0x00007ff843fa0000 - 0x00007ff843fa8000 	C:\Windows\System32\PSAPI.DLL
0x00007ff83c310000 - 0x00007ff83c319000 	C:\Windows\SYSTEM32\WSOCK32.dll
0x00007ff8325e0000 - 0x00007ff832607000 	C:\Windows\SYSTEM32\WINMM.dll
0x00007ff832bb0000 - 0x00007ff832bba000 	C:\Windows\SYSTEM32\VERSION.dll
0x00007ff842950000 - 0x00007ff8429bb000 	C:\Windows\System32\WS2_32.dll
0x00007ff83f770000 - 0x00007ff83f782000 	C:\Windows\SYSTEM32\kernel.appcore.dll
0x00007ff83c2f0000 - 0x00007ff83c301000 	C:\Program Files\Android\Android Studio\jre\bin\verify.dll
0x00007ff8416a0000 - 0x00007ff841884000 	C:\Windows\SYSTEM32\DBGHELP.DLL
0x00007ff841660000 - 0x00007ff841694000 	C:\Windows\SYSTEM32\dbgcore.DLL
0x00007ff842770000 - 0x00007ff8427f2000 	C:\Windows\System32\bcryptPrimitives.dll
0x00007ff83c2c0000 - 0x00007ff83c2e9000 	C:\Program Files\Android\Android Studio\jre\bin\java.dll
0x00007ff83c2b0000 - 0x00007ff83c2bb000 	C:\Program Files\Android\Android Studio\jre\bin\jimage.dll
0x00007ff83c290000 - 0x00007ff83c2a8000 	C:\Program Files\Android\Android Studio\jre\bin\zip.dll
0x00007ff843410000 - 0x00007ff843b54000 	C:\Windows\System32\SHELL32.dll
0x00007ff83f970000 - 0x00007ff840103000 	C:\Windows\SYSTEM32\windows.storage.dll
0x00007ff844140000 - 0x00007ff844494000 	C:\Windows\System32\combase.dll
0x00007ff841210000 - 0x00007ff84123e000 	C:\Windows\SYSTEM32\Wldp.dll
0x00007ff842d30000 - 0x00007ff842ddd000 	C:\Windows\System32\SHCORE.dll
0x00007ff8444a0000 - 0x00007ff8444f5000 	C:\Windows\System32\shlwapi.dll
0x00007ff841e60000 - 0x00007ff841e7f000 	C:\Windows\SYSTEM32\profapi.dll
0x00007ff83c270000 - 0x00007ff83c28a000 	C:\Program Files\Android\Android Studio\jre\bin\net.dll
0x00007ff839340000 - 0x00007ff83944a000 	C:\Windows\SYSTEM32\WINHTTP.dll
0x00007ff8410e0000 - 0x00007ff84114a000 	C:\Windows\system32\mswsock.dll
0x00007ff83c250000 - 0x00007ff83c264000 	C:\Program Files\Android\Android Studio\jre\bin\nio.dll
0x00007ff836ea0000 - 0x00007ff836ec7000 	C:\Users\hp\.gradle\native\e1d6ef7f7dcc3fd88c89a11ec53ec762bb8ba0a96d01ffa2cd45eb1d1d8dd5c5\windows-amd64\native-platform.dll
0x00007ff82ade0000 - 0x00007ff82af24000 	C:\Users\hp\.gradle\native\5664cfc778a61ccfe75a443a1ab52a65af34e5dc3c78e0209fed803814484fcb\windows-amd64\native-platform-file-events.dll
0x00007ff83c240000 - 0x00007ff83c24a000 	C:\Program Files\Android\Android Studio\jre\bin\management.dll
0x00007ff83c230000 - 0x00007ff83c23d000 	C:\Program Files\Android\Android Studio\jre\bin\management_ext.dll
0x00007ff841bd0000 - 0x00007ff841be8000 	C:\Windows\SYSTEM32\CRYPTSP.dll
0x00007ff8408f0000 - 0x00007ff840924000 	C:\Windows\system32\rsaenh.dll
0x00007ff842180000 - 0x00007ff8421a7000 	C:\Windows\System32\bcrypt.dll
0x00007ff841e20000 - 0x00007ff841e4e000 	C:\Windows\SYSTEM32\USERENV.dll
0x00007ff8411d0000 - 0x00007ff8411dc000 	C:\Windows\SYSTEM32\CRYPTBASE.dll
0x00007ff840c60000 - 0x00007ff840c9c000 	C:\Windows\SYSTEM32\IPHLPAPI.DLL
0x00007ff842d20000 - 0x00007ff842d28000 	C:\Windows\System32\NSI.dll
0x00007ff839a60000 - 0x00007ff839a77000 	C:\Windows\SYSTEM32\dhcpcsvc6.DLL
0x00007ff83a080000 - 0x00007ff83a09d000 	C:\Windows\SYSTEM32\dhcpcsvc.DLL
0x00007ff840ca0000 - 0x00007ff840d6b000 	C:\Windows\SYSTEM32\DNSAPI.dll
0x00007ff82ac10000 - 0x00007ff82ac2e000 	C:\Users\hp\AppData\Local\Temp\native-platform6069443928841951397dir\native-platform.dll
0x00007ff83d290000 - 0x00007ff83d298000 	C:\Program Files\Android\Android Studio\jre\bin\rmi.dll
0x00007ff82a5f0000 - 0x00007ff82a607000 	C:\Windows\system32\napinsp.dll
0x00007ff82a5d0000 - 0x00007ff82a5eb000 	C:\Windows\system32\pnrpnsp.dll
0x00007ff82a560000 - 0x00007ff82a575000 	C:\Windows\system32\wshbth.dll
0x00007ff83cd00000 - 0x00007ff83cd1d000 	C:\Windows\system32\NLAapi.dll
0x00007ff82a540000 - 0x00007ff82a552000 	C:\Windows\System32\winrnr.dll
0x00007ff834a50000 - 0x00007ff834a5a000 	C:\Windows\System32\rasadhlp.dll
0x00007ff834a60000 - 0x00007ff834ae0000 	C:\Windows\System32\fwpuclnt.dll
0x00007ff8231f0000 - 0x00007ff823217000 	C:\Program Files\Android\Android Studio\jre\bin\sunec.dll

dbghelp: loaded successfully - version: 4.0.5 - missing functions: none
symbol engine: initialized successfully - sym options: 0x614 - pdb path: .;C:\Program Files\Android\Android Studio\jre\bin;C:\Windows\SYSTEM32;C:\Windows\WinSxS\amd64_microsoft.windows.common-controls_6595b64144ccf1df_6.0.19041.1110_none_60b5254171f9507e;C:\Program Files\Android\Android Studio\jre\bin\server;C:\Users\hp\.gradle\native\e1d6ef7f7dcc3fd88c89a11ec53ec762bb8ba0a96d01ffa2cd45eb1d1d8dd5c5\windows-amd64;C:\Users\hp\.gradle\native\5664cfc778a61ccfe75a443a1ab52a65af34e5dc3c78e0209fed803814484fcb\windows-amd64;C:\Users\hp\AppData\Local\Temp\native-platform6069443928841951397dir

VM Arguments:
jvm_args: --add-opens=java.base/java.util=ALL-UNNAMED --add-opens=java.base/java.lang=ALL-UNNAMED --add-opens=java.base/java.lang.invoke=ALL-UNNAMED --add-opens=java.base/java.util=ALL-UNNAMED --add-opens=java.prefs/java.util.prefs=ALL-UNNAMED --add-opens=java.prefs/java.util.prefs=ALL-UNNAMED --add-opens=java.base/java.nio.charset=ALL-UNNAMED --add-opens=java.base/java.net=ALL-UNNAMED --add-opens=java.base/java.util.concurrent.atomic=ALL-UNNAMED -Xmx2048m -Dfile.encoding=UTF-8 -Duser.country=IN -Duser.language=en -Duser.variant 
java_command: org.gradle.launcher.daemon.bootstrap.GradleDaemon 7.3.3
java_class_path (initial): C:\Users\hp\.gradle\wrapper\dists\gradle-7.3.3-bin\6a41zxkdtcxs8rphpq6y0069z\gradle-7.3.3\lib\gradle-launcher-7.3.3.jar
Launcher Type: SUN_STANDARD

[Global flags]
     intx CICompilerCount                          = 4                                         {product} {ergonomic}
     uint ConcGCThreads                            = 2                                         {product} {ergonomic}
     uint G1ConcRefinementThreads                  = 8                                         {product} {ergonomic}
   size_t G1HeapRegionSize                         = 1048576                                   {product} {ergonomic}
    uintx GCDrainStackTargetSize                   = 64                                        {product} {ergonomic}
   size_t InitialHeapSize                          = 134217728                                 {product} {ergonomic}
   size_t MarkStackSize                            = 4194304                                   {product} {ergonomic}
   size_t MaxHeapSize                              = 2147483648                                {product} {command line}
   size_t MaxNewSize                               = 1287651328                                {product} {ergonomic}
   size_t MinHeapDeltaBytes                        = 1048576                                   {product} {ergonomic}
    uintx NonNMethodCodeHeapSize                   = 5836300                                {pd product} {ergonomic}
    uintx NonProfiledCodeHeapSize                  = 122910970                              {pd product} {ergonomic}
    uintx ProfiledCodeHeapSize                     = 122910970                              {pd product} {ergonomic}
    uintx ReservedCodeCacheSize                    = 251658240                              {pd product} {ergonomic}
     bool SegmentedCodeCache                       = true                                      {product} {ergonomic}
     bool UseCompressedClassPointers               = true                                 {lp64_product} {ergonomic}
     bool UseCompressedOops                        = true                                 {lp64_product} {ergonomic}
     bool UseG1GC                                  = true                                      {product} {ergonomic}
     bool UseLargePagesIndividualAllocation        = false                                  {pd product} {ergonomic}

Logging:
Log output configuration:
 #0: stdout all=warning uptime,level,tags
 #1: stderr all=off uptime,level,tags

Environment Variables:
PATH=C:\Windows\system32;C:\Windows;C:\Windows\System32\Wbem;C:\Windows\System32\WindowsPowerShell\v1.0\;C:\Windows\System32\OpenSSH\;C:\Program Files (x86)\ATI Technologies\ATI.ACE\Core-Static;C:\Program Files\Git\cmd;C:\Program Files\MySQL\MySQL Shell 8.0\bin\;C:\Users\hp\AppData\Local\Microsoft\WindowsApps;;C:\Program Files\JetBrains\IntelliJ IDEA Community Edition 2022.3.1\bin;
USERNAME=hp
OS=Windows_NT
PROCESSOR_IDENTIFIER=Intel64 Family 6 Model 58 Stepping 9, GenuineIntel



---------------  S Y S T E M  ---------------

OS: Windows 10 , 64 bit Build 19041 (10.0.19041.2788)
OS uptime: 1 days 19:00 hours

CPU:total 8 (initial active 8) (4 cores per cpu, 2 threads per core) family 6 model 58 stepping 9 microcode 0x21, cmov, cx8, fxsr, mmx, sse, sse2, sse3, ssse3, sse4.1, sse4.2, popcnt, avx, aes, clmul, erms, ht, tsc, tscinvbit, tscinv

Memory: 4k page, system-wide physical 8067M (1801M free)
TotalPageFile size 11267M (AvailPageFile size 4205M)
current process WorkingSet (physical memory assigned to process): 589M, peak: 595M
current process commit charge ("private bytes"): 626M, peak: 632M

vm_info: OpenJDK 64-Bit Server VM (11.0.13+0-b1751.21-8125866) for windows-amd64 JRE (11.0.13+0-b1751.21-8125866), built on Feb  2 2022 03:00:22 by "builder" with MS VC++ 14.0 (VS2015)

END.
